2022-06-08 17:18:51,256 INFO org.springframework.boot.StartupInfoLogger [main] Starting MyGamesListApplication using Java 17.0.2 on DESKTOP-AI0ENAG with PID 20296 (C:\Users\franm\OneDrive\Escritorio\PROYECTO FINAL\proyecto\myGamesListAPI\target\classes started by franm in C:\Users\franm\OneDrive\Escritorio\PROYECTO FINAL\proyecto\myGamesListAPI)
2022-06-08 17:18:51,267 INFO org.springframework.boot.SpringApplication [main] No active profile set, falling back to default profiles: default
2022-06-08 17:18:52,364 INFO org.springframework.data.repository.config.RepositoryConfigurationDelegate [main] Bootstrapping Spring Data JPA repositories in DEFAULT mode.
2022-06-08 17:18:52,573 INFO org.springframework.data.repository.config.RepositoryConfigurationDelegate [main] Finished Spring Data repository scanning in 197 ms. Found 3 JPA repository interfaces.
2022-06-08 17:18:53,729 INFO org.springframework.boot.web.embedded.tomcat.TomcatWebServer [main] Tomcat initialized with port(s): 8080 (http)
2022-06-08 17:18:53,743 INFO org.apache.juli.logging.DirectJDKLog [main] Initializing ProtocolHandler ["http-nio-8080"]
2022-06-08 17:18:53,744 INFO org.apache.juli.logging.DirectJDKLog [main] Starting service [Tomcat]
2022-06-08 17:18:53,744 INFO org.apache.juli.logging.DirectJDKLog [main] Starting Servlet engine: [Apache Tomcat/9.0.43]
2022-06-08 17:18:53,866 INFO org.apache.juli.logging.DirectJDKLog [main] Initializing Spring embedded WebApplicationContext
2022-06-08 17:18:53,866 INFO org.springframework.boot.web.servlet.context.ServletWebServerApplicationContext [main] Root WebApplicationContext: initialization completed in 2479 ms
2022-06-08 17:18:54,135 INFO org.hibernate.jpa.internal.util.LogHelper [main] HHH000204: Processing PersistenceUnitInfo [name: default]
2022-06-08 17:18:54,217 INFO org.hibernate.Version [main] HHH000412: Hibernate ORM core version 5.4.28.Final
2022-06-08 17:18:54,429 INFO org.hibernate.annotations.common.reflection.java.JavaReflectionManager [main] HCANN000001: Hibernate Commons Annotations {5.1.2.Final}
2022-06-08 17:18:54,548 INFO com.zaxxer.hikari.HikariDataSource [main] HikariPool-1 - Starting...
2022-06-08 17:18:55,012 INFO com.zaxxer.hikari.HikariDataSource [main] HikariPool-1 - Start completed.
2022-06-08 17:18:55,042 INFO org.hibernate.dialect.Dialect [main] HHH000400: Using dialect: org.hibernate.dialect.MySQL8Dialect
2022-06-08 17:18:56,023 INFO org.hibernate.engine.transaction.jta.platform.internal.JtaPlatformInitiator [main] HHH000490: Using JtaPlatform implementation: [org.hibernate.engine.transaction.jta.platform.internal.NoJtaPlatform]
2022-06-08 17:18:56,032 INFO org.springframework.orm.jpa.AbstractEntityManagerFactoryBean [main] Initialized JPA EntityManagerFactory for persistence unit 'default'
2022-06-08 17:18:56,546 WARN org.springframework.boot.autoconfigure.orm.jpa.JpaBaseConfiguration$JpaWebConfiguration [main] spring.jpa.open-in-view is enabled by default. Therefore, database queries may be performed during view rendering. Explicitly configure spring.jpa.open-in-view to disable this warning
2022-06-08 17:18:56,631 INFO org.springframework.scheduling.concurrent.ExecutorConfigurationSupport [main] Initializing ExecutorService 'applicationTaskExecutor'
2022-06-08 17:18:57,711 WARN org.springframework.boot.autoconfigure.thymeleaf.ThymeleafAutoConfiguration$DefaultTemplateResolverConfiguration [main] Cannot find template location: classpath:/templates/ (please add some templates or check your Thymeleaf configuration)
2022-06-08 17:18:57,913 INFO org.apache.juli.logging.DirectJDKLog [main] Starting ProtocolHandler ["http-nio-8080"]
2022-06-08 17:18:57,962 INFO org.springframework.boot.web.embedded.tomcat.TomcatWebServer [main] Tomcat started on port(s): 8080 (http) with context path ''
2022-06-08 17:18:57,970 INFO org.springframework.boot.StartupInfoLogger [main] Started MyGamesListApplication in 7.267 seconds (JVM running for 7.726)
2022-06-08 17:20:34,664 INFO org.apache.juli.logging.DirectJDKLog [http-nio-8080-exec-1] Initializing Spring DispatcherServlet 'dispatcherServlet'
2022-06-08 17:20:34,664 INFO org.springframework.web.servlet.FrameworkServlet [http-nio-8080-exec-1] Initializing Servlet 'dispatcherServlet'
2022-06-08 17:20:34,666 INFO org.springframework.web.servlet.FrameworkServlet [http-nio-8080-exec-1] Completed initialization in 1 ms
2022-06-08 17:20:35,661 INFO org.springdoc.api.AbstractOpenApiResource [http-nio-8080-exec-6] Init duration for springdoc-openapi is: 485 ms
2022-06-08 17:29:42,611 INFO org.springframework.boot.StartupInfoLogger [main] Starting MyGamesListApplication using Java 17.0.2 on DESKTOP-AI0ENAG with PID 17936 (C:\Users\franm\OneDrive\Escritorio\PROYECTO FINAL\proyecto\myGamesListAPI\target\classes started by franm in C:\Users\franm\OneDrive\Escritorio\PROYECTO FINAL\proyecto\myGamesListAPI)
2022-06-08 17:29:42,617 INFO org.springframework.boot.SpringApplication [main] No active profile set, falling back to default profiles: default
2022-06-08 17:29:43,540 INFO org.springframework.data.repository.config.RepositoryConfigurationDelegate [main] Bootstrapping Spring Data JPA repositories in DEFAULT mode.
2022-06-08 17:29:43,730 INFO org.springframework.data.repository.config.RepositoryConfigurationDelegate [main] Finished Spring Data repository scanning in 179 ms. Found 3 JPA repository interfaces.
2022-06-08 17:29:44,435 INFO org.springframework.boot.web.embedded.tomcat.TomcatWebServer [main] Tomcat initialized with port(s): 8080 (http)
2022-06-08 17:29:44,446 INFO org.apache.juli.logging.DirectJDKLog [main] Initializing ProtocolHandler ["http-nio-8080"]
2022-06-08 17:29:44,447 INFO org.apache.juli.logging.DirectJDKLog [main] Starting service [Tomcat]
2022-06-08 17:29:44,447 INFO org.apache.juli.logging.DirectJDKLog [main] Starting Servlet engine: [Apache Tomcat/9.0.43]
2022-06-08 17:29:44,560 INFO org.apache.juli.logging.DirectJDKLog [main] Initializing Spring embedded WebApplicationContext
2022-06-08 17:29:44,561 INFO org.springframework.boot.web.servlet.context.ServletWebServerApplicationContext [main] Root WebApplicationContext: initialization completed in 1839 ms
2022-06-08 17:29:44,814 INFO org.hibernate.jpa.internal.util.LogHelper [main] HHH000204: Processing PersistenceUnitInfo [name: default]
2022-06-08 17:29:44,871 INFO org.hibernate.Version [main] HHH000412: Hibernate ORM core version 5.4.28.Final
2022-06-08 17:29:45,016 INFO org.hibernate.annotations.common.reflection.java.JavaReflectionManager [main] HCANN000001: Hibernate Commons Annotations {5.1.2.Final}
2022-06-08 17:29:45,136 INFO com.zaxxer.hikari.HikariDataSource [main] HikariPool-1 - Starting...
2022-06-08 17:29:45,481 INFO com.zaxxer.hikari.HikariDataSource [main] HikariPool-1 - Start completed.
2022-06-08 17:29:45,512 INFO org.hibernate.dialect.Dialect [main] HHH000400: Using dialect: org.hibernate.dialect.MySQL8Dialect
2022-06-08 17:29:46,412 INFO org.hibernate.engine.transaction.jta.platform.internal.JtaPlatformInitiator [main] HHH000490: Using JtaPlatform implementation: [org.hibernate.engine.transaction.jta.platform.internal.NoJtaPlatform]
2022-06-08 17:29:46,423 INFO org.springframework.orm.jpa.AbstractEntityManagerFactoryBean [main] Initialized JPA EntityManagerFactory for persistence unit 'default'
2022-06-08 17:29:47,021 WARN org.springframework.boot.autoconfigure.orm.jpa.JpaBaseConfiguration$JpaWebConfiguration [main] spring.jpa.open-in-view is enabled by default. Therefore, database queries may be performed during view rendering. Explicitly configure spring.jpa.open-in-view to disable this warning
2022-06-08 17:29:47,098 INFO org.springframework.scheduling.concurrent.ExecutorConfigurationSupport [main] Initializing ExecutorService 'applicationTaskExecutor'
2022-06-08 17:29:48,166 WARN org.springframework.boot.autoconfigure.thymeleaf.ThymeleafAutoConfiguration$DefaultTemplateResolverConfiguration [main] Cannot find template location: classpath:/templates/ (please add some templates or check your Thymeleaf configuration)
2022-06-08 17:29:48,365 INFO org.apache.juli.logging.DirectJDKLog [main] Starting ProtocolHandler ["http-nio-8080"]
2022-06-08 17:29:48,428 INFO org.springframework.boot.web.embedded.tomcat.TomcatWebServer [main] Tomcat started on port(s): 8080 (http) with context path ''
2022-06-08 17:29:48,437 INFO org.springframework.boot.StartupInfoLogger [main] Started MyGamesListApplication in 6.334 seconds (JVM running for 6.749)
2022-06-08 17:31:17,570 INFO org.springframework.boot.StartupInfoLogger [main] Starting MyGamesListApplication using Java 17.0.2 on DESKTOP-AI0ENAG with PID 13944 (C:\Users\franm\OneDrive\Escritorio\PROYECTO FINAL\proyecto\myGamesListAPI\target\classes started by franm in C:\Users\franm\OneDrive\Escritorio\PROYECTO FINAL\proyecto\myGamesListAPI)
2022-06-08 17:31:17,580 INFO org.springframework.boot.SpringApplication [main] No active profile set, falling back to default profiles: default
2022-06-08 17:31:18,471 INFO org.springframework.data.repository.config.RepositoryConfigurationDelegate [main] Bootstrapping Spring Data JPA repositories in DEFAULT mode.
2022-06-08 17:31:18,665 INFO org.springframework.data.repository.config.RepositoryConfigurationDelegate [main] Finished Spring Data repository scanning in 178 ms. Found 3 JPA repository interfaces.
2022-06-08 17:31:19,356 INFO org.springframework.boot.web.embedded.tomcat.TomcatWebServer [main] Tomcat initialized with port(s): 8080 (http)
2022-06-08 17:31:19,366 INFO org.apache.juli.logging.DirectJDKLog [main] Initializing ProtocolHandler ["http-nio-8080"]
2022-06-08 17:31:19,367 INFO org.apache.juli.logging.DirectJDKLog [main] Starting service [Tomcat]
2022-06-08 17:31:19,367 INFO org.apache.juli.logging.DirectJDKLog [main] Starting Servlet engine: [Apache Tomcat/9.0.43]
2022-06-08 17:31:19,471 INFO org.apache.juli.logging.DirectJDKLog [main] Initializing Spring embedded WebApplicationContext
2022-06-08 17:31:19,472 INFO org.springframework.boot.web.servlet.context.ServletWebServerApplicationContext [main] Root WebApplicationContext: initialization completed in 1819 ms
2022-06-08 17:31:19,720 INFO org.hibernate.jpa.internal.util.LogHelper [main] HHH000204: Processing PersistenceUnitInfo [name: default]
2022-06-08 17:31:19,777 INFO org.hibernate.Version [main] HHH000412: Hibernate ORM core version 5.4.28.Final
2022-06-08 17:31:19,915 INFO org.hibernate.annotations.common.reflection.java.JavaReflectionManager [main] HCANN000001: Hibernate Commons Annotations {5.1.2.Final}
2022-06-08 17:31:20,045 INFO com.zaxxer.hikari.HikariDataSource [main] HikariPool-1 - Starting...
2022-06-08 17:31:20,391 INFO com.zaxxer.hikari.HikariDataSource [main] HikariPool-1 - Start completed.
2022-06-08 17:31:20,422 INFO org.hibernate.dialect.Dialect [main] HHH000400: Using dialect: org.hibernate.dialect.MySQL8Dialect
2022-06-08 17:31:21,308 INFO org.hibernate.engine.transaction.jta.platform.internal.JtaPlatformInitiator [main] HHH000490: Using JtaPlatform implementation: [org.hibernate.engine.transaction.jta.platform.internal.NoJtaPlatform]
2022-06-08 17:31:21,317 INFO org.springframework.orm.jpa.AbstractEntityManagerFactoryBean [main] Initialized JPA EntityManagerFactory for persistence unit 'default'
2022-06-08 17:31:21,782 WARN org.springframework.boot.autoconfigure.orm.jpa.JpaBaseConfiguration$JpaWebConfiguration [main] spring.jpa.open-in-view is enabled by default. Therefore, database queries may be performed during view rendering. Explicitly configure spring.jpa.open-in-view to disable this warning
2022-06-08 17:31:21,859 INFO org.springframework.scheduling.concurrent.ExecutorConfigurationSupport [main] Initializing ExecutorService 'applicationTaskExecutor'
2022-06-08 17:31:22,997 WARN org.springframework.boot.autoconfigure.thymeleaf.ThymeleafAutoConfiguration$DefaultTemplateResolverConfiguration [main] Cannot find template location: classpath:/templates/ (please add some templates or check your Thymeleaf configuration)
2022-06-08 17:31:23,182 INFO org.apache.juli.logging.DirectJDKLog [main] Starting ProtocolHandler ["http-nio-8080"]
2022-06-08 17:31:23,231 INFO org.springframework.boot.web.embedded.tomcat.TomcatWebServer [main] Tomcat started on port(s): 8080 (http) with context path ''
2022-06-08 17:31:23,244 INFO org.springframework.boot.StartupInfoLogger [main] Started MyGamesListApplication in 6.171 seconds (JVM running for 6.581)
2022-06-08 17:32:10,649 INFO org.apache.juli.logging.DirectJDKLog [http-nio-8080-exec-1] Initializing Spring DispatcherServlet 'dispatcherServlet'
2022-06-08 17:32:10,650 INFO org.springframework.web.servlet.FrameworkServlet [http-nio-8080-exec-1] Initializing Servlet 'dispatcherServlet'
2022-06-08 17:32:10,652 INFO org.springframework.web.servlet.FrameworkServlet [http-nio-8080-exec-1] Completed initialization in 1 ms
2022-06-08 17:32:12,798 INFO org.springdoc.api.AbstractOpenApiResource [http-nio-8080-exec-3] Init duration for springdoc-openapi is: 919 ms
2022-06-08 17:35:38,610 WARN org.springframework.web.servlet.handler.AbstractHandlerExceptionResolver [http-nio-8080-exec-7] Resolved [org.springframework.http.converter.HttpMessageNotReadableException: JSON parse error: Illegal unquoted character ((CTRL-CHAR, code 10)): has to be escaped using backslash to be included in string value; nested exception is com.fasterxml.jackson.databind.JsonMappingException: Illegal unquoted character ((CTRL-CHAR, code 10)): has to be escaped using backslash to be included in string value
 at [Source: (PushbackInputStream); line: 4, column: 26] (through reference chain: com.tfg.myGamesList.model.domain.GameResumeNoId["genre"])]
2022-06-08 17:39:59,357 INFO com.tfg.myGamesList.controller.GameController [http-nio-8080-exec-3] start getGames
2022-06-08 17:39:59,509 INFO com.tfg.myGamesList.controller.GameController [http-nio-8080-exec-3] finish getGames
2022-06-08 17:40:21,744 INFO com.tfg.myGamesList.controller.GameController [http-nio-8080-exec-6] start getGames
2022-06-08 17:40:21,750 INFO com.tfg.myGamesList.controller.GameController [http-nio-8080-exec-6] finish getGames
2022-06-08 18:48:43,800 INFO org.springframework.boot.StartupInfoLogger [main] Starting MyGamesListApplication using Java 17.0.2 on DESKTOP-AI0ENAG with PID 20272 (C:\Users\franm\OneDrive\Escritorio\PROYECTO FINAL\proyecto\myGamesListAPI\target\classes started by franm in C:\Users\franm\OneDrive\Escritorio\PROYECTO FINAL\proyecto\myGamesListAPI)
2022-06-08 18:48:43,805 INFO org.springframework.boot.SpringApplication [main] No active profile set, falling back to default profiles: default
2022-06-08 18:48:45,122 INFO org.springframework.data.repository.config.RepositoryConfigurationDelegate [main] Bootstrapping Spring Data JPA repositories in DEFAULT mode.
2022-06-08 18:48:45,365 INFO org.springframework.data.repository.config.RepositoryConfigurationDelegate [main] Finished Spring Data repository scanning in 223 ms. Found 3 JPA repository interfaces.
2022-06-08 18:48:46,292 INFO org.springframework.boot.web.embedded.tomcat.TomcatWebServer [main] Tomcat initialized with port(s): 8080 (http)
2022-06-08 18:48:46,306 INFO org.apache.juli.logging.DirectJDKLog [main] Initializing ProtocolHandler ["http-nio-8080"]
2022-06-08 18:48:46,308 INFO org.apache.juli.logging.DirectJDKLog [main] Starting service [Tomcat]
2022-06-08 18:48:46,309 INFO org.apache.juli.logging.DirectJDKLog [main] Starting Servlet engine: [Apache Tomcat/9.0.43]
2022-06-08 18:48:46,436 INFO org.apache.juli.logging.DirectJDKLog [main] Initializing Spring embedded WebApplicationContext
2022-06-08 18:48:46,437 INFO org.springframework.boot.web.servlet.context.ServletWebServerApplicationContext [main] Root WebApplicationContext: initialization completed in 2558 ms
2022-06-08 18:48:46,711 INFO org.hibernate.jpa.internal.util.LogHelper [main] HHH000204: Processing PersistenceUnitInfo [name: default]
2022-06-08 18:48:46,783 INFO org.hibernate.Version [main] HHH000412: Hibernate ORM core version 5.4.28.Final
2022-06-08 18:48:46,958 INFO org.hibernate.annotations.common.reflection.java.JavaReflectionManager [main] HCANN000001: Hibernate Commons Annotations {5.1.2.Final}
2022-06-08 18:48:47,123 INFO com.zaxxer.hikari.HikariDataSource [main] HikariPool-1 - Starting...
2022-06-08 18:48:47,501 INFO com.zaxxer.hikari.HikariDataSource [main] HikariPool-1 - Start completed.
2022-06-08 18:48:47,530 INFO org.hibernate.dialect.Dialect [main] HHH000400: Using dialect: org.hibernate.dialect.MySQL8Dialect
2022-06-08 18:48:48,378 INFO org.hibernate.engine.transaction.jta.platform.internal.JtaPlatformInitiator [main] HHH000490: Using JtaPlatform implementation: [org.hibernate.engine.transaction.jta.platform.internal.NoJtaPlatform]
2022-06-08 18:48:48,386 INFO org.springframework.orm.jpa.AbstractEntityManagerFactoryBean [main] Initialized JPA EntityManagerFactory for persistence unit 'default'
2022-06-08 18:48:48,893 WARN org.springframework.boot.autoconfigure.orm.jpa.JpaBaseConfiguration$JpaWebConfiguration [main] spring.jpa.open-in-view is enabled by default. Therefore, database queries may be performed during view rendering. Explicitly configure spring.jpa.open-in-view to disable this warning
2022-06-08 18:48:48,978 INFO org.springframework.scheduling.concurrent.ExecutorConfigurationSupport [main] Initializing ExecutorService 'applicationTaskExecutor'
2022-06-08 18:48:50,238 WARN org.springframework.boot.autoconfigure.thymeleaf.ThymeleafAutoConfiguration$DefaultTemplateResolverConfiguration [main] Cannot find template location: classpath:/templates/ (please add some templates or check your Thymeleaf configuration)
2022-06-08 18:48:50,564 INFO org.apache.juli.logging.DirectJDKLog [main] Starting ProtocolHandler ["http-nio-8080"]
2022-06-08 18:48:50,681 INFO org.springframework.boot.web.embedded.tomcat.TomcatWebServer [main] Tomcat started on port(s): 8080 (http) with context path ''
2022-06-08 18:48:50,691 INFO org.springframework.boot.StartupInfoLogger [main] Started MyGamesListApplication in 7.653 seconds (JVM running for 8.169)
2022-06-08 18:50:34,323 INFO org.apache.juli.logging.DirectJDKLog [http-nio-8080-exec-1] Initializing Spring DispatcherServlet 'dispatcherServlet'
2022-06-08 18:50:34,324 INFO org.springframework.web.servlet.FrameworkServlet [http-nio-8080-exec-1] Initializing Servlet 'dispatcherServlet'
2022-06-08 18:50:34,325 INFO org.springframework.web.servlet.FrameworkServlet [http-nio-8080-exec-1] Completed initialization in 1 ms
2022-06-08 18:50:34,370 INFO com.tfg.myGamesList.controller.GameController [http-nio-8080-exec-1] start getGames
2022-06-08 18:50:34,520 INFO com.tfg.myGamesList.controller.GameController [http-nio-8080-exec-1] finish getGames
2022-06-08 18:51:05,713 INFO com.tfg.myGamesList.controller.GameController [http-nio-8080-exec-2] start getGames
2022-06-08 18:51:05,719 INFO com.tfg.myGamesList.controller.GameController [http-nio-8080-exec-2] finish getGames
2022-06-08 18:51:26,854 INFO com.tfg.myGamesList.controller.GameController [http-nio-8080-exec-3] start getGames
2022-06-08 18:51:26,863 INFO com.tfg.myGamesList.controller.GameController [http-nio-8080-exec-3] finish getGames
2022-06-08 18:51:31,987 INFO com.tfg.myGamesList.controller.GameController [http-nio-8080-exec-4] start getGames
2022-06-08 18:51:31,993 INFO com.tfg.myGamesList.controller.GameController [http-nio-8080-exec-4] finish getGames
2022-06-08 18:56:08,917 INFO com.tfg.myGamesList.controller.GameController [http-nio-8080-exec-5] start getGames
2022-06-08 18:56:08,924 INFO com.tfg.myGamesList.controller.GameController [http-nio-8080-exec-5] finish getGames
2022-06-08 18:56:49,790 INFO com.tfg.myGamesList.controller.GameController [http-nio-8080-exec-7] start getGames
2022-06-08 18:56:49,799 INFO com.tfg.myGamesList.controller.GameController [http-nio-8080-exec-7] finish getGames
2022-06-08 18:57:29,200 INFO com.tfg.myGamesList.controller.GameController [http-nio-8080-exec-8] start getGames
2022-06-08 18:57:29,206 INFO com.tfg.myGamesList.controller.GameController [http-nio-8080-exec-8] finish getGames
2022-06-08 18:57:53,186 INFO com.tfg.myGamesList.controller.GameController [http-nio-8080-exec-9] start getGames
2022-06-08 18:57:53,192 INFO com.tfg.myGamesList.controller.GameController [http-nio-8080-exec-9] finish getGames
2022-06-08 18:58:01,312 INFO com.tfg.myGamesList.controller.GameController [http-nio-8080-exec-10] start getGames
2022-06-08 18:58:01,320 INFO com.tfg.myGamesList.controller.GameController [http-nio-8080-exec-10] finish getGames
2022-06-08 18:58:06,159 INFO com.tfg.myGamesList.controller.GameController [http-nio-8080-exec-1] start getGames
2022-06-08 18:58:06,168 INFO com.tfg.myGamesList.controller.GameController [http-nio-8080-exec-1] finish getGames
2022-06-08 18:58:11,186 INFO com.tfg.myGamesList.controller.GameController [http-nio-8080-exec-2] start getGames
2022-06-08 18:58:11,193 INFO com.tfg.myGamesList.controller.GameController [http-nio-8080-exec-2] finish getGames
2022-06-08 18:58:14,505 INFO com.tfg.myGamesList.controller.GameController [http-nio-8080-exec-3] start getGames
2022-06-08 18:58:14,513 INFO com.tfg.myGamesList.controller.GameController [http-nio-8080-exec-3] finish getGames
2022-06-08 18:58:17,321 INFO com.tfg.myGamesList.controller.GameController [http-nio-8080-exec-4] start getGames
2022-06-08 18:58:17,325 INFO com.tfg.myGamesList.controller.GameController [http-nio-8080-exec-4] finish getGames
2022-06-08 18:58:20,465 INFO com.tfg.myGamesList.controller.GameController [http-nio-8080-exec-6] start getGames
2022-06-08 18:58:20,470 INFO com.tfg.myGamesList.controller.GameController [http-nio-8080-exec-6] finish getGames
2022-06-08 18:59:31,177 INFO com.tfg.myGamesList.controller.GameController [http-nio-8080-exec-7] start getGames
2022-06-08 18:59:31,182 INFO com.tfg.myGamesList.controller.GameController [http-nio-8080-exec-7] finish getGames
2022-06-08 18:59:50,560 INFO com.tfg.myGamesList.controller.GameController [http-nio-8080-exec-8] start getGames
2022-06-08 18:59:50,566 INFO com.tfg.myGamesList.controller.GameController [http-nio-8080-exec-8] finish getGames
2022-06-08 19:01:59,833 INFO com.tfg.myGamesList.controller.GameController [http-nio-8080-exec-10] start getGames
2022-06-08 19:01:59,839 INFO com.tfg.myGamesList.controller.GameController [http-nio-8080-exec-10] finish getGames
2022-06-08 19:06:33,014 INFO com.tfg.myGamesList.controller.GameController [http-nio-8080-exec-2] start getGames
2022-06-08 19:06:33,019 INFO com.tfg.myGamesList.controller.GameController [http-nio-8080-exec-2] finish getGames
2022-06-08 19:06:43,938 INFO com.tfg.myGamesList.controller.GameController [http-nio-8080-exec-3] start getGames
2022-06-08 19:06:43,943 INFO com.tfg.myGamesList.controller.GameController [http-nio-8080-exec-3] finish getGames
2022-06-08 19:07:04,680 INFO com.tfg.myGamesList.controller.GameController [http-nio-8080-exec-4] start getGames
2022-06-08 19:07:04,685 INFO com.tfg.myGamesList.controller.GameController [http-nio-8080-exec-4] finish getGames
2022-06-08 19:10:15,025 INFO com.tfg.myGamesList.controller.GameController [http-nio-8080-exec-5] start getGames
2022-06-08 19:10:15,031 INFO com.tfg.myGamesList.controller.GameController [http-nio-8080-exec-5] finish getGames
2022-06-08 19:10:20,296 INFO com.tfg.myGamesList.controller.GameController [http-nio-8080-exec-7] start getGames
2022-06-08 19:10:20,304 INFO com.tfg.myGamesList.controller.GameController [http-nio-8080-exec-7] finish getGames
2022-06-08 19:19:56,553 INFO com.tfg.myGamesList.controller.GameController [http-nio-8080-exec-9] start getGames
2022-06-08 19:19:56,560 INFO com.tfg.myGamesList.controller.GameController [http-nio-8080-exec-9] finish getGames
2022-06-08 19:22:12,632 INFO com.tfg.myGamesList.controller.GameController [http-nio-8080-exec-1] start getGames
2022-06-08 19:22:12,636 INFO com.tfg.myGamesList.controller.GameController [http-nio-8080-exec-1] finish getGames
2022-06-08 19:22:37,117 INFO com.tfg.myGamesList.controller.GameController [http-nio-8080-exec-2] start getGames
2022-06-08 19:22:37,122 INFO com.tfg.myGamesList.controller.GameController [http-nio-8080-exec-2] finish getGames
2022-06-08 19:23:15,255 INFO com.tfg.myGamesList.controller.GameController [http-nio-8080-exec-3] start getGames
2022-06-08 19:23:15,261 INFO com.tfg.myGamesList.controller.GameController [http-nio-8080-exec-3] finish getGames
2022-06-08 19:25:19,816 INFO com.tfg.myGamesList.controller.GameController [http-nio-8080-exec-6] start getGames
2022-06-08 19:25:19,824 INFO com.tfg.myGamesList.controller.GameController [http-nio-8080-exec-6] finish getGames
2022-06-08 19:33:11,560 INFO com.tfg.myGamesList.controller.GameController [http-nio-8080-exec-7] start getGames
2022-06-08 19:33:11,566 INFO com.tfg.myGamesList.controller.GameController [http-nio-8080-exec-7] finish getGames
2022-06-08 19:34:03,158 INFO com.tfg.myGamesList.controller.GameController [http-nio-8080-exec-8] start getGames
2022-06-08 19:34:03,162 INFO com.tfg.myGamesList.controller.GameController [http-nio-8080-exec-8] finish getGames
2022-06-08 19:38:20,540 INFO com.tfg.myGamesList.controller.GameController [http-nio-8080-exec-10] start getGames
2022-06-08 19:38:20,549 INFO com.tfg.myGamesList.controller.GameController [http-nio-8080-exec-10] finish getGames
2022-06-08 19:41:12,781 INFO com.tfg.myGamesList.controller.GameController [http-nio-8080-exec-2] start getGames
2022-06-08 19:41:12,839 INFO com.tfg.myGamesList.controller.GameController [http-nio-8080-exec-2] finish getGames
2022-06-08 19:42:10,197 INFO com.tfg.myGamesList.controller.GameController [http-nio-8080-exec-3] start getGames
2022-06-08 19:42:10,203 INFO com.tfg.myGamesList.controller.GameController [http-nio-8080-exec-3] finish getGames
2022-06-08 19:43:19,396 INFO com.tfg.myGamesList.controller.GameController [http-nio-8080-exec-6] start getGames
2022-06-08 19:43:19,401 INFO com.tfg.myGamesList.controller.GameController [http-nio-8080-exec-6] finish getGames
2022-06-08 19:44:41,079 INFO com.tfg.myGamesList.controller.GameController [http-nio-8080-exec-7] start getGames
2022-06-08 19:44:41,084 INFO com.tfg.myGamesList.controller.GameController [http-nio-8080-exec-7] finish getGames
2022-06-08 19:45:06,492 INFO com.tfg.myGamesList.controller.GameController [http-nio-8080-exec-8] start getGames
2022-06-08 19:45:06,496 INFO com.tfg.myGamesList.controller.GameController [http-nio-8080-exec-8] finish getGames
2022-06-08 19:55:10,459 INFO com.tfg.myGamesList.controller.GameController [http-nio-8080-exec-10] start getGames
2022-06-08 19:55:10,465 INFO com.tfg.myGamesList.controller.GameController [http-nio-8080-exec-10] finish getGames
2022-06-08 19:55:42,076 INFO com.tfg.myGamesList.controller.GameController [http-nio-8080-exec-1] start getGames
2022-06-08 19:55:42,080 INFO com.tfg.myGamesList.controller.GameController [http-nio-8080-exec-1] finish getGames
2022-06-08 19:55:51,449 INFO com.tfg.myGamesList.controller.GameController [http-nio-8080-exec-2] start getGames
2022-06-08 19:55:51,455 INFO com.tfg.myGamesList.controller.GameController [http-nio-8080-exec-2] finish getGames
2022-06-08 19:56:00,057 INFO com.tfg.myGamesList.controller.GameController [http-nio-8080-exec-3] start getGames
2022-06-08 19:56:00,061 INFO com.tfg.myGamesList.controller.GameController [http-nio-8080-exec-3] finish getGames
2022-06-08 19:56:03,825 INFO com.tfg.myGamesList.controller.GameController [http-nio-8080-exec-4] start getGames
2022-06-08 19:56:03,829 INFO com.tfg.myGamesList.controller.GameController [http-nio-8080-exec-4] finish getGames
2022-06-08 19:56:14,359 INFO com.tfg.myGamesList.controller.GameController [http-nio-8080-exec-6] start getGames
2022-06-08 19:56:14,364 INFO com.tfg.myGamesList.controller.GameController [http-nio-8080-exec-6] finish getGames
2022-06-08 19:56:28,849 INFO com.tfg.myGamesList.controller.GameController [http-nio-8080-exec-5] start getGames
2022-06-08 19:56:28,855 INFO com.tfg.myGamesList.controller.GameController [http-nio-8080-exec-5] finish getGames
2022-06-08 19:56:40,432 INFO com.tfg.myGamesList.controller.GameController [http-nio-8080-exec-7] start getGames
2022-06-08 19:56:40,437 INFO com.tfg.myGamesList.controller.GameController [http-nio-8080-exec-7] finish getGames
2022-06-08 19:57:08,348 INFO com.tfg.myGamesList.controller.GameController [http-nio-8080-exec-8] start getGames
2022-06-08 19:57:08,353 INFO com.tfg.myGamesList.controller.GameController [http-nio-8080-exec-8] finish getGames
2022-06-08 19:57:10,948 INFO com.tfg.myGamesList.controller.GameController [http-nio-8080-exec-9] start getGames
2022-06-08 19:57:10,954 INFO com.tfg.myGamesList.controller.GameController [http-nio-8080-exec-9] finish getGames
2022-06-08 19:57:32,235 INFO com.tfg.myGamesList.controller.GameController [http-nio-8080-exec-10] start getGames
2022-06-08 19:57:32,240 INFO com.tfg.myGamesList.controller.GameController [http-nio-8080-exec-10] finish getGames
2022-06-08 19:57:47,327 INFO com.tfg.myGamesList.controller.GameController [http-nio-8080-exec-1] start getGames
2022-06-08 19:57:47,331 INFO com.tfg.myGamesList.controller.GameController [http-nio-8080-exec-1] finish getGames
2022-06-08 19:58:00,766 INFO com.tfg.myGamesList.controller.GameController [http-nio-8080-exec-2] start getGames
2022-06-08 19:58:00,773 INFO com.tfg.myGamesList.controller.GameController [http-nio-8080-exec-2] finish getGames
2022-06-08 19:59:09,512 INFO com.tfg.myGamesList.controller.GameController [http-nio-8080-exec-4] start getGames
2022-06-08 19:59:09,515 INFO com.tfg.myGamesList.controller.GameController [http-nio-8080-exec-4] finish getGames
2022-06-08 19:59:46,396 INFO com.tfg.myGamesList.controller.GameController [http-nio-8080-exec-6] start getGames
2022-06-08 19:59:46,400 INFO com.tfg.myGamesList.controller.GameController [http-nio-8080-exec-6] finish getGames
2022-06-08 20:00:56,280 INFO com.tfg.myGamesList.controller.GameController [http-nio-8080-exec-7] start getGames
2022-06-08 20:00:56,284 INFO com.tfg.myGamesList.controller.GameController [http-nio-8080-exec-7] finish getGames
2022-06-08 20:01:23,667 INFO com.tfg.myGamesList.controller.GameController [http-nio-8080-exec-8] start getGames
2022-06-08 20:01:23,671 INFO com.tfg.myGamesList.controller.GameController [http-nio-8080-exec-8] finish getGames
2022-06-08 20:02:20,945 INFO com.tfg.myGamesList.controller.GameController [http-nio-8080-exec-9] start getGames
2022-06-08 20:02:20,952 INFO com.tfg.myGamesList.controller.GameController [http-nio-8080-exec-9] finish getGames
2022-06-08 20:02:27,666 INFO com.tfg.myGamesList.controller.GameController [http-nio-8080-exec-10] start getGames
2022-06-08 20:02:27,672 INFO com.tfg.myGamesList.controller.GameController [http-nio-8080-exec-10] finish getGames
2022-06-08 20:03:16,382 INFO com.tfg.myGamesList.controller.GameController [http-nio-8080-exec-1] start getGames
2022-06-08 20:03:16,385 INFO com.tfg.myGamesList.controller.GameController [http-nio-8080-exec-1] finish getGames
2022-06-08 20:05:13,469 INFO com.tfg.myGamesList.controller.GameController [http-nio-8080-exec-3] start getGames
2022-06-08 20:05:13,473 INFO com.tfg.myGamesList.controller.GameController [http-nio-8080-exec-3] finish getGames
2022-06-08 20:07:21,642 INFO com.tfg.myGamesList.controller.GameController [http-nio-8080-exec-6] start getGames
2022-06-08 20:07:21,646 INFO com.tfg.myGamesList.controller.GameController [http-nio-8080-exec-6] finish getGames
2022-06-08 20:07:32,498 INFO com.tfg.myGamesList.controller.GameController [http-nio-8080-exec-5] start getGames
2022-06-08 20:07:32,503 INFO com.tfg.myGamesList.controller.GameController [http-nio-8080-exec-5] finish getGames
2022-06-08 20:07:37,910 INFO com.tfg.myGamesList.controller.GameController [http-nio-8080-exec-7] start getGames
2022-06-08 20:07:37,914 INFO com.tfg.myGamesList.controller.GameController [http-nio-8080-exec-7] finish getGames
2022-06-08 20:07:54,993 INFO com.tfg.myGamesList.controller.GameController [http-nio-8080-exec-8] start getGames
2022-06-08 20:07:54,998 INFO com.tfg.myGamesList.controller.GameController [http-nio-8080-exec-8] finish getGames
2022-06-08 20:08:02,799 INFO com.tfg.myGamesList.controller.GameController [http-nio-8080-exec-9] start getGames
2022-06-08 20:08:02,803 INFO com.tfg.myGamesList.controller.GameController [http-nio-8080-exec-9] finish getGames
2022-06-08 20:11:43,019 INFO com.tfg.myGamesList.controller.GameController [http-nio-8080-exec-1] start getGames
2022-06-08 20:11:43,028 INFO com.tfg.myGamesList.controller.GameController [http-nio-8080-exec-1] finish getGames
2022-06-08 20:12:17,936 INFO com.tfg.myGamesList.controller.GameController [http-nio-8080-exec-2] start getGames
2022-06-08 20:12:17,943 INFO com.tfg.myGamesList.controller.GameController [http-nio-8080-exec-2] finish getGames
2022-06-08 20:13:04,965 INFO com.tfg.myGamesList.controller.GameController [http-nio-8080-exec-3] start getGames
2022-06-08 20:13:04,969 INFO com.tfg.myGamesList.controller.GameController [http-nio-8080-exec-3] finish getGames
2022-06-08 20:13:42,581 INFO com.tfg.myGamesList.controller.GameController [http-nio-8080-exec-4] start getGames
2022-06-08 20:13:42,588 INFO com.tfg.myGamesList.controller.GameController [http-nio-8080-exec-4] finish getGames
2022-06-08 20:16:09,271 INFO com.tfg.myGamesList.controller.GameController [http-nio-8080-exec-5] start getGames
2022-06-08 20:16:09,280 INFO com.tfg.myGamesList.controller.GameController [http-nio-8080-exec-5] finish getGames
2022-06-08 20:16:17,159 INFO com.tfg.myGamesList.controller.GameController [http-nio-8080-exec-7] start getGames
2022-06-08 20:16:17,168 INFO com.tfg.myGamesList.controller.GameController [http-nio-8080-exec-7] finish getGames
2022-06-08 20:16:52,821 INFO com.tfg.myGamesList.controller.GameController [http-nio-8080-exec-8] start getGames
2022-06-08 20:16:52,825 INFO com.tfg.myGamesList.controller.GameController [http-nio-8080-exec-8] finish getGames
2022-06-08 20:17:58,768 INFO com.tfg.myGamesList.controller.GameController [http-nio-8080-exec-10] start getGames
2022-06-08 20:17:58,774 INFO com.tfg.myGamesList.controller.GameController [http-nio-8080-exec-10] finish getGames
2022-06-08 20:18:30,647 INFO com.tfg.myGamesList.controller.GameController [http-nio-8080-exec-1] start getGames
2022-06-08 20:18:30,651 INFO com.tfg.myGamesList.controller.GameController [http-nio-8080-exec-1] finish getGames
2022-06-08 20:18:46,673 INFO com.tfg.myGamesList.controller.GameController [http-nio-8080-exec-2] start getGames
2022-06-08 20:18:46,676 INFO com.tfg.myGamesList.controller.GameController [http-nio-8080-exec-2] finish getGames
2022-06-08 20:19:13,087 INFO com.tfg.myGamesList.controller.GameController [http-nio-8080-exec-3] start getGames
2022-06-08 20:19:13,091 INFO com.tfg.myGamesList.controller.GameController [http-nio-8080-exec-3] finish getGames
2022-06-08 20:24:10,513 INFO com.tfg.myGamesList.controller.GameController [http-nio-8080-exec-6] start getGames
2022-06-08 20:24:10,517 INFO com.tfg.myGamesList.controller.GameController [http-nio-8080-exec-6] finish getGames
2022-06-08 20:28:26,047 INFO com.tfg.myGamesList.controller.GameController [http-nio-8080-exec-7] start getGames
2022-06-08 20:28:26,051 INFO com.tfg.myGamesList.controller.GameController [http-nio-8080-exec-7] finish getGames
2022-06-08 20:28:34,092 INFO com.tfg.myGamesList.controller.GameController [http-nio-8080-exec-8] start getGames
2022-06-08 20:28:34,097 INFO com.tfg.myGamesList.controller.GameController [http-nio-8080-exec-8] finish getGames
2022-06-08 20:29:18,323 INFO com.tfg.myGamesList.controller.GameController [http-nio-8080-exec-9] start getGames
2022-06-08 20:29:18,328 INFO com.tfg.myGamesList.controller.GameController [http-nio-8080-exec-9] finish getGames
2022-06-08 20:29:22,390 INFO com.tfg.myGamesList.controller.GameController [http-nio-8080-exec-10] start getGames
2022-06-08 20:29:22,394 INFO com.tfg.myGamesList.controller.GameController [http-nio-8080-exec-10] finish getGames
2022-06-08 20:30:56,304 INFO com.tfg.myGamesList.controller.GameController [http-nio-8080-exec-2] start getGames
2022-06-08 20:30:56,307 INFO com.tfg.myGamesList.controller.GameController [http-nio-8080-exec-2] finish getGames
2022-06-08 20:31:40,958 INFO com.tfg.myGamesList.controller.GameController [http-nio-8080-exec-3] start getGames
2022-06-08 20:31:40,962 INFO com.tfg.myGamesList.controller.GameController [http-nio-8080-exec-3] finish getGames
2022-06-08 20:32:43,443 INFO com.tfg.myGamesList.controller.GameController [http-nio-8080-exec-6] start getGames
2022-06-08 20:32:43,448 INFO com.tfg.myGamesList.controller.GameController [http-nio-8080-exec-6] finish getGames
2022-06-08 20:32:58,569 INFO com.tfg.myGamesList.controller.GameController [http-nio-8080-exec-5] start getGames
2022-06-08 20:32:58,574 INFO com.tfg.myGamesList.controller.GameController [http-nio-8080-exec-5] finish getGames
2022-06-08 20:33:00,536 INFO com.tfg.myGamesList.controller.GameController [http-nio-8080-exec-7] start getGames
2022-06-08 20:33:00,539 INFO com.tfg.myGamesList.controller.GameController [http-nio-8080-exec-7] finish getGames
2022-06-08 20:33:07,779 INFO com.tfg.myGamesList.controller.GameController [http-nio-8080-exec-8] start getGames
2022-06-08 20:33:07,787 INFO com.tfg.myGamesList.controller.GameController [http-nio-8080-exec-8] finish getGames
2022-06-08 20:33:25,890 INFO com.tfg.myGamesList.controller.GameController [http-nio-8080-exec-9] start getGames
2022-06-08 20:33:25,893 INFO com.tfg.myGamesList.controller.GameController [http-nio-8080-exec-9] finish getGames
2022-06-08 20:33:49,160 INFO com.tfg.myGamesList.controller.GameController [http-nio-8080-exec-10] start getGames
2022-06-08 20:33:49,163 INFO com.tfg.myGamesList.controller.GameController [http-nio-8080-exec-10] finish getGames
2022-06-08 20:34:10,325 INFO com.tfg.myGamesList.controller.GameController [http-nio-8080-exec-1] start getGames
2022-06-08 20:34:10,329 INFO com.tfg.myGamesList.controller.GameController [http-nio-8080-exec-1] finish getGames
2022-06-08 20:34:19,460 INFO com.tfg.myGamesList.controller.GameController [http-nio-8080-exec-2] start getGames
2022-06-08 20:34:19,467 INFO com.tfg.myGamesList.controller.GameController [http-nio-8080-exec-2] finish getGames
2022-06-08 20:34:24,584 INFO com.tfg.myGamesList.controller.GameController [http-nio-8080-exec-3] start getGames
2022-06-08 20:34:24,589 INFO com.tfg.myGamesList.controller.GameController [http-nio-8080-exec-3] finish getGames
2022-06-08 20:34:31,475 INFO com.tfg.myGamesList.controller.GameController [http-nio-8080-exec-4] start getGames
2022-06-08 20:34:31,479 INFO com.tfg.myGamesList.controller.GameController [http-nio-8080-exec-4] finish getGames
2022-06-08 20:35:31,715 INFO com.tfg.myGamesList.controller.GameController [http-nio-8080-exec-6] start getGames
2022-06-08 20:35:31,721 INFO com.tfg.myGamesList.controller.GameController [http-nio-8080-exec-6] finish getGames
2022-06-08 20:35:36,275 INFO com.tfg.myGamesList.controller.GameController [http-nio-8080-exec-5] start getGames
2022-06-08 20:35:36,279 INFO com.tfg.myGamesList.controller.GameController [http-nio-8080-exec-5] finish getGames
2022-06-08 20:35:47,663 INFO com.tfg.myGamesList.controller.GameController [http-nio-8080-exec-7] start getGames
2022-06-08 20:35:47,669 INFO com.tfg.myGamesList.controller.GameController [http-nio-8080-exec-7] finish getGames
2022-06-08 20:36:02,088 INFO com.tfg.myGamesList.controller.GameController [http-nio-8080-exec-8] start getGames
2022-06-08 20:36:02,092 INFO com.tfg.myGamesList.controller.GameController [http-nio-8080-exec-8] finish getGames
2022-06-08 20:36:35,283 INFO com.tfg.myGamesList.controller.GameController [http-nio-8080-exec-9] start getGames
2022-06-08 20:36:35,288 INFO com.tfg.myGamesList.controller.GameController [http-nio-8080-exec-9] finish getGames
