2022-06-01 19:17:48,028 INFO org.springframework.boot.StartupInfoLogger [main] Starting MyGamesListApplication using Java 17.0.2 on DESKTOP-AI0ENAG with PID 15912 (C:\Users\franm\OneDrive\Escritorio\PROYECTO FINAL\proyecto\myGamesListAPI\target\classes started by franm in C:\Users\franm\OneDrive\Escritorio\PROYECTO FINAL\proyecto\myGamesListAPI)
2022-06-01 19:17:48,058 INFO org.springframework.boot.SpringApplication [main] No active profile set, falling back to default profiles: default
2022-06-01 19:17:49,082 INFO org.springframework.data.repository.config.RepositoryConfigurationDelegate [main] Bootstrapping Spring Data JPA repositories in DEFAULT mode.
2022-06-01 19:17:49,318 INFO org.springframework.data.repository.config.RepositoryConfigurationDelegate [main] Finished Spring Data repository scanning in 225 ms. Found 3 JPA repository interfaces.
2022-06-01 19:17:50,126 INFO org.springframework.boot.web.embedded.tomcat.TomcatWebServer [main] Tomcat initialized with port(s): 8080 (http)
2022-06-01 19:17:50,141 INFO org.apache.juli.logging.DirectJDKLog [main] Initializing ProtocolHandler ["http-nio-8080"]
2022-06-01 19:17:50,142 INFO org.apache.juli.logging.DirectJDKLog [main] Starting service [Tomcat]
2022-06-01 19:17:50,143 INFO org.apache.juli.logging.DirectJDKLog [main] Starting Servlet engine: [Apache Tomcat/9.0.43]
2022-06-01 19:17:50,275 INFO org.apache.juli.logging.DirectJDKLog [main] Initializing Spring embedded WebApplicationContext
2022-06-01 19:17:50,275 INFO org.springframework.boot.web.servlet.context.ServletWebServerApplicationContext [main] Root WebApplicationContext: initialization completed in 2128 ms
2022-06-01 19:17:50,548 INFO org.hibernate.jpa.internal.util.LogHelper [main] HHH000204: Processing PersistenceUnitInfo [name: default]
2022-06-01 19:17:50,619 INFO org.hibernate.Version [main] HHH000412: Hibernate ORM core version 5.4.28.Final
2022-06-01 19:17:50,833 INFO org.hibernate.annotations.common.reflection.java.JavaReflectionManager [main] HCANN000001: Hibernate Commons Annotations {5.1.2.Final}
2022-06-01 19:17:50,953 INFO com.zaxxer.hikari.HikariDataSource [main] HikariPool-1 - Starting...
2022-06-01 19:17:51,459 INFO com.zaxxer.hikari.HikariDataSource [main] HikariPool-1 - Start completed.
2022-06-01 19:17:51,495 INFO org.hibernate.dialect.Dialect [main] HHH000400: Using dialect: org.hibernate.dialect.MySQL8Dialect
2022-06-01 19:17:52,714 INFO org.hibernate.engine.transaction.jta.platform.internal.JtaPlatformInitiator [main] HHH000490: Using JtaPlatform implementation: [org.hibernate.engine.transaction.jta.platform.internal.NoJtaPlatform]
2022-06-01 19:17:52,726 INFO org.springframework.orm.jpa.AbstractEntityManagerFactoryBean [main] Initialized JPA EntityManagerFactory for persistence unit 'default'
2022-06-01 19:17:53,577 WARN org.springframework.boot.autoconfigure.orm.jpa.JpaBaseConfiguration$JpaWebConfiguration [main] spring.jpa.open-in-view is enabled by default. Therefore, database queries may be performed during view rendering. Explicitly configure spring.jpa.open-in-view to disable this warning
2022-06-01 19:17:53,669 INFO org.springframework.scheduling.concurrent.ExecutorConfigurationSupport [main] Initializing ExecutorService 'applicationTaskExecutor'
2022-06-01 19:17:54,710 WARN org.springframework.boot.autoconfigure.thymeleaf.ThymeleafAutoConfiguration$DefaultTemplateResolverConfiguration [main] Cannot find template location: classpath:/templates/ (please add some templates or check your Thymeleaf configuration)
2022-06-01 19:17:54,980 INFO org.apache.juli.logging.DirectJDKLog [main] Starting ProtocolHandler ["http-nio-8080"]
2022-06-01 19:17:55,058 INFO org.springframework.boot.web.embedded.tomcat.TomcatWebServer [main] Tomcat started on port(s): 8080 (http) with context path ''
2022-06-01 19:17:55,068 INFO org.springframework.boot.StartupInfoLogger [main] Started MyGamesListApplication in 7.607 seconds (JVM running for 8.065)
2022-06-01 19:39:52,683 INFO org.springframework.boot.StartupInfoLogger [main] Starting MyGamesListApplication using Java 17.0.2 on DESKTOP-AI0ENAG with PID 21132 (C:\Users\franm\OneDrive\Escritorio\PROYECTO FINAL\proyecto\myGamesListAPI\target\classes started by franm in C:\Users\franm\OneDrive\Escritorio\PROYECTO FINAL\proyecto\myGamesListAPI)
2022-06-01 19:39:52,687 INFO org.springframework.boot.SpringApplication [main] No active profile set, falling back to default profiles: default
2022-06-01 19:39:53,707 INFO org.springframework.data.repository.config.RepositoryConfigurationDelegate [main] Bootstrapping Spring Data JPA repositories in DEFAULT mode.
2022-06-01 19:39:53,900 INFO org.springframework.data.repository.config.RepositoryConfigurationDelegate [main] Finished Spring Data repository scanning in 178 ms. Found 3 JPA repository interfaces.
2022-06-01 19:39:54,678 INFO org.springframework.boot.web.embedded.tomcat.TomcatWebServer [main] Tomcat initialized with port(s): 8080 (http)
2022-06-01 19:39:54,690 INFO org.apache.juli.logging.DirectJDKLog [main] Initializing ProtocolHandler ["http-nio-8080"]
2022-06-01 19:39:54,690 INFO org.apache.juli.logging.DirectJDKLog [main] Starting service [Tomcat]
2022-06-01 19:39:54,691 INFO org.apache.juli.logging.DirectJDKLog [main] Starting Servlet engine: [Apache Tomcat/9.0.43]
2022-06-01 19:39:54,807 INFO org.apache.juli.logging.DirectJDKLog [main] Initializing Spring embedded WebApplicationContext
2022-06-01 19:39:54,807 INFO org.springframework.boot.web.servlet.context.ServletWebServerApplicationContext [main] Root WebApplicationContext: initialization completed in 2031 ms
2022-06-01 19:39:55,065 INFO org.hibernate.jpa.internal.util.LogHelper [main] HHH000204: Processing PersistenceUnitInfo [name: default]
2022-06-01 19:39:55,138 INFO org.hibernate.Version [main] HHH000412: Hibernate ORM core version 5.4.28.Final
2022-06-01 19:39:55,322 INFO org.hibernate.annotations.common.reflection.java.JavaReflectionManager [main] HCANN000001: Hibernate Commons Annotations {5.1.2.Final}
2022-06-01 19:39:55,449 INFO com.zaxxer.hikari.HikariDataSource [main] HikariPool-1 - Starting...
2022-06-01 19:39:55,826 INFO com.zaxxer.hikari.HikariDataSource [main] HikariPool-1 - Start completed.
2022-06-01 19:39:55,862 INFO org.hibernate.dialect.Dialect [main] HHH000400: Using dialect: org.hibernate.dialect.MySQL8Dialect
2022-06-01 19:39:56,818 INFO org.hibernate.engine.transaction.jta.platform.internal.JtaPlatformInitiator [main] HHH000490: Using JtaPlatform implementation: [org.hibernate.engine.transaction.jta.platform.internal.NoJtaPlatform]
2022-06-01 19:39:56,826 INFO org.springframework.orm.jpa.AbstractEntityManagerFactoryBean [main] Initialized JPA EntityManagerFactory for persistence unit 'default'
2022-06-01 19:39:57,304 WARN org.springframework.boot.autoconfigure.orm.jpa.JpaBaseConfiguration$JpaWebConfiguration [main] spring.jpa.open-in-view is enabled by default. Therefore, database queries may be performed during view rendering. Explicitly configure spring.jpa.open-in-view to disable this warning
2022-06-01 19:39:57,406 INFO org.springframework.scheduling.concurrent.ExecutorConfigurationSupport [main] Initializing ExecutorService 'applicationTaskExecutor'
2022-06-01 19:39:58,422 WARN org.springframework.boot.autoconfigure.thymeleaf.ThymeleafAutoConfiguration$DefaultTemplateResolverConfiguration [main] Cannot find template location: classpath:/templates/ (please add some templates or check your Thymeleaf configuration)
2022-06-01 19:39:58,653 INFO org.apache.juli.logging.DirectJDKLog [main] Starting ProtocolHandler ["http-nio-8080"]
2022-06-01 19:39:58,714 INFO org.springframework.boot.web.embedded.tomcat.TomcatWebServer [main] Tomcat started on port(s): 8080 (http) with context path ''
2022-06-01 19:39:58,724 INFO org.springframework.boot.StartupInfoLogger [main] Started MyGamesListApplication in 6.54 seconds (JVM running for 6.986)
2022-06-01 19:48:29,282 INFO org.springframework.boot.StartupInfoLogger [main] Starting MyGamesListApplication using Java 17.0.2 on DESKTOP-AI0ENAG with PID 19196 (C:\Users\franm\OneDrive\Escritorio\PROYECTO FINAL\proyecto\myGamesListAPI\target\classes started by franm in C:\Users\franm\OneDrive\Escritorio\PROYECTO FINAL\proyecto\myGamesListAPI)
2022-06-01 19:48:29,288 INFO org.springframework.boot.SpringApplication [main] No active profile set, falling back to default profiles: default
2022-06-01 19:48:30,465 INFO org.springframework.data.repository.config.RepositoryConfigurationDelegate [main] Bootstrapping Spring Data JPA repositories in DEFAULT mode.
2022-06-01 19:48:30,696 INFO org.springframework.data.repository.config.RepositoryConfigurationDelegate [main] Finished Spring Data repository scanning in 212 ms. Found 3 JPA repository interfaces.
2022-06-01 19:48:31,575 INFO org.springframework.boot.web.embedded.tomcat.TomcatWebServer [main] Tomcat initialized with port(s): 8080 (http)
2022-06-01 19:48:31,589 INFO org.apache.juli.logging.DirectJDKLog [main] Initializing ProtocolHandler ["http-nio-8080"]
2022-06-01 19:48:31,591 INFO org.apache.juli.logging.DirectJDKLog [main] Starting service [Tomcat]
2022-06-01 19:48:31,591 INFO org.apache.juli.logging.DirectJDKLog [main] Starting Servlet engine: [Apache Tomcat/9.0.43]
2022-06-01 19:48:31,731 INFO org.apache.juli.logging.DirectJDKLog [main] Initializing Spring embedded WebApplicationContext
2022-06-01 19:48:31,731 INFO org.springframework.boot.web.servlet.context.ServletWebServerApplicationContext [main] Root WebApplicationContext: initialization completed in 2303 ms
2022-06-01 19:48:32,043 INFO org.hibernate.jpa.internal.util.LogHelper [main] HHH000204: Processing PersistenceUnitInfo [name: default]
2022-06-01 19:48:32,099 INFO org.hibernate.Version [main] HHH000412: Hibernate ORM core version 5.4.28.Final
2022-06-01 19:48:32,256 INFO org.hibernate.annotations.common.reflection.java.JavaReflectionManager [main] HCANN000001: Hibernate Commons Annotations {5.1.2.Final}
2022-06-01 19:48:32,386 INFO com.zaxxer.hikari.HikariDataSource [main] HikariPool-1 - Starting...
2022-06-01 19:48:32,843 INFO com.zaxxer.hikari.HikariDataSource [main] HikariPool-1 - Start completed.
2022-06-01 19:48:32,875 INFO org.hibernate.dialect.Dialect [main] HHH000400: Using dialect: org.hibernate.dialect.MySQL8Dialect
2022-06-01 19:48:34,330 INFO org.hibernate.engine.transaction.jta.platform.internal.JtaPlatformInitiator [main] HHH000490: Using JtaPlatform implementation: [org.hibernate.engine.transaction.jta.platform.internal.NoJtaPlatform]
2022-06-01 19:48:34,342 INFO org.springframework.orm.jpa.AbstractEntityManagerFactoryBean [main] Initialized JPA EntityManagerFactory for persistence unit 'default'
2022-06-01 19:48:39,923 WARN org.springframework.boot.autoconfigure.orm.jpa.JpaBaseConfiguration$JpaWebConfiguration [main] spring.jpa.open-in-view is enabled by default. Therefore, database queries may be performed during view rendering. Explicitly configure spring.jpa.open-in-view to disable this warning
2022-06-01 19:48:40,581 INFO org.springframework.scheduling.concurrent.ExecutorConfigurationSupport [main] Initializing ExecutorService 'applicationTaskExecutor'
2022-06-01 19:48:47,637 WARN org.springframework.boot.autoconfigure.thymeleaf.ThymeleafAutoConfiguration$DefaultTemplateResolverConfiguration [main] Cannot find template location: classpath:/templates/ (please add some templates or check your Thymeleaf configuration)
2022-06-01 19:48:49,680 INFO org.apache.juli.logging.DirectJDKLog [main] Starting ProtocolHandler ["http-nio-8080"]
2022-06-01 19:48:49,771 INFO org.springframework.boot.web.embedded.tomcat.TomcatWebServer [main] Tomcat started on port(s): 8080 (http) with context path ''
2022-06-01 19:48:49,930 INFO org.springframework.boot.StartupInfoLogger [main] Started MyGamesListApplication in 21.431 seconds (JVM running for 22.237)
2022-06-01 20:01:03,229 INFO org.springframework.boot.StartupInfoLogger [main] Starting MyGamesListApplication using Java 17.0.2 on DESKTOP-AI0ENAG with PID 20572 (C:\Users\franm\OneDrive\Escritorio\PROYECTO FINAL\proyecto\myGamesListAPI\target\classes started by franm in C:\Users\franm\OneDrive\Escritorio\PROYECTO FINAL\proyecto\myGamesListAPI)
2022-06-01 20:01:03,233 INFO org.springframework.boot.SpringApplication [main] No active profile set, falling back to default profiles: default
2022-06-01 20:01:04,267 INFO org.springframework.data.repository.config.RepositoryConfigurationDelegate [main] Bootstrapping Spring Data JPA repositories in DEFAULT mode.
2022-06-01 20:01:04,453 INFO org.springframework.data.repository.config.RepositoryConfigurationDelegate [main] Finished Spring Data repository scanning in 172 ms. Found 3 JPA repository interfaces.
2022-06-01 20:01:05,533 INFO org.springframework.boot.web.embedded.tomcat.TomcatWebServer [main] Tomcat initialized with port(s): 8080 (http)
2022-06-01 20:01:05,545 INFO org.apache.juli.logging.DirectJDKLog [main] Initializing ProtocolHandler ["http-nio-8080"]
2022-06-01 20:01:05,546 INFO org.apache.juli.logging.DirectJDKLog [main] Starting service [Tomcat]
2022-06-01 20:01:05,547 INFO org.apache.juli.logging.DirectJDKLog [main] Starting Servlet engine: [Apache Tomcat/9.0.43]
2022-06-01 20:01:05,690 INFO org.apache.juli.logging.DirectJDKLog [main] Initializing Spring embedded WebApplicationContext
2022-06-01 20:01:05,690 INFO org.springframework.boot.web.servlet.context.ServletWebServerApplicationContext [main] Root WebApplicationContext: initialization completed in 2380 ms
2022-06-01 20:01:06,018 INFO org.hibernate.jpa.internal.util.LogHelper [main] HHH000204: Processing PersistenceUnitInfo [name: default]
2022-06-01 20:01:06,076 INFO org.hibernate.Version [main] HHH000412: Hibernate ORM core version 5.4.28.Final
2022-06-01 20:01:06,222 INFO org.hibernate.annotations.common.reflection.java.JavaReflectionManager [main] HCANN000001: Hibernate Commons Annotations {5.1.2.Final}
2022-06-01 20:01:06,360 INFO com.zaxxer.hikari.HikariDataSource [main] HikariPool-1 - Starting...
2022-06-01 20:01:06,830 INFO com.zaxxer.hikari.HikariDataSource [main] HikariPool-1 - Start completed.
2022-06-01 20:01:06,861 INFO org.hibernate.dialect.Dialect [main] HHH000400: Using dialect: org.hibernate.dialect.MySQL8Dialect
2022-06-01 20:01:07,758 INFO org.hibernate.engine.transaction.jta.platform.internal.JtaPlatformInitiator [main] HHH000490: Using JtaPlatform implementation: [org.hibernate.engine.transaction.jta.platform.internal.NoJtaPlatform]
2022-06-01 20:01:07,768 INFO org.springframework.orm.jpa.AbstractEntityManagerFactoryBean [main] Initialized JPA EntityManagerFactory for persistence unit 'default'
2022-06-01 20:01:08,247 WARN org.springframework.boot.autoconfigure.orm.jpa.JpaBaseConfiguration$JpaWebConfiguration [main] spring.jpa.open-in-view is enabled by default. Therefore, database queries may be performed during view rendering. Explicitly configure spring.jpa.open-in-view to disable this warning
2022-06-01 20:01:08,329 INFO org.springframework.scheduling.concurrent.ExecutorConfigurationSupport [main] Initializing ExecutorService 'applicationTaskExecutor'
2022-06-01 20:01:09,277 WARN org.springframework.boot.autoconfigure.thymeleaf.ThymeleafAutoConfiguration$DefaultTemplateResolverConfiguration [main] Cannot find template location: classpath:/templates/ (please add some templates or check your Thymeleaf configuration)
2022-06-01 20:01:09,532 INFO org.apache.juli.logging.DirectJDKLog [main] Starting ProtocolHandler ["http-nio-8080"]
2022-06-01 20:01:09,561 INFO org.springframework.boot.web.embedded.tomcat.TomcatWebServer [main] Tomcat started on port(s): 8080 (http) with context path ''
2022-06-01 20:01:09,570 INFO org.springframework.boot.StartupInfoLogger [main] Started MyGamesListApplication in 6.854 seconds (JVM running for 7.332)
2022-06-01 20:01:37,701 INFO org.apache.juli.logging.DirectJDKLog [http-nio-8080-exec-1] Initializing Spring DispatcherServlet 'dispatcherServlet'
2022-06-01 20:01:37,701 INFO org.springframework.web.servlet.FrameworkServlet [http-nio-8080-exec-1] Initializing Servlet 'dispatcherServlet'
2022-06-01 20:01:37,704 INFO org.springframework.web.servlet.FrameworkServlet [http-nio-8080-exec-1] Completed initialization in 2 ms
2022-06-01 20:01:38,808 INFO org.springdoc.api.AbstractOpenApiResource [http-nio-8080-exec-6] Init duration for springdoc-openapi is: 557 ms
2022-06-01 20:02:07,101 INFO org.springframework.boot.StartupInfoLogger [main] Starting MyGamesListApplication using Java 17.0.2 on DESKTOP-AI0ENAG with PID 13000 (C:\Users\franm\OneDrive\Escritorio\PROYECTO FINAL\proyecto\myGamesListAPI\target\classes started by franm in C:\Users\franm\OneDrive\Escritorio\PROYECTO FINAL\proyecto\myGamesListAPI)
2022-06-01 20:02:07,111 INFO org.springframework.boot.SpringApplication [main] No active profile set, falling back to default profiles: default
2022-06-01 20:02:08,001 INFO org.springframework.data.repository.config.RepositoryConfigurationDelegate [main] Bootstrapping Spring Data JPA repositories in DEFAULT mode.
2022-06-01 20:02:08,194 INFO org.springframework.data.repository.config.RepositoryConfigurationDelegate [main] Finished Spring Data repository scanning in 180 ms. Found 3 JPA repository interfaces.
2022-06-01 20:02:08,900 INFO org.springframework.boot.web.embedded.tomcat.TomcatWebServer [main] Tomcat initialized with port(s): 8080 (http)
2022-06-01 20:02:08,910 INFO org.apache.juli.logging.DirectJDKLog [main] Initializing ProtocolHandler ["http-nio-8080"]
2022-06-01 20:02:08,911 INFO org.apache.juli.logging.DirectJDKLog [main] Starting service [Tomcat]
2022-06-01 20:02:08,911 INFO org.apache.juli.logging.DirectJDKLog [main] Starting Servlet engine: [Apache Tomcat/9.0.43]
2022-06-01 20:02:09,020 INFO org.apache.juli.logging.DirectJDKLog [main] Initializing Spring embedded WebApplicationContext
2022-06-01 20:02:09,020 INFO org.springframework.boot.web.servlet.context.ServletWebServerApplicationContext [main] Root WebApplicationContext: initialization completed in 1852 ms
2022-06-01 20:02:09,255 INFO org.hibernate.jpa.internal.util.LogHelper [main] HHH000204: Processing PersistenceUnitInfo [name: default]
2022-06-01 20:02:09,315 INFO org.hibernate.Version [main] HHH000412: Hibernate ORM core version 5.4.28.Final
2022-06-01 20:02:09,460 INFO org.hibernate.annotations.common.reflection.java.JavaReflectionManager [main] HCANN000001: Hibernate Commons Annotations {5.1.2.Final}
2022-06-01 20:02:09,583 INFO com.zaxxer.hikari.HikariDataSource [main] HikariPool-1 - Starting...
2022-06-01 20:02:09,960 INFO com.zaxxer.hikari.HikariDataSource [main] HikariPool-1 - Start completed.
2022-06-01 20:02:09,993 INFO org.hibernate.dialect.Dialect [main] HHH000400: Using dialect: org.hibernate.dialect.MySQL8Dialect
2022-06-01 20:02:10,820 INFO org.hibernate.engine.transaction.jta.platform.internal.JtaPlatformInitiator [main] HHH000490: Using JtaPlatform implementation: [org.hibernate.engine.transaction.jta.platform.internal.NoJtaPlatform]
2022-06-01 20:02:10,829 INFO org.springframework.orm.jpa.AbstractEntityManagerFactoryBean [main] Initialized JPA EntityManagerFactory for persistence unit 'default'
2022-06-01 20:02:11,273 WARN org.springframework.boot.autoconfigure.orm.jpa.JpaBaseConfiguration$JpaWebConfiguration [main] spring.jpa.open-in-view is enabled by default. Therefore, database queries may be performed during view rendering. Explicitly configure spring.jpa.open-in-view to disable this warning
2022-06-01 20:02:11,351 INFO org.springframework.scheduling.concurrent.ExecutorConfigurationSupport [main] Initializing ExecutorService 'applicationTaskExecutor'
2022-06-01 20:02:12,267 WARN org.springframework.boot.autoconfigure.thymeleaf.ThymeleafAutoConfiguration$DefaultTemplateResolverConfiguration [main] Cannot find template location: classpath:/templates/ (please add some templates or check your Thymeleaf configuration)
2022-06-01 20:02:12,469 INFO org.apache.juli.logging.DirectJDKLog [main] Starting ProtocolHandler ["http-nio-8080"]
2022-06-01 20:02:12,569 INFO org.springframework.boot.web.embedded.tomcat.TomcatWebServer [main] Tomcat started on port(s): 8080 (http) with context path ''
2022-06-01 20:02:12,587 INFO org.springframework.boot.StartupInfoLogger [main] Started MyGamesListApplication in 5.983 seconds (JVM running for 6.405)
2022-06-01 20:02:24,441 INFO org.apache.juli.logging.DirectJDKLog [http-nio-8080-exec-1] Initializing Spring DispatcherServlet 'dispatcherServlet'
2022-06-01 20:02:24,442 INFO org.springframework.web.servlet.FrameworkServlet [http-nio-8080-exec-1] Initializing Servlet 'dispatcherServlet'
2022-06-01 20:02:24,443 INFO org.springframework.web.servlet.FrameworkServlet [http-nio-8080-exec-1] Completed initialization in 1 ms
2022-06-01 20:02:25,485 INFO org.springdoc.api.AbstractOpenApiResource [http-nio-8080-exec-4] Init duration for springdoc-openapi is: 685 ms
2022-06-01 20:07:43,055 ERROR org.apache.juli.logging.DirectJDKLog [http-nio-8080-exec-7] Servlet.service() for servlet [dispatcherServlet] in context with path [] threw exception [Request processing failed; nested exception is org.springframework.http.converter.HttpMessageConversionException: Type definition error: [simple type, class com.tfg.myGamesList.model.domain.ClientResumeNoId]; nested exception is com.fasterxml.jackson.databind.exc.InvalidDefinitionException: Cannot construct instance of `com.tfg.myGamesList.model.domain.ClientResumeNoId` (no Creators, like default constructor, exist): cannot deserialize from Object value (no delegate- or property-based Creator)
 at [Source: (PushbackInputStream); line: 1, column: 2]] with root cause
com.fasterxml.jackson.databind.exc.InvalidDefinitionException: Cannot construct instance of `com.tfg.myGamesList.model.domain.ClientResumeNoId` (no Creators, like default constructor, exist): cannot deserialize from Object value (no delegate- or property-based Creator)
 at [Source: (PushbackInputStream); line: 1, column: 2]
	at com.fasterxml.jackson.databind.exc.InvalidDefinitionException.from(InvalidDefinitionException.java:67)
	at com.fasterxml.jackson.databind.DeserializationContext.reportBadDefinition(DeserializationContext.java:1615)
	at com.fasterxml.jackson.databind.DatabindContext.reportBadDefinition(DatabindContext.java:400)
	at com.fasterxml.jackson.databind.DeserializationContext.handleMissingInstantiator(DeserializationContext.java:1077)
	at com.fasterxml.jackson.databind.deser.BeanDeserializerBase.deserializeFromObjectUsingNonDefault(BeanDeserializerBase.java:1332)
	at com.fasterxml.jackson.databind.deser.BeanDeserializer.deserializeFromObject(BeanDeserializer.java:331)
	at com.fasterxml.jackson.databind.deser.BeanDeserializer.deserialize(BeanDeserializer.java:164)
	at com.fasterxml.jackson.databind.ObjectMapper._readMapAndClose(ObjectMapper.java:4526)
	at com.fasterxml.jackson.databind.ObjectMapper.readValue(ObjectMapper.java:3521)
	at org.springframework.http.converter.json.AbstractJackson2HttpMessageConverter.readJavaType(AbstractJackson2HttpMessageConverter.java:376)
	at org.springframework.http.converter.json.AbstractJackson2HttpMessageConverter.read(AbstractJackson2HttpMessageConverter.java:342)
	at org.springframework.web.servlet.mvc.method.annotation.AbstractMessageConverterMethodArgumentResolver.readWithMessageConverters(AbstractMessageConverterMethodArgumentResolver.java:186)
	at org.springframework.web.servlet.mvc.method.annotation.RequestResponseBodyMethodProcessor.readWithMessageConverters(RequestResponseBodyMethodProcessor.java:158)
	at org.springframework.web.servlet.mvc.method.annotation.RequestResponseBodyMethodProcessor.resolveArgument(RequestResponseBodyMethodProcessor.java:131)
	at org.springframework.web.method.support.HandlerMethodArgumentResolverComposite.resolveArgument(HandlerMethodArgumentResolverComposite.java:121)
	at org.springframework.web.method.support.InvocableHandlerMethod.getMethodArgumentValues(InvocableHandlerMethod.java:170)
	at org.springframework.web.method.support.InvocableHandlerMethod.invokeForRequest(InvocableHandlerMethod.java:137)
	at org.springframework.web.servlet.mvc.method.annotation.ServletInvocableHandlerMethod.invokeAndHandle(ServletInvocableHandlerMethod.java:106)
	at org.springframework.web.servlet.mvc.method.annotation.RequestMappingHandlerAdapter.invokeHandlerMethod(RequestMappingHandlerAdapter.java:894)
	at org.springframework.web.servlet.mvc.method.annotation.RequestMappingHandlerAdapter.handleInternal(RequestMappingHandlerAdapter.java:808)
	at org.springframework.web.servlet.mvc.method.AbstractHandlerMethodAdapter.handle(AbstractHandlerMethodAdapter.java:87)
	at org.springframework.web.servlet.DispatcherServlet.doDispatch(DispatcherServlet.java:1060)
	at org.springframework.web.servlet.DispatcherServlet.doService(DispatcherServlet.java:962)
	at org.springframework.web.servlet.FrameworkServlet.processRequest(FrameworkServlet.java:1006)
	at org.springframework.web.servlet.FrameworkServlet.doPost(FrameworkServlet.java:909)
	at javax.servlet.http.HttpServlet.service(HttpServlet.java:652)
	at org.springframework.web.servlet.FrameworkServlet.service(FrameworkServlet.java:883)
	at javax.servlet.http.HttpServlet.service(HttpServlet.java:733)
	at org.apache.catalina.core.ApplicationFilterChain.internalDoFilter(ApplicationFilterChain.java:227)
	at org.apache.catalina.core.ApplicationFilterChain.doFilter(ApplicationFilterChain.java:162)
	at org.apache.tomcat.websocket.server.WsFilter.doFilter(WsFilter.java:53)
	at org.apache.catalina.core.ApplicationFilterChain.internalDoFilter(ApplicationFilterChain.java:189)
	at org.apache.catalina.core.ApplicationFilterChain.doFilter(ApplicationFilterChain.java:162)
	at org.springframework.web.servlet.resource.ResourceUrlEncodingFilter.doFilter(ResourceUrlEncodingFilter.java:67)
	at org.apache.catalina.core.ApplicationFilterChain.internalDoFilter(ApplicationFilterChain.java:189)
	at org.apache.catalina.core.ApplicationFilterChain.doFilter(ApplicationFilterChain.java:162)
	at org.springframework.web.filter.RequestContextFilter.doFilterInternal(RequestContextFilter.java:100)
	at org.springframework.web.filter.OncePerRequestFilter.doFilter(OncePerRequestFilter.java:119)
	at org.apache.catalina.core.ApplicationFilterChain.internalDoFilter(ApplicationFilterChain.java:189)
	at org.apache.catalina.core.ApplicationFilterChain.doFilter(ApplicationFilterChain.java:162)
	at org.springframework.web.filter.FormContentFilter.doFilterInternal(FormContentFilter.java:93)
	at org.springframework.web.filter.OncePerRequestFilter.doFilter(OncePerRequestFilter.java:119)
	at org.apache.catalina.core.ApplicationFilterChain.internalDoFilter(ApplicationFilterChain.java:189)
	at org.apache.catalina.core.ApplicationFilterChain.doFilter(ApplicationFilterChain.java:162)
	at org.springframework.web.filter.CharacterEncodingFilter.doFilterInternal(CharacterEncodingFilter.java:201)
	at org.springframework.web.filter.OncePerRequestFilter.doFilter(OncePerRequestFilter.java:119)
	at org.apache.catalina.core.ApplicationFilterChain.internalDoFilter(ApplicationFilterChain.java:189)
	at org.apache.catalina.core.ApplicationFilterChain.doFilter(ApplicationFilterChain.java:162)
	at org.apache.catalina.core.StandardWrapperValve.invoke(StandardWrapperValve.java:202)
	at org.apache.catalina.core.StandardContextValve.invoke(StandardContextValve.java:97)
	at org.apache.catalina.authenticator.AuthenticatorBase.invoke(AuthenticatorBase.java:542)
	at org.apache.catalina.core.StandardHostValve.invoke(StandardHostValve.java:143)
	at org.apache.catalina.valves.ErrorReportValve.invoke(ErrorReportValve.java:92)
	at org.apache.catalina.core.StandardEngineValve.invoke(StandardEngineValve.java:78)
	at org.apache.catalina.connector.CoyoteAdapter.service(CoyoteAdapter.java:346)
	at org.apache.coyote.http11.Http11Processor.service(Http11Processor.java:374)
	at org.apache.coyote.AbstractProcessorLight.process(AbstractProcessorLight.java:65)
	at org.apache.coyote.AbstractProtocol$ConnectionHandler.process(AbstractProtocol.java:887)
	at org.apache.tomcat.util.net.NioEndpoint$SocketProcessor.doRun(NioEndpoint.java:1684)
	at org.apache.tomcat.util.net.SocketProcessorBase.run(SocketProcessorBase.java:49)
	at java.base/java.util.concurrent.ThreadPoolExecutor.runWorker(ThreadPoolExecutor.java:1136)
	at java.base/java.util.concurrent.ThreadPoolExecutor$Worker.run(ThreadPoolExecutor.java:635)
	at org.apache.tomcat.util.threads.TaskThread$WrappingRunnable.run(TaskThread.java:61)
	at java.base/java.lang.Thread.run(Thread.java:833)
2022-06-01 20:09:32,121 INFO org.springframework.boot.StartupInfoLogger [main] Starting MyGamesListApplication using Java 17.0.2 on DESKTOP-AI0ENAG with PID 8072 (C:\Users\franm\OneDrive\Escritorio\PROYECTO FINAL\proyecto\myGamesListAPI\target\classes started by franm in C:\Users\franm\OneDrive\Escritorio\PROYECTO FINAL\proyecto\myGamesListAPI)
2022-06-01 20:09:32,133 INFO org.springframework.boot.SpringApplication [main] No active profile set, falling back to default profiles: default
2022-06-01 20:09:33,016 INFO org.springframework.data.repository.config.RepositoryConfigurationDelegate [main] Bootstrapping Spring Data JPA repositories in DEFAULT mode.
2022-06-01 20:09:33,205 INFO org.springframework.data.repository.config.RepositoryConfigurationDelegate [main] Finished Spring Data repository scanning in 176 ms. Found 3 JPA repository interfaces.
2022-06-01 20:09:33,921 INFO org.springframework.boot.web.embedded.tomcat.TomcatWebServer [main] Tomcat initialized with port(s): 8080 (http)
2022-06-01 20:09:33,932 INFO org.apache.juli.logging.DirectJDKLog [main] Initializing ProtocolHandler ["http-nio-8080"]
2022-06-01 20:09:33,933 INFO org.apache.juli.logging.DirectJDKLog [main] Starting service [Tomcat]
2022-06-01 20:09:33,934 INFO org.apache.juli.logging.DirectJDKLog [main] Starting Servlet engine: [Apache Tomcat/9.0.43]
2022-06-01 20:09:34,040 INFO org.apache.juli.logging.DirectJDKLog [main] Initializing Spring embedded WebApplicationContext
2022-06-01 20:09:34,040 INFO org.springframework.boot.web.servlet.context.ServletWebServerApplicationContext [main] Root WebApplicationContext: initialization completed in 1838 ms
2022-06-01 20:09:34,317 INFO org.hibernate.jpa.internal.util.LogHelper [main] HHH000204: Processing PersistenceUnitInfo [name: default]
2022-06-01 20:09:34,374 INFO org.hibernate.Version [main] HHH000412: Hibernate ORM core version 5.4.28.Final
2022-06-01 20:09:34,518 INFO org.hibernate.annotations.common.reflection.java.JavaReflectionManager [main] HCANN000001: Hibernate Commons Annotations {5.1.2.Final}
2022-06-01 20:09:34,640 INFO com.zaxxer.hikari.HikariDataSource [main] HikariPool-1 - Starting...
2022-06-01 20:09:34,990 INFO com.zaxxer.hikari.HikariDataSource [main] HikariPool-1 - Start completed.
2022-06-01 20:09:35,021 INFO org.hibernate.dialect.Dialect [main] HHH000400: Using dialect: org.hibernate.dialect.MySQL8Dialect
2022-06-01 20:09:35,840 INFO org.hibernate.engine.transaction.jta.platform.internal.JtaPlatformInitiator [main] HHH000490: Using JtaPlatform implementation: [org.hibernate.engine.transaction.jta.platform.internal.NoJtaPlatform]
2022-06-01 20:09:35,848 INFO org.springframework.orm.jpa.AbstractEntityManagerFactoryBean [main] Initialized JPA EntityManagerFactory for persistence unit 'default'
2022-06-01 20:09:36,308 WARN org.springframework.boot.autoconfigure.orm.jpa.JpaBaseConfiguration$JpaWebConfiguration [main] spring.jpa.open-in-view is enabled by default. Therefore, database queries may be performed during view rendering. Explicitly configure spring.jpa.open-in-view to disable this warning
2022-06-01 20:09:36,385 INFO org.springframework.scheduling.concurrent.ExecutorConfigurationSupport [main] Initializing ExecutorService 'applicationTaskExecutor'
2022-06-01 20:09:37,281 WARN org.springframework.boot.autoconfigure.thymeleaf.ThymeleafAutoConfiguration$DefaultTemplateResolverConfiguration [main] Cannot find template location: classpath:/templates/ (please add some templates or check your Thymeleaf configuration)
2022-06-01 20:09:37,505 INFO org.apache.juli.logging.DirectJDKLog [main] Starting ProtocolHandler ["http-nio-8080"]
2022-06-01 20:09:37,554 INFO org.springframework.boot.web.embedded.tomcat.TomcatWebServer [main] Tomcat started on port(s): 8080 (http) with context path ''
2022-06-01 20:09:37,564 INFO org.springframework.boot.StartupInfoLogger [main] Started MyGamesListApplication in 5.908 seconds (JVM running for 6.323)
2022-06-01 20:09:58,260 INFO org.apache.juli.logging.DirectJDKLog [http-nio-8080-exec-1] Initializing Spring DispatcherServlet 'dispatcherServlet'
2022-06-01 20:09:58,261 INFO org.springframework.web.servlet.FrameworkServlet [http-nio-8080-exec-1] Initializing Servlet 'dispatcherServlet'
2022-06-01 20:09:58,262 INFO org.springframework.web.servlet.FrameworkServlet [http-nio-8080-exec-1] Completed initialization in 1 ms
2022-06-01 20:09:59,196 INFO org.springdoc.api.AbstractOpenApiResource [http-nio-8080-exec-3] Init duration for springdoc-openapi is: 587 ms
2022-06-01 20:10:07,105 INFO com.tfg.myGamesList.controller.ClientController [http-nio-8080-exec-4] start addClient
2022-06-01 20:10:07,179 INFO com.tfg.myGamesList.controller.ClientController [http-nio-8080-exec-4] end addClient
2022-06-01 20:20:27,430 INFO com.tfg.myGamesList.controller.ClientController [http-nio-8080-exec-9] start addClient
2022-06-01 20:20:27,441 INFO com.tfg.myGamesList.controller.ClientController [http-nio-8080-exec-9] end addClient
2022-06-01 20:21:22,516 WARN org.springframework.web.servlet.handler.AbstractHandlerExceptionResolver [http-nio-8080-exec-10] Resolved [org.springframework.http.converter.HttpMessageNotReadableException: JSON parse error: Cannot deserialize instance of `java.lang.String` out of START_OBJECT token; nested exception is com.fasterxml.jackson.databind.exc.MismatchedInputException: Cannot deserialize instance of `java.lang.String` out of START_OBJECT token
 at [Source: (PushbackInputStream); line: 1, column: 13] (through reference chain: com.tfg.myGamesList.model.domain.ClientResumeNoId["username"])]
2022-06-01 20:22:29,807 INFO com.tfg.myGamesList.controller.ClientController [http-nio-8080-exec-6] start addClient
2022-06-01 20:22:29,815 INFO com.tfg.myGamesList.controller.ClientController [http-nio-8080-exec-6] end addClient
2022-06-01 21:00:00,067 INFO com.tfg.myGamesList.controller.ClientController [http-nio-8080-exec-3] start addClient
2022-06-01 21:00:00,076 INFO com.tfg.myGamesList.controller.ClientController [http-nio-8080-exec-3] end addClient
