2022-06-13 10:59:24,333 INFO org.springframework.boot.StartupInfoLogger [main] Starting MyGamesListApplication using Java 17.0.2 on DESKTOP-AI0ENAG with PID 3360 (C:\Users\franm\OneDrive\Escritorio\PROYECTO FINAL\proyecto\myGamesListAPI\target\classes started by franm in C:\Users\franm\OneDrive\Escritorio\PROYECTO FINAL\proyecto\myGamesListAPI)
2022-06-13 10:59:24,343 INFO org.springframework.boot.SpringApplication [main] No active profile set, falling back to default profiles: default
2022-06-13 10:59:26,224 INFO org.springframework.data.repository.config.RepositoryConfigurationDelegate [main] Bootstrapping Spring Data JPA repositories in DEFAULT mode.
2022-06-13 10:59:26,592 INFO org.springframework.data.repository.config.RepositoryConfigurationDelegate [main] Finished Spring Data repository scanning in 339 ms. Found 3 JPA repository interfaces.
2022-06-13 10:59:27,880 INFO org.springframework.boot.web.embedded.tomcat.TomcatWebServer [main] Tomcat initialized with port(s): 8080 (http)
2022-06-13 10:59:27,906 INFO org.apache.juli.logging.DirectJDKLog [main] Initializing ProtocolHandler ["http-nio-8080"]
2022-06-13 10:59:27,907 INFO org.apache.juli.logging.DirectJDKLog [main] Starting service [Tomcat]
2022-06-13 10:59:27,907 INFO org.apache.juli.logging.DirectJDKLog [main] Starting Servlet engine: [Apache Tomcat/9.0.43]
2022-06-13 10:59:28,193 INFO org.apache.juli.logging.DirectJDKLog [main] Initializing Spring embedded WebApplicationContext
2022-06-13 10:59:28,194 INFO org.springframework.boot.web.servlet.context.ServletWebServerApplicationContext [main] Root WebApplicationContext: initialization completed in 3708 ms
2022-06-13 10:59:28,606 INFO org.hibernate.jpa.internal.util.LogHelper [main] HHH000204: Processing PersistenceUnitInfo [name: default]
2022-06-13 10:59:28,703 INFO org.hibernate.Version [main] HHH000412: Hibernate ORM core version 5.4.28.Final
2022-06-13 10:59:28,923 INFO org.hibernate.annotations.common.reflection.java.JavaReflectionManager [main] HCANN000001: Hibernate Commons Annotations {5.1.2.Final}
2022-06-13 10:59:29,059 INFO com.zaxxer.hikari.HikariDataSource [main] HikariPool-1 - Starting...
2022-06-13 10:59:29,533 INFO com.zaxxer.hikari.HikariDataSource [main] HikariPool-1 - Start completed.
2022-06-13 10:59:29,566 INFO org.hibernate.dialect.Dialect [main] HHH000400: Using dialect: org.hibernate.dialect.MySQL8Dialect
2022-06-13 10:59:30,785 INFO org.hibernate.engine.transaction.jta.platform.internal.JtaPlatformInitiator [main] HHH000490: Using JtaPlatform implementation: [org.hibernate.engine.transaction.jta.platform.internal.NoJtaPlatform]
2022-06-13 10:59:30,797 INFO org.springframework.orm.jpa.AbstractEntityManagerFactoryBean [main] Initialized JPA EntityManagerFactory for persistence unit 'default'
2022-06-13 10:59:32,393 WARN org.springframework.boot.autoconfigure.orm.jpa.JpaBaseConfiguration$JpaWebConfiguration [main] spring.jpa.open-in-view is enabled by default. Therefore, database queries may be performed during view rendering. Explicitly configure spring.jpa.open-in-view to disable this warning
2022-06-13 10:59:32,559 INFO org.springframework.scheduling.concurrent.ExecutorConfigurationSupport [main] Initializing ExecutorService 'applicationTaskExecutor'
2022-06-13 10:59:34,940 WARN org.springframework.boot.autoconfigure.thymeleaf.ThymeleafAutoConfiguration$DefaultTemplateResolverConfiguration [main] Cannot find template location: classpath:/templates/ (please add some templates or check your Thymeleaf configuration)
2022-06-13 10:59:35,426 INFO org.apache.juli.logging.DirectJDKLog [main] Starting ProtocolHandler ["http-nio-8080"]
2022-06-13 10:59:35,492 INFO org.springframework.boot.web.embedded.tomcat.TomcatWebServer [main] Tomcat started on port(s): 8080 (http) with context path ''
2022-06-13 10:59:35,558 INFO org.springframework.boot.StartupInfoLogger [main] Started MyGamesListApplication in 12.251 seconds (JVM running for 12.97)
2022-06-13 11:57:57,455 INFO org.apache.juli.logging.DirectJDKLog [http-nio-8080-exec-1] Initializing Spring DispatcherServlet 'dispatcherServlet'
2022-06-13 11:57:57,456 INFO org.springframework.web.servlet.FrameworkServlet [http-nio-8080-exec-1] Initializing Servlet 'dispatcherServlet'
2022-06-13 11:57:57,458 INFO org.springframework.web.servlet.FrameworkServlet [http-nio-8080-exec-1] Completed initialization in 2 ms
2022-06-13 11:57:57,506 INFO com.tfg.myGamesList.controller.ClientController [http-nio-8080-exec-1] start getClients
2022-06-13 11:57:57,704 INFO com.tfg.myGamesList.controller.ClientController [http-nio-8080-exec-1] fin GetClients
2022-06-13 11:57:59,810 INFO com.tfg.myGamesList.controller.GameController [http-nio-8080-exec-2] start getGames
2022-06-13 11:57:59,818 INFO com.tfg.myGamesList.controller.ClientController [http-nio-8080-exec-3] start getClients
2022-06-13 11:57:59,824 INFO com.tfg.myGamesList.controller.ClientController [http-nio-8080-exec-3] fin GetClients
2022-06-13 11:57:59,836 INFO com.tfg.myGamesList.controller.GameController [http-nio-8080-exec-2] finish getGames
2022-06-13 11:58:10,184 INFO com.tfg.myGamesList.controller.ClientController [http-nio-8080-exec-4] ADDING GAME TO LIST
2022-06-13 11:58:10,255 INFO com.tfg.myGamesList.controller.ClientController [http-nio-8080-exec-4] ENDING ADDING GAME TO LIST
2022-06-13 11:58:30,784 INFO org.springdoc.api.AbstractOpenApiResource [http-nio-8080-exec-9] Init duration for springdoc-openapi is: 363 ms
2022-06-13 11:58:34,292 INFO com.tfg.myGamesList.controller.ClientController [http-nio-8080-exec-10] start getClients
2022-06-13 11:58:34,296 INFO com.tfg.myGamesList.controller.ClientController [http-nio-8080-exec-10] fin GetClients
2022-06-13 11:59:09,724 INFO com.tfg.myGamesList.controller.ClientController [http-nio-8080-exec-2] ADDING GAME TO LIST
2022-06-13 11:59:09,741 INFO com.tfg.myGamesList.controller.ClientController [http-nio-8080-exec-2] ENDING ADDING GAME TO LIST
2022-06-13 11:59:41,538 INFO com.tfg.myGamesList.controller.ClientController [http-nio-8080-exec-7] ADDING GAME TO LIST
2022-06-13 11:59:41,557 INFO com.tfg.myGamesList.controller.ClientController [http-nio-8080-exec-7] ENDING ADDING GAME TO LIST
