2022-05-31 12:08:24,799 INFO org.springframework.boot.StartupInfoLogger [main] Starting MyGamesListApplication using Java 17.0.2 on DESKTOP-AI0ENAG with PID 19220 (C:\Users\franm\OneDrive\Escritorio\PROYECTO FINAL\proyecto\myGamesListAPI\target\classes started by franm in C:\Users\franm\OneDrive\Escritorio\PROYECTO FINAL\proyecto\myGamesListAPI)
2022-05-31 12:08:24,808 INFO org.springframework.boot.SpringApplication [main] No active profile set, falling back to default profiles: default
2022-05-31 12:08:25,938 INFO org.springframework.data.repository.config.RepositoryConfigurationDelegate [main] Bootstrapping Spring Data JPA repositories in DEFAULT mode.
2022-05-31 12:08:26,163 INFO org.springframework.data.repository.config.RepositoryConfigurationDelegate [main] Finished Spring Data repository scanning in 199 ms. Found 3 JPA repository interfaces.
2022-05-31 12:08:27,050 INFO org.springframework.boot.web.embedded.tomcat.TomcatWebServer [main] Tomcat initialized with port(s): 8080 (http)
2022-05-31 12:08:27,067 INFO org.apache.juli.logging.DirectJDKLog [main] Initializing ProtocolHandler ["http-nio-8080"]
2022-05-31 12:08:27,068 INFO org.apache.juli.logging.DirectJDKLog [main] Starting service [Tomcat]
2022-05-31 12:08:27,069 INFO org.apache.juli.logging.DirectJDKLog [main] Starting Servlet engine: [Apache Tomcat/9.0.43]
2022-05-31 12:08:27,188 INFO org.apache.juli.logging.DirectJDKLog [main] Initializing Spring embedded WebApplicationContext
2022-05-31 12:08:27,189 INFO org.springframework.boot.web.servlet.context.ServletWebServerApplicationContext [main] Root WebApplicationContext: initialization completed in 2283 ms
2022-05-31 12:08:27,516 INFO org.hibernate.jpa.internal.util.LogHelper [main] HHH000204: Processing PersistenceUnitInfo [name: default]
2022-05-31 12:08:27,606 INFO org.hibernate.Version [main] HHH000412: Hibernate ORM core version 5.4.28.Final
2022-05-31 12:08:27,820 INFO org.hibernate.annotations.common.reflection.java.JavaReflectionManager [main] HCANN000001: Hibernate Commons Annotations {5.1.2.Final}
2022-05-31 12:08:27,942 INFO com.zaxxer.hikari.HikariDataSource [main] HikariPool-1 - Starting...
2022-05-31 12:08:28,431 INFO com.zaxxer.hikari.HikariDataSource [main] HikariPool-1 - Start completed.
2022-05-31 12:08:28,467 INFO org.hibernate.dialect.Dialect [main] HHH000400: Using dialect: org.hibernate.dialect.MySQL8Dialect
2022-05-31 12:08:29,465 WARN org.hibernate.tool.schema.internal.ExceptionHandlerLoggedImpl [main] GenerationTarget encountered exception accepting command : Error executing DDL "alter table `clients` add column `logged` `boolean default false`" via JDBC Statement
org.hibernate.tool.schema.spi.CommandAcceptanceException: Error executing DDL "alter table `clients` add column `logged` `boolean default false`" via JDBC Statement
	at org.hibernate.tool.schema.internal.exec.GenerationTargetToDatabase.accept(GenerationTargetToDatabase.java:67)
	at org.hibernate.tool.schema.internal.AbstractSchemaMigrator.applySqlString(AbstractSchemaMigrator.java:559)
	at org.hibernate.tool.schema.internal.AbstractSchemaMigrator.applySqlStrings(AbstractSchemaMigrator.java:580)
	at org.hibernate.tool.schema.internal.AbstractSchemaMigrator.migrateTable(AbstractSchemaMigrator.java:297)
	at org.hibernate.tool.schema.internal.GroupedSchemaMigratorImpl.performTablesMigration(GroupedSchemaMigratorImpl.java:75)
	at org.hibernate.tool.schema.internal.AbstractSchemaMigrator.performMigration(AbstractSchemaMigrator.java:207)
	at org.hibernate.tool.schema.internal.AbstractSchemaMigrator.doMigration(AbstractSchemaMigrator.java:114)
	at org.hibernate.tool.schema.spi.SchemaManagementToolCoordinator.performDatabaseAction(SchemaManagementToolCoordinator.java:184)
	at org.hibernate.tool.schema.spi.SchemaManagementToolCoordinator.process(SchemaManagementToolCoordinator.java:73)
	at org.hibernate.internal.SessionFactoryImpl.<init>(SessionFactoryImpl.java:318)
	at org.hibernate.boot.internal.SessionFactoryBuilderImpl.build(SessionFactoryBuilderImpl.java:468)
	at org.hibernate.jpa.boot.internal.EntityManagerFactoryBuilderImpl.build(EntityManagerFactoryBuilderImpl.java:1259)
	at org.springframework.orm.jpa.vendor.SpringHibernateJpaPersistenceProvider.createContainerEntityManagerFactory(SpringHibernateJpaPersistenceProvider.java:58)
	at org.springframework.orm.jpa.LocalContainerEntityManagerFactoryBean.createNativeEntityManagerFactory(LocalContainerEntityManagerFactoryBean.java:365)
	at org.springframework.orm.jpa.AbstractEntityManagerFactoryBean.buildNativeEntityManagerFactory(AbstractEntityManagerFactoryBean.java:409)
	at org.springframework.orm.jpa.AbstractEntityManagerFactoryBean.afterPropertiesSet(AbstractEntityManagerFactoryBean.java:396)
	at org.springframework.orm.jpa.LocalContainerEntityManagerFactoryBean.afterPropertiesSet(LocalContainerEntityManagerFactoryBean.java:341)
	at org.springframework.beans.factory.support.AbstractAutowireCapableBeanFactory.invokeInitMethods(AbstractAutowireCapableBeanFactory.java:1845)
	at org.springframework.beans.factory.support.AbstractAutowireCapableBeanFactory.initializeBean(AbstractAutowireCapableBeanFactory.java:1782)
	at org.springframework.beans.factory.support.AbstractAutowireCapableBeanFactory.doCreateBean(AbstractAutowireCapableBeanFactory.java:602)
	at org.springframework.beans.factory.support.AbstractAutowireCapableBeanFactory.createBean(AbstractAutowireCapableBeanFactory.java:524)
	at org.springframework.beans.factory.support.AbstractBeanFactory.lambda$doGetBean$0(AbstractBeanFactory.java:335)
	at org.springframework.beans.factory.support.DefaultSingletonBeanRegistry.getSingleton(DefaultSingletonBeanRegistry.java:234)
	at org.springframework.beans.factory.support.AbstractBeanFactory.doGetBean(AbstractBeanFactory.java:333)
	at org.springframework.beans.factory.support.AbstractBeanFactory.getBean(AbstractBeanFactory.java:208)
	at org.springframework.context.support.AbstractApplicationContext.getBean(AbstractApplicationContext.java:1153)
	at org.springframework.context.support.AbstractApplicationContext.finishBeanFactoryInitialization(AbstractApplicationContext.java:907)
	at org.springframework.context.support.AbstractApplicationContext.refresh(AbstractApplicationContext.java:582)
	at org.springframework.boot.web.servlet.context.ServletWebServerApplicationContext.refresh(ServletWebServerApplicationContext.java:144)
	at org.springframework.boot.SpringApplication.refresh(SpringApplication.java:767)
	at org.springframework.boot.SpringApplication.refresh(SpringApplication.java:759)
	at org.springframework.boot.SpringApplication.refreshContext(SpringApplication.java:426)
	at org.springframework.boot.SpringApplication.run(SpringApplication.java:326)
	at org.springframework.boot.SpringApplication.run(SpringApplication.java:1311)
	at org.springframework.boot.SpringApplication.run(SpringApplication.java:1300)
	at com.tfg.myGamesList.MyGamesListApplication.main(MyGamesListApplication.java:13)
Caused by: java.sql.SQLSyntaxErrorException: You have an error in your SQL syntax; check the manual that corresponds to your MySQL server version for the right syntax to use near '`boolean default false`' at line 1
	at com.mysql.cj.jdbc.exceptions.SQLError.createSQLException(SQLError.java:120)
	at com.mysql.cj.jdbc.exceptions.SQLExceptionsMapping.translateException(SQLExceptionsMapping.java:122)
	at com.mysql.cj.jdbc.StatementImpl.executeInternal(StatementImpl.java:762)
	at com.mysql.cj.jdbc.StatementImpl.execute(StatementImpl.java:646)
	at com.zaxxer.hikari.pool.ProxyStatement.execute(ProxyStatement.java:95)
	at com.zaxxer.hikari.pool.HikariProxyStatement.execute(HikariProxyStatement.java)
	at org.hibernate.tool.schema.internal.exec.GenerationTargetToDatabase.accept(GenerationTargetToDatabase.java:54)
	... 35 common frames omitted
2022-05-31 12:08:29,500 INFO org.hibernate.engine.transaction.jta.platform.internal.JtaPlatformInitiator [main] HHH000490: Using JtaPlatform implementation: [org.hibernate.engine.transaction.jta.platform.internal.NoJtaPlatform]
2022-05-31 12:08:29,511 INFO org.springframework.orm.jpa.AbstractEntityManagerFactoryBean [main] Initialized JPA EntityManagerFactory for persistence unit 'default'
2022-05-31 12:08:30,049 WARN org.springframework.boot.autoconfigure.orm.jpa.JpaBaseConfiguration$JpaWebConfiguration [main] spring.jpa.open-in-view is enabled by default. Therefore, database queries may be performed during view rendering. Explicitly configure spring.jpa.open-in-view to disable this warning
2022-05-31 12:08:30,155 INFO org.springframework.scheduling.concurrent.ExecutorConfigurationSupport [main] Initializing ExecutorService 'applicationTaskExecutor'
2022-05-31 12:08:31,302 WARN org.springframework.boot.autoconfigure.thymeleaf.ThymeleafAutoConfiguration$DefaultTemplateResolverConfiguration [main] Cannot find template location: classpath:/templates/ (please add some templates or check your Thymeleaf configuration)
2022-05-31 12:08:32,115 INFO org.apache.juli.logging.DirectJDKLog [main] Starting ProtocolHandler ["http-nio-8080"]
2022-05-31 12:08:32,154 INFO org.springframework.boot.web.embedded.tomcat.TomcatWebServer [main] Tomcat started on port(s): 8080 (http) with context path ''
2022-05-31 12:08:32,164 INFO org.springframework.boot.StartupInfoLogger [main] Started MyGamesListApplication in 7.942 seconds (JVM running for 8.447)
2022-05-31 12:11:50,899 INFO org.springframework.boot.StartupInfoLogger [main] Starting MyGamesListApplication using Java 17.0.2 on DESKTOP-AI0ENAG with PID 8460 (C:\Users\franm\OneDrive\Escritorio\PROYECTO FINAL\proyecto\myGamesListAPI\target\classes started by franm in C:\Users\franm\OneDrive\Escritorio\PROYECTO FINAL\proyecto\myGamesListAPI)
2022-05-31 12:11:50,908 INFO org.springframework.boot.SpringApplication [main] No active profile set, falling back to default profiles: default
2022-05-31 12:11:52,044 INFO org.springframework.data.repository.config.RepositoryConfigurationDelegate [main] Bootstrapping Spring Data JPA repositories in DEFAULT mode.
2022-05-31 12:11:52,259 INFO org.springframework.data.repository.config.RepositoryConfigurationDelegate [main] Finished Spring Data repository scanning in 201 ms. Found 3 JPA repository interfaces.
2022-05-31 12:11:53,310 INFO org.springframework.boot.web.embedded.tomcat.TomcatWebServer [main] Tomcat initialized with port(s): 8080 (http)
2022-05-31 12:11:53,336 INFO org.apache.juli.logging.DirectJDKLog [main] Initializing ProtocolHandler ["http-nio-8080"]
2022-05-31 12:11:53,337 INFO org.apache.juli.logging.DirectJDKLog [main] Starting service [Tomcat]
2022-05-31 12:11:53,337 INFO org.apache.juli.logging.DirectJDKLog [main] Starting Servlet engine: [Apache Tomcat/9.0.43]
2022-05-31 12:11:53,483 INFO org.apache.juli.logging.DirectJDKLog [main] Initializing Spring embedded WebApplicationContext
2022-05-31 12:11:53,484 INFO org.springframework.boot.web.servlet.context.ServletWebServerApplicationContext [main] Root WebApplicationContext: initialization completed in 2482 ms
2022-05-31 12:11:53,799 INFO org.hibernate.jpa.internal.util.LogHelper [main] HHH000204: Processing PersistenceUnitInfo [name: default]
2022-05-31 12:11:53,868 INFO org.hibernate.Version [main] HHH000412: Hibernate ORM core version 5.4.28.Final
2022-05-31 12:11:54,050 INFO org.hibernate.annotations.common.reflection.java.JavaReflectionManager [main] HCANN000001: Hibernate Commons Annotations {5.1.2.Final}
2022-05-31 12:11:54,172 INFO com.zaxxer.hikari.HikariDataSource [main] HikariPool-1 - Starting...
2022-05-31 12:11:54,580 INFO com.zaxxer.hikari.HikariDataSource [main] HikariPool-1 - Start completed.
2022-05-31 12:11:54,616 INFO org.hibernate.dialect.Dialect [main] HHH000400: Using dialect: org.hibernate.dialect.MySQL8Dialect
2022-05-31 12:11:55,585 INFO org.hibernate.engine.transaction.jta.platform.internal.JtaPlatformInitiator [main] HHH000490: Using JtaPlatform implementation: [org.hibernate.engine.transaction.jta.platform.internal.NoJtaPlatform]
2022-05-31 12:11:55,593 INFO org.springframework.orm.jpa.AbstractEntityManagerFactoryBean [main] Initialized JPA EntityManagerFactory for persistence unit 'default'
2022-05-31 12:11:56,108 WARN org.springframework.boot.autoconfigure.orm.jpa.JpaBaseConfiguration$JpaWebConfiguration [main] spring.jpa.open-in-view is enabled by default. Therefore, database queries may be performed during view rendering. Explicitly configure spring.jpa.open-in-view to disable this warning
2022-05-31 12:11:56,201 INFO org.springframework.scheduling.concurrent.ExecutorConfigurationSupport [main] Initializing ExecutorService 'applicationTaskExecutor'
2022-05-31 12:11:57,313 WARN org.springframework.boot.autoconfigure.thymeleaf.ThymeleafAutoConfiguration$DefaultTemplateResolverConfiguration [main] Cannot find template location: classpath:/templates/ (please add some templates or check your Thymeleaf configuration)
2022-05-31 12:11:57,553 INFO org.apache.juli.logging.DirectJDKLog [main] Starting ProtocolHandler ["http-nio-8080"]
2022-05-31 12:11:57,582 INFO org.springframework.boot.web.embedded.tomcat.TomcatWebServer [main] Tomcat started on port(s): 8080 (http) with context path ''
2022-05-31 12:11:57,591 INFO org.springframework.boot.StartupInfoLogger [main] Started MyGamesListApplication in 7.293 seconds (JVM running for 7.726)
2022-05-31 12:37:33,804 INFO org.apache.juli.logging.DirectJDKLog [http-nio-8080-exec-1] Initializing Spring DispatcherServlet 'dispatcherServlet'
2022-05-31 12:37:33,804 INFO org.springframework.web.servlet.FrameworkServlet [http-nio-8080-exec-1] Initializing Servlet 'dispatcherServlet'
2022-05-31 12:37:33,807 INFO org.springframework.web.servlet.FrameworkServlet [http-nio-8080-exec-1] Completed initialization in 1 ms
2022-05-31 12:37:33,835 ERROR org.apache.juli.logging.DirectJDKLog [http-nio-8080-exec-1] Servlet.service() for servlet [dispatcherServlet] in context with path [] threw exception [Request processing failed; nested exception is java.lang.IllegalStateException: Ambiguous handler methods mapped for '/client/dranan01': {public org.springframework.http.ResponseEntity com.tfg.myGamesList.controller.ClientController.getClientsByUsername(java.lang.String), public org.springframework.http.ResponseEntity com.tfg.myGamesList.controller.ClientController.getClient(long)}] with root cause
java.lang.IllegalStateException: Ambiguous handler methods mapped for '/client/dranan01': {public org.springframework.http.ResponseEntity com.tfg.myGamesList.controller.ClientController.getClientsByUsername(java.lang.String), public org.springframework.http.ResponseEntity com.tfg.myGamesList.controller.ClientController.getClient(long)}
	at org.springframework.web.servlet.handler.AbstractHandlerMethodMapping.lookupHandlerMethod(AbstractHandlerMethodMapping.java:422)
	at org.springframework.web.servlet.handler.AbstractHandlerMethodMapping.getHandlerInternal(AbstractHandlerMethodMapping.java:373)
	at org.springframework.web.servlet.mvc.method.RequestMappingInfoHandlerMapping.getHandlerInternal(RequestMappingInfoHandlerMapping.java:123)
	at org.springframework.web.servlet.mvc.method.RequestMappingInfoHandlerMapping.getHandlerInternal(RequestMappingInfoHandlerMapping.java:66)
	at org.springframework.web.servlet.handler.AbstractHandlerMapping.getHandler(AbstractHandlerMapping.java:491)
	at org.springframework.web.servlet.DispatcherServlet.getHandler(DispatcherServlet.java:1254)
	at org.springframework.web.servlet.DispatcherServlet.doDispatch(DispatcherServlet.java:1036)
	at org.springframework.web.servlet.DispatcherServlet.doService(DispatcherServlet.java:962)
	at org.springframework.web.servlet.FrameworkServlet.processRequest(FrameworkServlet.java:1006)
	at org.springframework.web.servlet.FrameworkServlet.doGet(FrameworkServlet.java:898)
	at javax.servlet.http.HttpServlet.service(HttpServlet.java:626)
	at org.springframework.web.servlet.FrameworkServlet.service(FrameworkServlet.java:883)
	at javax.servlet.http.HttpServlet.service(HttpServlet.java:733)
	at org.apache.catalina.core.ApplicationFilterChain.internalDoFilter(ApplicationFilterChain.java:227)
	at org.apache.catalina.core.ApplicationFilterChain.doFilter(ApplicationFilterChain.java:162)
	at org.apache.tomcat.websocket.server.WsFilter.doFilter(WsFilter.java:53)
	at org.apache.catalina.core.ApplicationFilterChain.internalDoFilter(ApplicationFilterChain.java:189)
	at org.apache.catalina.core.ApplicationFilterChain.doFilter(ApplicationFilterChain.java:162)
	at org.springframework.web.servlet.resource.ResourceUrlEncodingFilter.doFilter(ResourceUrlEncodingFilter.java:67)
	at org.apache.catalina.core.ApplicationFilterChain.internalDoFilter(ApplicationFilterChain.java:189)
	at org.apache.catalina.core.ApplicationFilterChain.doFilter(ApplicationFilterChain.java:162)
	at org.springframework.web.filter.RequestContextFilter.doFilterInternal(RequestContextFilter.java:100)
	at org.springframework.web.filter.OncePerRequestFilter.doFilter(OncePerRequestFilter.java:119)
	at org.apache.catalina.core.ApplicationFilterChain.internalDoFilter(ApplicationFilterChain.java:189)
	at org.apache.catalina.core.ApplicationFilterChain.doFilter(ApplicationFilterChain.java:162)
	at org.springframework.web.filter.FormContentFilter.doFilterInternal(FormContentFilter.java:93)
	at org.springframework.web.filter.OncePerRequestFilter.doFilter(OncePerRequestFilter.java:119)
	at org.apache.catalina.core.ApplicationFilterChain.internalDoFilter(ApplicationFilterChain.java:189)
	at org.apache.catalina.core.ApplicationFilterChain.doFilter(ApplicationFilterChain.java:162)
	at org.springframework.web.filter.CharacterEncodingFilter.doFilterInternal(CharacterEncodingFilter.java:201)
	at org.springframework.web.filter.OncePerRequestFilter.doFilter(OncePerRequestFilter.java:119)
	at org.apache.catalina.core.ApplicationFilterChain.internalDoFilter(ApplicationFilterChain.java:189)
	at org.apache.catalina.core.ApplicationFilterChain.doFilter(ApplicationFilterChain.java:162)
	at org.apache.catalina.core.StandardWrapperValve.invoke(StandardWrapperValve.java:202)
	at org.apache.catalina.core.StandardContextValve.invoke(StandardContextValve.java:97)
	at org.apache.catalina.authenticator.AuthenticatorBase.invoke(AuthenticatorBase.java:542)
	at org.apache.catalina.core.StandardHostValve.invoke(StandardHostValve.java:143)
	at org.apache.catalina.valves.ErrorReportValve.invoke(ErrorReportValve.java:92)
	at org.apache.catalina.core.StandardEngineValve.invoke(StandardEngineValve.java:78)
	at org.apache.catalina.connector.CoyoteAdapter.service(CoyoteAdapter.java:346)
	at org.apache.coyote.http11.Http11Processor.service(Http11Processor.java:374)
	at org.apache.coyote.AbstractProcessorLight.process(AbstractProcessorLight.java:65)
	at org.apache.coyote.AbstractProtocol$ConnectionHandler.process(AbstractProtocol.java:887)
	at org.apache.tomcat.util.net.NioEndpoint$SocketProcessor.doRun(NioEndpoint.java:1684)
	at org.apache.tomcat.util.net.SocketProcessorBase.run(SocketProcessorBase.java:49)
	at java.base/java.util.concurrent.ThreadPoolExecutor.runWorker(ThreadPoolExecutor.java:1136)
	at java.base/java.util.concurrent.ThreadPoolExecutor$Worker.run(ThreadPoolExecutor.java:635)
	at org.apache.tomcat.util.threads.TaskThread$WrappingRunnable.run(TaskThread.java:61)
	at java.base/java.lang.Thread.run(Thread.java:833)
2022-05-31 12:37:46,916 ERROR org.apache.juli.logging.DirectJDKLog [http-nio-8080-exec-2] Servlet.service() for servlet [dispatcherServlet] in context with path [] threw exception [Request processing failed; nested exception is java.lang.IllegalStateException: Ambiguous handler methods mapped for '/client/dranan01': {public org.springframework.http.ResponseEntity com.tfg.myGamesList.controller.ClientController.getClientsByUsername(java.lang.String), public org.springframework.http.ResponseEntity com.tfg.myGamesList.controller.ClientController.getClient(long)}] with root cause
java.lang.IllegalStateException: Ambiguous handler methods mapped for '/client/dranan01': {public org.springframework.http.ResponseEntity com.tfg.myGamesList.controller.ClientController.getClientsByUsername(java.lang.String), public org.springframework.http.ResponseEntity com.tfg.myGamesList.controller.ClientController.getClient(long)}
	at org.springframework.web.servlet.handler.AbstractHandlerMethodMapping.lookupHandlerMethod(AbstractHandlerMethodMapping.java:422)
	at org.springframework.web.servlet.handler.AbstractHandlerMethodMapping.getHandlerInternal(AbstractHandlerMethodMapping.java:373)
	at org.springframework.web.servlet.mvc.method.RequestMappingInfoHandlerMapping.getHandlerInternal(RequestMappingInfoHandlerMapping.java:123)
	at org.springframework.web.servlet.mvc.method.RequestMappingInfoHandlerMapping.getHandlerInternal(RequestMappingInfoHandlerMapping.java:66)
	at org.springframework.web.servlet.handler.AbstractHandlerMapping.getHandler(AbstractHandlerMapping.java:491)
	at org.springframework.web.servlet.DispatcherServlet.getHandler(DispatcherServlet.java:1254)
	at org.springframework.web.servlet.DispatcherServlet.doDispatch(DispatcherServlet.java:1036)
	at org.springframework.web.servlet.DispatcherServlet.doService(DispatcherServlet.java:962)
	at org.springframework.web.servlet.FrameworkServlet.processRequest(FrameworkServlet.java:1006)
	at org.springframework.web.servlet.FrameworkServlet.doGet(FrameworkServlet.java:898)
	at javax.servlet.http.HttpServlet.service(HttpServlet.java:626)
	at org.springframework.web.servlet.FrameworkServlet.service(FrameworkServlet.java:883)
	at javax.servlet.http.HttpServlet.service(HttpServlet.java:733)
	at org.apache.catalina.core.ApplicationFilterChain.internalDoFilter(ApplicationFilterChain.java:227)
	at org.apache.catalina.core.ApplicationFilterChain.doFilter(ApplicationFilterChain.java:162)
	at org.apache.tomcat.websocket.server.WsFilter.doFilter(WsFilter.java:53)
	at org.apache.catalina.core.ApplicationFilterChain.internalDoFilter(ApplicationFilterChain.java:189)
	at org.apache.catalina.core.ApplicationFilterChain.doFilter(ApplicationFilterChain.java:162)
	at org.springframework.web.servlet.resource.ResourceUrlEncodingFilter.doFilter(ResourceUrlEncodingFilter.java:67)
	at org.apache.catalina.core.ApplicationFilterChain.internalDoFilter(ApplicationFilterChain.java:189)
	at org.apache.catalina.core.ApplicationFilterChain.doFilter(ApplicationFilterChain.java:162)
	at org.springframework.web.filter.RequestContextFilter.doFilterInternal(RequestContextFilter.java:100)
	at org.springframework.web.filter.OncePerRequestFilter.doFilter(OncePerRequestFilter.java:119)
	at org.apache.catalina.core.ApplicationFilterChain.internalDoFilter(ApplicationFilterChain.java:189)
	at org.apache.catalina.core.ApplicationFilterChain.doFilter(ApplicationFilterChain.java:162)
	at org.springframework.web.filter.FormContentFilter.doFilterInternal(FormContentFilter.java:93)
	at org.springframework.web.filter.OncePerRequestFilter.doFilter(OncePerRequestFilter.java:119)
	at org.apache.catalina.core.ApplicationFilterChain.internalDoFilter(ApplicationFilterChain.java:189)
	at org.apache.catalina.core.ApplicationFilterChain.doFilter(ApplicationFilterChain.java:162)
	at org.springframework.web.filter.CharacterEncodingFilter.doFilterInternal(CharacterEncodingFilter.java:201)
	at org.springframework.web.filter.OncePerRequestFilter.doFilter(OncePerRequestFilter.java:119)
	at org.apache.catalina.core.ApplicationFilterChain.internalDoFilter(ApplicationFilterChain.java:189)
	at org.apache.catalina.core.ApplicationFilterChain.doFilter(ApplicationFilterChain.java:162)
	at org.apache.catalina.core.StandardWrapperValve.invoke(StandardWrapperValve.java:202)
	at org.apache.catalina.core.StandardContextValve.invoke(StandardContextValve.java:97)
	at org.apache.catalina.authenticator.AuthenticatorBase.invoke(AuthenticatorBase.java:542)
	at org.apache.catalina.core.StandardHostValve.invoke(StandardHostValve.java:143)
	at org.apache.catalina.valves.ErrorReportValve.invoke(ErrorReportValve.java:92)
	at org.apache.catalina.core.StandardEngineValve.invoke(StandardEngineValve.java:78)
	at org.apache.catalina.connector.CoyoteAdapter.service(CoyoteAdapter.java:346)
	at org.apache.coyote.http11.Http11Processor.service(Http11Processor.java:374)
	at org.apache.coyote.AbstractProcessorLight.process(AbstractProcessorLight.java:65)
	at org.apache.coyote.AbstractProtocol$ConnectionHandler.process(AbstractProtocol.java:887)
	at org.apache.tomcat.util.net.NioEndpoint$SocketProcessor.doRun(NioEndpoint.java:1684)
	at org.apache.tomcat.util.net.SocketProcessorBase.run(SocketProcessorBase.java:49)
	at java.base/java.util.concurrent.ThreadPoolExecutor.runWorker(ThreadPoolExecutor.java:1136)
	at java.base/java.util.concurrent.ThreadPoolExecutor$Worker.run(ThreadPoolExecutor.java:635)
	at org.apache.tomcat.util.threads.TaskThread$WrappingRunnable.run(TaskThread.java:61)
	at java.base/java.lang.Thread.run(Thread.java:833)
2022-05-31 12:37:49,521 ERROR org.apache.juli.logging.DirectJDKLog [http-nio-8080-exec-3] Servlet.service() for servlet [dispatcherServlet] in context with path [] threw exception [Request processing failed; nested exception is java.lang.IllegalStateException: Ambiguous handler methods mapped for '/client/dranan01': {public org.springframework.http.ResponseEntity com.tfg.myGamesList.controller.ClientController.getClientsByUsername(java.lang.String), public org.springframework.http.ResponseEntity com.tfg.myGamesList.controller.ClientController.getClient(long)}] with root cause
java.lang.IllegalStateException: Ambiguous handler methods mapped for '/client/dranan01': {public org.springframework.http.ResponseEntity com.tfg.myGamesList.controller.ClientController.getClientsByUsername(java.lang.String), public org.springframework.http.ResponseEntity com.tfg.myGamesList.controller.ClientController.getClient(long)}
	at org.springframework.web.servlet.handler.AbstractHandlerMethodMapping.lookupHandlerMethod(AbstractHandlerMethodMapping.java:422)
	at org.springframework.web.servlet.handler.AbstractHandlerMethodMapping.getHandlerInternal(AbstractHandlerMethodMapping.java:373)
	at org.springframework.web.servlet.mvc.method.RequestMappingInfoHandlerMapping.getHandlerInternal(RequestMappingInfoHandlerMapping.java:123)
	at org.springframework.web.servlet.mvc.method.RequestMappingInfoHandlerMapping.getHandlerInternal(RequestMappingInfoHandlerMapping.java:66)
	at org.springframework.web.servlet.handler.AbstractHandlerMapping.getHandler(AbstractHandlerMapping.java:491)
	at org.springframework.web.servlet.DispatcherServlet.getHandler(DispatcherServlet.java:1254)
	at org.springframework.web.servlet.DispatcherServlet.doDispatch(DispatcherServlet.java:1036)
	at org.springframework.web.servlet.DispatcherServlet.doService(DispatcherServlet.java:962)
	at org.springframework.web.servlet.FrameworkServlet.processRequest(FrameworkServlet.java:1006)
	at org.springframework.web.servlet.FrameworkServlet.doGet(FrameworkServlet.java:898)
	at javax.servlet.http.HttpServlet.service(HttpServlet.java:626)
	at org.springframework.web.servlet.FrameworkServlet.service(FrameworkServlet.java:883)
	at javax.servlet.http.HttpServlet.service(HttpServlet.java:733)
	at org.apache.catalina.core.ApplicationFilterChain.internalDoFilter(ApplicationFilterChain.java:227)
	at org.apache.catalina.core.ApplicationFilterChain.doFilter(ApplicationFilterChain.java:162)
	at org.apache.tomcat.websocket.server.WsFilter.doFilter(WsFilter.java:53)
	at org.apache.catalina.core.ApplicationFilterChain.internalDoFilter(ApplicationFilterChain.java:189)
	at org.apache.catalina.core.ApplicationFilterChain.doFilter(ApplicationFilterChain.java:162)
	at org.springframework.web.servlet.resource.ResourceUrlEncodingFilter.doFilter(ResourceUrlEncodingFilter.java:67)
	at org.apache.catalina.core.ApplicationFilterChain.internalDoFilter(ApplicationFilterChain.java:189)
	at org.apache.catalina.core.ApplicationFilterChain.doFilter(ApplicationFilterChain.java:162)
	at org.springframework.web.filter.RequestContextFilter.doFilterInternal(RequestContextFilter.java:100)
	at org.springframework.web.filter.OncePerRequestFilter.doFilter(OncePerRequestFilter.java:119)
	at org.apache.catalina.core.ApplicationFilterChain.internalDoFilter(ApplicationFilterChain.java:189)
	at org.apache.catalina.core.ApplicationFilterChain.doFilter(ApplicationFilterChain.java:162)
	at org.springframework.web.filter.FormContentFilter.doFilterInternal(FormContentFilter.java:93)
	at org.springframework.web.filter.OncePerRequestFilter.doFilter(OncePerRequestFilter.java:119)
	at org.apache.catalina.core.ApplicationFilterChain.internalDoFilter(ApplicationFilterChain.java:189)
	at org.apache.catalina.core.ApplicationFilterChain.doFilter(ApplicationFilterChain.java:162)
	at org.springframework.web.filter.CharacterEncodingFilter.doFilterInternal(CharacterEncodingFilter.java:201)
	at org.springframework.web.filter.OncePerRequestFilter.doFilter(OncePerRequestFilter.java:119)
	at org.apache.catalina.core.ApplicationFilterChain.internalDoFilter(ApplicationFilterChain.java:189)
	at org.apache.catalina.core.ApplicationFilterChain.doFilter(ApplicationFilterChain.java:162)
	at org.apache.catalina.core.StandardWrapperValve.invoke(StandardWrapperValve.java:202)
	at org.apache.catalina.core.StandardContextValve.invoke(StandardContextValve.java:97)
	at org.apache.catalina.authenticator.AuthenticatorBase.invoke(AuthenticatorBase.java:542)
	at org.apache.catalina.core.StandardHostValve.invoke(StandardHostValve.java:143)
	at org.apache.catalina.valves.ErrorReportValve.invoke(ErrorReportValve.java:92)
	at org.apache.catalina.core.StandardEngineValve.invoke(StandardEngineValve.java:78)
	at org.apache.catalina.connector.CoyoteAdapter.service(CoyoteAdapter.java:346)
	at org.apache.coyote.http11.Http11Processor.service(Http11Processor.java:374)
	at org.apache.coyote.AbstractProcessorLight.process(AbstractProcessorLight.java:65)
	at org.apache.coyote.AbstractProtocol$ConnectionHandler.process(AbstractProtocol.java:887)
	at org.apache.tomcat.util.net.NioEndpoint$SocketProcessor.doRun(NioEndpoint.java:1684)
	at org.apache.tomcat.util.net.SocketProcessorBase.run(SocketProcessorBase.java:49)
	at java.base/java.util.concurrent.ThreadPoolExecutor.runWorker(ThreadPoolExecutor.java:1136)
	at java.base/java.util.concurrent.ThreadPoolExecutor$Worker.run(ThreadPoolExecutor.java:635)
	at org.apache.tomcat.util.threads.TaskThread$WrappingRunnable.run(TaskThread.java:61)
	at java.base/java.lang.Thread.run(Thread.java:833)
2022-05-31 12:38:19,785 ERROR org.apache.juli.logging.DirectJDKLog [http-nio-8080-exec-4] Servlet.service() for servlet [dispatcherServlet] in context with path [] threw exception [Request processing failed; nested exception is java.lang.IllegalStateException: Ambiguous handler methods mapped for '/client/dranan01': {public org.springframework.http.ResponseEntity com.tfg.myGamesList.controller.ClientController.getClientsByUsername(java.lang.String), public org.springframework.http.ResponseEntity com.tfg.myGamesList.controller.ClientController.getClient(long)}] with root cause
java.lang.IllegalStateException: Ambiguous handler methods mapped for '/client/dranan01': {public org.springframework.http.ResponseEntity com.tfg.myGamesList.controller.ClientController.getClientsByUsername(java.lang.String), public org.springframework.http.ResponseEntity com.tfg.myGamesList.controller.ClientController.getClient(long)}
	at org.springframework.web.servlet.handler.AbstractHandlerMethodMapping.lookupHandlerMethod(AbstractHandlerMethodMapping.java:422)
	at org.springframework.web.servlet.handler.AbstractHandlerMethodMapping.getHandlerInternal(AbstractHandlerMethodMapping.java:373)
	at org.springframework.web.servlet.mvc.method.RequestMappingInfoHandlerMapping.getHandlerInternal(RequestMappingInfoHandlerMapping.java:123)
	at org.springframework.web.servlet.mvc.method.RequestMappingInfoHandlerMapping.getHandlerInternal(RequestMappingInfoHandlerMapping.java:66)
	at org.springframework.web.servlet.handler.AbstractHandlerMapping.getHandler(AbstractHandlerMapping.java:491)
	at org.springframework.web.servlet.DispatcherServlet.getHandler(DispatcherServlet.java:1254)
	at org.springframework.web.servlet.DispatcherServlet.doDispatch(DispatcherServlet.java:1036)
	at org.springframework.web.servlet.DispatcherServlet.doService(DispatcherServlet.java:962)
	at org.springframework.web.servlet.FrameworkServlet.processRequest(FrameworkServlet.java:1006)
	at org.springframework.web.servlet.FrameworkServlet.doGet(FrameworkServlet.java:898)
	at javax.servlet.http.HttpServlet.service(HttpServlet.java:626)
	at org.springframework.web.servlet.FrameworkServlet.service(FrameworkServlet.java:883)
	at javax.servlet.http.HttpServlet.service(HttpServlet.java:733)
	at org.apache.catalina.core.ApplicationFilterChain.internalDoFilter(ApplicationFilterChain.java:227)
	at org.apache.catalina.core.ApplicationFilterChain.doFilter(ApplicationFilterChain.java:162)
	at org.apache.tomcat.websocket.server.WsFilter.doFilter(WsFilter.java:53)
	at org.apache.catalina.core.ApplicationFilterChain.internalDoFilter(ApplicationFilterChain.java:189)
	at org.apache.catalina.core.ApplicationFilterChain.doFilter(ApplicationFilterChain.java:162)
	at org.springframework.web.servlet.resource.ResourceUrlEncodingFilter.doFilter(ResourceUrlEncodingFilter.java:67)
	at org.apache.catalina.core.ApplicationFilterChain.internalDoFilter(ApplicationFilterChain.java:189)
	at org.apache.catalina.core.ApplicationFilterChain.doFilter(ApplicationFilterChain.java:162)
	at org.springframework.web.filter.RequestContextFilter.doFilterInternal(RequestContextFilter.java:100)
	at org.springframework.web.filter.OncePerRequestFilter.doFilter(OncePerRequestFilter.java:119)
	at org.apache.catalina.core.ApplicationFilterChain.internalDoFilter(ApplicationFilterChain.java:189)
	at org.apache.catalina.core.ApplicationFilterChain.doFilter(ApplicationFilterChain.java:162)
	at org.springframework.web.filter.FormContentFilter.doFilterInternal(FormContentFilter.java:93)
	at org.springframework.web.filter.OncePerRequestFilter.doFilter(OncePerRequestFilter.java:119)
	at org.apache.catalina.core.ApplicationFilterChain.internalDoFilter(ApplicationFilterChain.java:189)
	at org.apache.catalina.core.ApplicationFilterChain.doFilter(ApplicationFilterChain.java:162)
	at org.springframework.web.filter.CharacterEncodingFilter.doFilterInternal(CharacterEncodingFilter.java:201)
	at org.springframework.web.filter.OncePerRequestFilter.doFilter(OncePerRequestFilter.java:119)
	at org.apache.catalina.core.ApplicationFilterChain.internalDoFilter(ApplicationFilterChain.java:189)
	at org.apache.catalina.core.ApplicationFilterChain.doFilter(ApplicationFilterChain.java:162)
	at org.apache.catalina.core.StandardWrapperValve.invoke(StandardWrapperValve.java:202)
	at org.apache.catalina.core.StandardContextValve.invoke(StandardContextValve.java:97)
	at org.apache.catalina.authenticator.AuthenticatorBase.invoke(AuthenticatorBase.java:542)
	at org.apache.catalina.core.StandardHostValve.invoke(StandardHostValve.java:143)
	at org.apache.catalina.valves.ErrorReportValve.invoke(ErrorReportValve.java:92)
	at org.apache.catalina.core.StandardEngineValve.invoke(StandardEngineValve.java:78)
	at org.apache.catalina.connector.CoyoteAdapter.service(CoyoteAdapter.java:346)
	at org.apache.coyote.http11.Http11Processor.service(Http11Processor.java:374)
	at org.apache.coyote.AbstractProcessorLight.process(AbstractProcessorLight.java:65)
	at org.apache.coyote.AbstractProtocol$ConnectionHandler.process(AbstractProtocol.java:887)
	at org.apache.tomcat.util.net.NioEndpoint$SocketProcessor.doRun(NioEndpoint.java:1684)
	at org.apache.tomcat.util.net.SocketProcessorBase.run(SocketProcessorBase.java:49)
	at java.base/java.util.concurrent.ThreadPoolExecutor.runWorker(ThreadPoolExecutor.java:1136)
	at java.base/java.util.concurrent.ThreadPoolExecutor$Worker.run(ThreadPoolExecutor.java:635)
	at org.apache.tomcat.util.threads.TaskThread$WrappingRunnable.run(TaskThread.java:61)
	at java.base/java.lang.Thread.run(Thread.java:833)
2022-05-31 12:38:47,752 ERROR org.apache.juli.logging.DirectJDKLog [http-nio-8080-exec-5] Servlet.service() for servlet [dispatcherServlet] in context with path [] threw exception [Request processing failed; nested exception is java.lang.IllegalStateException: Ambiguous handler methods mapped for '/client/dranan01': {public org.springframework.http.ResponseEntity com.tfg.myGamesList.controller.ClientController.getClientsByUsername(java.lang.String), public org.springframework.http.ResponseEntity com.tfg.myGamesList.controller.ClientController.getClient(long)}] with root cause
java.lang.IllegalStateException: Ambiguous handler methods mapped for '/client/dranan01': {public org.springframework.http.ResponseEntity com.tfg.myGamesList.controller.ClientController.getClientsByUsername(java.lang.String), public org.springframework.http.ResponseEntity com.tfg.myGamesList.controller.ClientController.getClient(long)}
	at org.springframework.web.servlet.handler.AbstractHandlerMethodMapping.lookupHandlerMethod(AbstractHandlerMethodMapping.java:422)
	at org.springframework.web.servlet.handler.AbstractHandlerMethodMapping.getHandlerInternal(AbstractHandlerMethodMapping.java:373)
	at org.springframework.web.servlet.mvc.method.RequestMappingInfoHandlerMapping.getHandlerInternal(RequestMappingInfoHandlerMapping.java:123)
	at org.springframework.web.servlet.mvc.method.RequestMappingInfoHandlerMapping.getHandlerInternal(RequestMappingInfoHandlerMapping.java:66)
	at org.springframework.web.servlet.handler.AbstractHandlerMapping.getHandler(AbstractHandlerMapping.java:491)
	at org.springframework.web.servlet.DispatcherServlet.getHandler(DispatcherServlet.java:1254)
	at org.springframework.web.servlet.DispatcherServlet.doDispatch(DispatcherServlet.java:1036)
	at org.springframework.web.servlet.DispatcherServlet.doService(DispatcherServlet.java:962)
	at org.springframework.web.servlet.FrameworkServlet.processRequest(FrameworkServlet.java:1006)
	at org.springframework.web.servlet.FrameworkServlet.doGet(FrameworkServlet.java:898)
	at javax.servlet.http.HttpServlet.service(HttpServlet.java:626)
	at org.springframework.web.servlet.FrameworkServlet.service(FrameworkServlet.java:883)
	at javax.servlet.http.HttpServlet.service(HttpServlet.java:733)
	at org.apache.catalina.core.ApplicationFilterChain.internalDoFilter(ApplicationFilterChain.java:227)
	at org.apache.catalina.core.ApplicationFilterChain.doFilter(ApplicationFilterChain.java:162)
	at org.apache.tomcat.websocket.server.WsFilter.doFilter(WsFilter.java:53)
	at org.apache.catalina.core.ApplicationFilterChain.internalDoFilter(ApplicationFilterChain.java:189)
	at org.apache.catalina.core.ApplicationFilterChain.doFilter(ApplicationFilterChain.java:162)
	at org.springframework.web.servlet.resource.ResourceUrlEncodingFilter.doFilter(ResourceUrlEncodingFilter.java:67)
	at org.apache.catalina.core.ApplicationFilterChain.internalDoFilter(ApplicationFilterChain.java:189)
	at org.apache.catalina.core.ApplicationFilterChain.doFilter(ApplicationFilterChain.java:162)
	at org.springframework.web.filter.RequestContextFilter.doFilterInternal(RequestContextFilter.java:100)
	at org.springframework.web.filter.OncePerRequestFilter.doFilter(OncePerRequestFilter.java:119)
	at org.apache.catalina.core.ApplicationFilterChain.internalDoFilter(ApplicationFilterChain.java:189)
	at org.apache.catalina.core.ApplicationFilterChain.doFilter(ApplicationFilterChain.java:162)
	at org.springframework.web.filter.FormContentFilter.doFilterInternal(FormContentFilter.java:93)
	at org.springframework.web.filter.OncePerRequestFilter.doFilter(OncePerRequestFilter.java:119)
	at org.apache.catalina.core.ApplicationFilterChain.internalDoFilter(ApplicationFilterChain.java:189)
	at org.apache.catalina.core.ApplicationFilterChain.doFilter(ApplicationFilterChain.java:162)
	at org.springframework.web.filter.CharacterEncodingFilter.doFilterInternal(CharacterEncodingFilter.java:201)
	at org.springframework.web.filter.OncePerRequestFilter.doFilter(OncePerRequestFilter.java:119)
	at org.apache.catalina.core.ApplicationFilterChain.internalDoFilter(ApplicationFilterChain.java:189)
	at org.apache.catalina.core.ApplicationFilterChain.doFilter(ApplicationFilterChain.java:162)
	at org.apache.catalina.core.StandardWrapperValve.invoke(StandardWrapperValve.java:202)
	at org.apache.catalina.core.StandardContextValve.invoke(StandardContextValve.java:97)
	at org.apache.catalina.authenticator.AuthenticatorBase.invoke(AuthenticatorBase.java:542)
	at org.apache.catalina.core.StandardHostValve.invoke(StandardHostValve.java:143)
	at org.apache.catalina.valves.ErrorReportValve.invoke(ErrorReportValve.java:92)
	at org.apache.catalina.core.StandardEngineValve.invoke(StandardEngineValve.java:78)
	at org.apache.catalina.connector.CoyoteAdapter.service(CoyoteAdapter.java:346)
	at org.apache.coyote.http11.Http11Processor.service(Http11Processor.java:374)
	at org.apache.coyote.AbstractProcessorLight.process(AbstractProcessorLight.java:65)
	at org.apache.coyote.AbstractProtocol$ConnectionHandler.process(AbstractProtocol.java:887)
	at org.apache.tomcat.util.net.NioEndpoint$SocketProcessor.doRun(NioEndpoint.java:1684)
	at org.apache.tomcat.util.net.SocketProcessorBase.run(SocketProcessorBase.java:49)
	at java.base/java.util.concurrent.ThreadPoolExecutor.runWorker(ThreadPoolExecutor.java:1136)
	at java.base/java.util.concurrent.ThreadPoolExecutor$Worker.run(ThreadPoolExecutor.java:635)
	at org.apache.tomcat.util.threads.TaskThread$WrappingRunnable.run(TaskThread.java:61)
	at java.base/java.lang.Thread.run(Thread.java:833)
2022-05-31 12:42:53,271 INFO org.springframework.boot.StartupInfoLogger [main] Starting MyGamesListApplication using Java 17.0.2 on DESKTOP-AI0ENAG with PID 19012 (C:\Users\franm\OneDrive\Escritorio\PROYECTO FINAL\proyecto\myGamesListAPI\target\classes started by franm in C:\Users\franm\OneDrive\Escritorio\PROYECTO FINAL\proyecto\myGamesListAPI)
2022-05-31 12:42:53,275 INFO org.springframework.boot.SpringApplication [main] No active profile set, falling back to default profiles: default
2022-05-31 12:42:54,330 INFO org.springframework.data.repository.config.RepositoryConfigurationDelegate [main] Bootstrapping Spring Data JPA repositories in DEFAULT mode.
2022-05-31 12:42:54,511 INFO org.springframework.data.repository.config.RepositoryConfigurationDelegate [main] Finished Spring Data repository scanning in 167 ms. Found 3 JPA repository interfaces.
2022-05-31 12:42:55,353 INFO org.springframework.boot.web.embedded.tomcat.TomcatWebServer [main] Tomcat initialized with port(s): 8080 (http)
2022-05-31 12:42:55,362 INFO org.apache.juli.logging.DirectJDKLog [main] Initializing ProtocolHandler ["http-nio-8080"]
2022-05-31 12:42:55,363 INFO org.apache.juli.logging.DirectJDKLog [main] Starting service [Tomcat]
2022-05-31 12:42:55,363 INFO org.apache.juli.logging.DirectJDKLog [main] Starting Servlet engine: [Apache Tomcat/9.0.43]
2022-05-31 12:42:55,478 INFO org.apache.juli.logging.DirectJDKLog [main] Initializing Spring embedded WebApplicationContext
2022-05-31 12:42:55,478 INFO org.springframework.boot.web.servlet.context.ServletWebServerApplicationContext [main] Root WebApplicationContext: initialization completed in 2117 ms
2022-05-31 12:42:55,729 INFO org.hibernate.jpa.internal.util.LogHelper [main] HHH000204: Processing PersistenceUnitInfo [name: default]
2022-05-31 12:42:55,777 INFO org.hibernate.Version [main] HHH000412: Hibernate ORM core version 5.4.28.Final
2022-05-31 12:42:55,927 INFO org.hibernate.annotations.common.reflection.java.JavaReflectionManager [main] HCANN000001: Hibernate Commons Annotations {5.1.2.Final}
2022-05-31 12:42:56,060 INFO com.zaxxer.hikari.HikariDataSource [main] HikariPool-1 - Starting...
2022-05-31 12:42:56,448 INFO com.zaxxer.hikari.HikariDataSource [main] HikariPool-1 - Start completed.
2022-05-31 12:42:56,480 INFO org.hibernate.dialect.Dialect [main] HHH000400: Using dialect: org.hibernate.dialect.MySQL8Dialect
2022-05-31 12:42:57,336 INFO org.hibernate.engine.transaction.jta.platform.internal.JtaPlatformInitiator [main] HHH000490: Using JtaPlatform implementation: [org.hibernate.engine.transaction.jta.platform.internal.NoJtaPlatform]
2022-05-31 12:42:57,345 INFO org.springframework.orm.jpa.AbstractEntityManagerFactoryBean [main] Initialized JPA EntityManagerFactory for persistence unit 'default'
2022-05-31 12:42:57,831 WARN org.springframework.boot.autoconfigure.orm.jpa.JpaBaseConfiguration$JpaWebConfiguration [main] spring.jpa.open-in-view is enabled by default. Therefore, database queries may be performed during view rendering. Explicitly configure spring.jpa.open-in-view to disable this warning
2022-05-31 12:42:58,010 INFO org.springframework.scheduling.concurrent.ExecutorConfigurationSupport [main] Initializing ExecutorService 'applicationTaskExecutor'
2022-05-31 12:42:59,225 WARN org.springframework.boot.autoconfigure.thymeleaf.ThymeleafAutoConfiguration$DefaultTemplateResolverConfiguration [main] Cannot find template location: classpath:/templates/ (please add some templates or check your Thymeleaf configuration)
2022-05-31 12:42:59,498 INFO org.apache.juli.logging.DirectJDKLog [main] Starting ProtocolHandler ["http-nio-8080"]
2022-05-31 12:42:59,557 INFO org.springframework.boot.web.embedded.tomcat.TomcatWebServer [main] Tomcat started on port(s): 8080 (http) with context path ''
2022-05-31 12:42:59,578 INFO org.springframework.boot.StartupInfoLogger [main] Started MyGamesListApplication in 6.809 seconds (JVM running for 7.422)
2022-05-31 12:43:45,698 INFO org.apache.juli.logging.DirectJDKLog [http-nio-8080-exec-1] Initializing Spring DispatcherServlet 'dispatcherServlet'
2022-05-31 12:43:45,699 INFO org.springframework.web.servlet.FrameworkServlet [http-nio-8080-exec-1] Initializing Servlet 'dispatcherServlet'
2022-05-31 12:43:45,703 INFO org.springframework.web.servlet.FrameworkServlet [http-nio-8080-exec-1] Completed initialization in 4 ms
2022-05-31 12:43:45,731 ERROR org.apache.juli.logging.DirectJDKLog [http-nio-8080-exec-1] Servlet.service() for servlet [dispatcherServlet] in context with path [] threw exception [Request processing failed; nested exception is java.lang.IllegalStateException: Ambiguous handler methods mapped for '/client/dranan01': {public org.springframework.http.ResponseEntity com.tfg.myGamesList.controller.ClientController.getClientsByUsername(java.lang.String), public org.springframework.http.ResponseEntity com.tfg.myGamesList.controller.ClientController.getClient(long)}] with root cause
java.lang.IllegalStateException: Ambiguous handler methods mapped for '/client/dranan01': {public org.springframework.http.ResponseEntity com.tfg.myGamesList.controller.ClientController.getClientsByUsername(java.lang.String), public org.springframework.http.ResponseEntity com.tfg.myGamesList.controller.ClientController.getClient(long)}
	at org.springframework.web.servlet.handler.AbstractHandlerMethodMapping.lookupHandlerMethod(AbstractHandlerMethodMapping.java:422)
	at org.springframework.web.servlet.handler.AbstractHandlerMethodMapping.getHandlerInternal(AbstractHandlerMethodMapping.java:373)
	at org.springframework.web.servlet.mvc.method.RequestMappingInfoHandlerMapping.getHandlerInternal(RequestMappingInfoHandlerMapping.java:123)
	at org.springframework.web.servlet.mvc.method.RequestMappingInfoHandlerMapping.getHandlerInternal(RequestMappingInfoHandlerMapping.java:66)
	at org.springframework.web.servlet.handler.AbstractHandlerMapping.getHandler(AbstractHandlerMapping.java:491)
	at org.springframework.web.servlet.DispatcherServlet.getHandler(DispatcherServlet.java:1254)
	at org.springframework.web.servlet.DispatcherServlet.doDispatch(DispatcherServlet.java:1036)
	at org.springframework.web.servlet.DispatcherServlet.doService(DispatcherServlet.java:962)
	at org.springframework.web.servlet.FrameworkServlet.processRequest(FrameworkServlet.java:1006)
	at org.springframework.web.servlet.FrameworkServlet.doGet(FrameworkServlet.java:898)
	at javax.servlet.http.HttpServlet.service(HttpServlet.java:626)
	at org.springframework.web.servlet.FrameworkServlet.service(FrameworkServlet.java:883)
	at javax.servlet.http.HttpServlet.service(HttpServlet.java:733)
	at org.apache.catalina.core.ApplicationFilterChain.internalDoFilter(ApplicationFilterChain.java:227)
	at org.apache.catalina.core.ApplicationFilterChain.doFilter(ApplicationFilterChain.java:162)
	at org.apache.tomcat.websocket.server.WsFilter.doFilter(WsFilter.java:53)
	at org.apache.catalina.core.ApplicationFilterChain.internalDoFilter(ApplicationFilterChain.java:189)
	at org.apache.catalina.core.ApplicationFilterChain.doFilter(ApplicationFilterChain.java:162)
	at org.springframework.web.servlet.resource.ResourceUrlEncodingFilter.doFilter(ResourceUrlEncodingFilter.java:67)
	at org.apache.catalina.core.ApplicationFilterChain.internalDoFilter(ApplicationFilterChain.java:189)
	at org.apache.catalina.core.ApplicationFilterChain.doFilter(ApplicationFilterChain.java:162)
	at org.springframework.web.filter.RequestContextFilter.doFilterInternal(RequestContextFilter.java:100)
	at org.springframework.web.filter.OncePerRequestFilter.doFilter(OncePerRequestFilter.java:119)
	at org.apache.catalina.core.ApplicationFilterChain.internalDoFilter(ApplicationFilterChain.java:189)
	at org.apache.catalina.core.ApplicationFilterChain.doFilter(ApplicationFilterChain.java:162)
	at org.springframework.web.filter.FormContentFilter.doFilterInternal(FormContentFilter.java:93)
	at org.springframework.web.filter.OncePerRequestFilter.doFilter(OncePerRequestFilter.java:119)
	at org.apache.catalina.core.ApplicationFilterChain.internalDoFilter(ApplicationFilterChain.java:189)
	at org.apache.catalina.core.ApplicationFilterChain.doFilter(ApplicationFilterChain.java:162)
	at org.springframework.web.filter.CharacterEncodingFilter.doFilterInternal(CharacterEncodingFilter.java:201)
	at org.springframework.web.filter.OncePerRequestFilter.doFilter(OncePerRequestFilter.java:119)
	at org.apache.catalina.core.ApplicationFilterChain.internalDoFilter(ApplicationFilterChain.java:189)
	at org.apache.catalina.core.ApplicationFilterChain.doFilter(ApplicationFilterChain.java:162)
	at org.apache.catalina.core.StandardWrapperValve.invoke(StandardWrapperValve.java:202)
	at org.apache.catalina.core.StandardContextValve.invoke(StandardContextValve.java:97)
	at org.apache.catalina.authenticator.AuthenticatorBase.invoke(AuthenticatorBase.java:542)
	at org.apache.catalina.core.StandardHostValve.invoke(StandardHostValve.java:143)
	at org.apache.catalina.valves.ErrorReportValve.invoke(ErrorReportValve.java:92)
	at org.apache.catalina.core.StandardEngineValve.invoke(StandardEngineValve.java:78)
	at org.apache.catalina.connector.CoyoteAdapter.service(CoyoteAdapter.java:346)
	at org.apache.coyote.http11.Http11Processor.service(Http11Processor.java:374)
	at org.apache.coyote.AbstractProcessorLight.process(AbstractProcessorLight.java:65)
	at org.apache.coyote.AbstractProtocol$ConnectionHandler.process(AbstractProtocol.java:887)
	at org.apache.tomcat.util.net.NioEndpoint$SocketProcessor.doRun(NioEndpoint.java:1684)
	at org.apache.tomcat.util.net.SocketProcessorBase.run(SocketProcessorBase.java:49)
	at java.base/java.util.concurrent.ThreadPoolExecutor.runWorker(ThreadPoolExecutor.java:1136)
	at java.base/java.util.concurrent.ThreadPoolExecutor$Worker.run(ThreadPoolExecutor.java:635)
	at org.apache.tomcat.util.threads.TaskThread$WrappingRunnable.run(TaskThread.java:61)
	at java.base/java.lang.Thread.run(Thread.java:833)
2022-05-31 12:46:11,157 INFO org.springframework.boot.StartupInfoLogger [main] Starting MyGamesListApplication using Java 17.0.2 on DESKTOP-AI0ENAG with PID 15816 (C:\Users\franm\OneDrive\Escritorio\PROYECTO FINAL\proyecto\myGamesListAPI\target\classes started by franm in C:\Users\franm\OneDrive\Escritorio\PROYECTO FINAL\proyecto\myGamesListAPI)
2022-05-31 12:46:11,162 INFO org.springframework.boot.SpringApplication [main] No active profile set, falling back to default profiles: default
2022-05-31 12:46:12,146 INFO org.springframework.data.repository.config.RepositoryConfigurationDelegate [main] Bootstrapping Spring Data JPA repositories in DEFAULT mode.
2022-05-31 12:46:12,331 INFO org.springframework.data.repository.config.RepositoryConfigurationDelegate [main] Finished Spring Data repository scanning in 173 ms. Found 3 JPA repository interfaces.
2022-05-31 12:46:13,137 INFO org.springframework.boot.web.embedded.tomcat.TomcatWebServer [main] Tomcat initialized with port(s): 8080 (http)
2022-05-31 12:46:13,148 INFO org.apache.juli.logging.DirectJDKLog [main] Initializing ProtocolHandler ["http-nio-8080"]
2022-05-31 12:46:13,148 INFO org.apache.juli.logging.DirectJDKLog [main] Starting service [Tomcat]
2022-05-31 12:46:13,149 INFO org.apache.juli.logging.DirectJDKLog [main] Starting Servlet engine: [Apache Tomcat/9.0.43]
2022-05-31 12:46:13,286 INFO org.apache.juli.logging.DirectJDKLog [main] Initializing Spring embedded WebApplicationContext
2022-05-31 12:46:13,286 INFO org.springframework.boot.web.servlet.context.ServletWebServerApplicationContext [main] Root WebApplicationContext: initialization completed in 2038 ms
2022-05-31 12:46:13,574 INFO org.hibernate.jpa.internal.util.LogHelper [main] HHH000204: Processing PersistenceUnitInfo [name: default]
2022-05-31 12:46:13,635 INFO org.hibernate.Version [main] HHH000412: Hibernate ORM core version 5.4.28.Final
2022-05-31 12:46:13,778 INFO org.hibernate.annotations.common.reflection.java.JavaReflectionManager [main] HCANN000001: Hibernate Commons Annotations {5.1.2.Final}
2022-05-31 12:46:13,892 INFO com.zaxxer.hikari.HikariDataSource [main] HikariPool-1 - Starting...
2022-05-31 12:46:14,268 INFO com.zaxxer.hikari.HikariDataSource [main] HikariPool-1 - Start completed.
2022-05-31 12:46:14,296 INFO org.hibernate.dialect.Dialect [main] HHH000400: Using dialect: org.hibernate.dialect.MySQL8Dialect
2022-05-31 12:46:15,217 INFO org.hibernate.engine.transaction.jta.platform.internal.JtaPlatformInitiator [main] HHH000490: Using JtaPlatform implementation: [org.hibernate.engine.transaction.jta.platform.internal.NoJtaPlatform]
2022-05-31 12:46:15,227 INFO org.springframework.orm.jpa.AbstractEntityManagerFactoryBean [main] Initialized JPA EntityManagerFactory for persistence unit 'default'
2022-05-31 12:46:15,894 WARN org.springframework.boot.autoconfigure.orm.jpa.JpaBaseConfiguration$JpaWebConfiguration [main] spring.jpa.open-in-view is enabled by default. Therefore, database queries may be performed during view rendering. Explicitly configure spring.jpa.open-in-view to disable this warning
2022-05-31 12:46:15,978 INFO org.springframework.scheduling.concurrent.ExecutorConfigurationSupport [main] Initializing ExecutorService 'applicationTaskExecutor'
2022-05-31 12:46:17,480 WARN org.springframework.boot.autoconfigure.thymeleaf.ThymeleafAutoConfiguration$DefaultTemplateResolverConfiguration [main] Cannot find template location: classpath:/templates/ (please add some templates or check your Thymeleaf configuration)
2022-05-31 12:46:17,924 INFO org.apache.juli.logging.DirectJDKLog [main] Starting ProtocolHandler ["http-nio-8080"]
2022-05-31 12:46:18,129 INFO org.springframework.boot.web.embedded.tomcat.TomcatWebServer [main] Tomcat started on port(s): 8080 (http) with context path ''
2022-05-31 12:46:18,142 INFO org.springframework.boot.StartupInfoLogger [main] Started MyGamesListApplication in 7.484 seconds (JVM running for 7.933)
2022-05-31 12:46:27,731 INFO org.apache.juli.logging.DirectJDKLog [http-nio-8080-exec-1] Initializing Spring DispatcherServlet 'dispatcherServlet'
2022-05-31 12:46:27,731 INFO org.springframework.web.servlet.FrameworkServlet [http-nio-8080-exec-1] Initializing Servlet 'dispatcherServlet'
2022-05-31 12:46:27,732 INFO org.springframework.web.servlet.FrameworkServlet [http-nio-8080-exec-1] Completed initialization in 0 ms
2022-05-31 12:46:27,783 INFO com.tfg.myGamesList.controller.ClientController [http-nio-8080-exec-1] start getClients
2022-05-31 12:46:28,016 INFO com.tfg.myGamesList.controller.ClientController [http-nio-8080-exec-1] fin GetClients
2022-05-31 12:46:51,182 INFO org.springframework.boot.StartupInfoLogger [main] Starting MyGamesListApplication using Java 17.0.2 on DESKTOP-AI0ENAG with PID 11592 (C:\Users\franm\OneDrive\Escritorio\PROYECTO FINAL\proyecto\myGamesListAPI\target\classes started by franm in C:\Users\franm\OneDrive\Escritorio\PROYECTO FINAL\proyecto\myGamesListAPI)
2022-05-31 12:46:51,188 INFO org.springframework.boot.SpringApplication [main] No active profile set, falling back to default profiles: default
2022-05-31 12:46:52,893 INFO org.springframework.data.repository.config.RepositoryConfigurationDelegate [main] Bootstrapping Spring Data JPA repositories in DEFAULT mode.
2022-05-31 12:46:53,170 INFO org.springframework.data.repository.config.RepositoryConfigurationDelegate [main] Finished Spring Data repository scanning in 261 ms. Found 3 JPA repository interfaces.
2022-05-31 12:46:54,465 INFO org.springframework.boot.web.embedded.tomcat.TomcatWebServer [main] Tomcat initialized with port(s): 8080 (http)
2022-05-31 12:46:54,478 INFO org.apache.juli.logging.DirectJDKLog [main] Initializing ProtocolHandler ["http-nio-8080"]
2022-05-31 12:46:54,479 INFO org.apache.juli.logging.DirectJDKLog [main] Starting service [Tomcat]
2022-05-31 12:46:54,479 INFO org.apache.juli.logging.DirectJDKLog [main] Starting Servlet engine: [Apache Tomcat/9.0.43]
2022-05-31 12:46:54,607 INFO org.apache.juli.logging.DirectJDKLog [main] Initializing Spring embedded WebApplicationContext
2022-05-31 12:46:54,608 INFO org.springframework.boot.web.servlet.context.ServletWebServerApplicationContext [main] Root WebApplicationContext: initialization completed in 3295 ms
2022-05-31 12:46:55,032 INFO org.hibernate.jpa.internal.util.LogHelper [main] HHH000204: Processing PersistenceUnitInfo [name: default]
2022-05-31 12:46:55,184 INFO org.hibernate.Version [main] HHH000412: Hibernate ORM core version 5.4.28.Final
2022-05-31 12:46:55,363 INFO org.hibernate.annotations.common.reflection.java.JavaReflectionManager [main] HCANN000001: Hibernate Commons Annotations {5.1.2.Final}
2022-05-31 12:46:55,508 INFO com.zaxxer.hikari.HikariDataSource [main] HikariPool-1 - Starting...
2022-05-31 12:46:56,016 INFO com.zaxxer.hikari.HikariDataSource [main] HikariPool-1 - Start completed.
2022-05-31 12:46:56,046 INFO org.hibernate.dialect.Dialect [main] HHH000400: Using dialect: org.hibernate.dialect.MySQL8Dialect
2022-05-31 12:46:57,312 INFO org.hibernate.engine.transaction.jta.platform.internal.JtaPlatformInitiator [main] HHH000490: Using JtaPlatform implementation: [org.hibernate.engine.transaction.jta.platform.internal.NoJtaPlatform]
2022-05-31 12:46:57,320 INFO org.springframework.orm.jpa.AbstractEntityManagerFactoryBean [main] Initialized JPA EntityManagerFactory for persistence unit 'default'
2022-05-31 12:47:03,120 WARN org.springframework.boot.autoconfigure.orm.jpa.JpaBaseConfiguration$JpaWebConfiguration [main] spring.jpa.open-in-view is enabled by default. Therefore, database queries may be performed during view rendering. Explicitly configure spring.jpa.open-in-view to disable this warning
2022-05-31 12:47:03,879 INFO org.springframework.scheduling.concurrent.ExecutorConfigurationSupport [main] Initializing ExecutorService 'applicationTaskExecutor'
2022-05-31 12:47:10,546 WARN org.springframework.boot.autoconfigure.thymeleaf.ThymeleafAutoConfiguration$DefaultTemplateResolverConfiguration [main] Cannot find template location: classpath:/templates/ (please add some templates or check your Thymeleaf configuration)
2022-05-31 12:47:12,620 INFO org.apache.juli.logging.DirectJDKLog [main] Starting ProtocolHandler ["http-nio-8080"]
2022-05-31 12:47:12,711 INFO org.springframework.boot.web.embedded.tomcat.TomcatWebServer [main] Tomcat started on port(s): 8080 (http) with context path ''
2022-05-31 12:47:12,910 INFO org.springframework.boot.StartupInfoLogger [main] Started MyGamesListApplication in 22.413 seconds (JVM running for 23.175)
2022-05-31 12:47:13,050 INFO org.apache.juli.logging.DirectJDKLog [http-nio-8080-exec-1] Initializing Spring DispatcherServlet 'dispatcherServlet'
2022-05-31 12:47:13,052 INFO org.springframework.web.servlet.FrameworkServlet [http-nio-8080-exec-1] Initializing Servlet 'dispatcherServlet'
2022-05-31 12:47:13,093 INFO org.springframework.web.servlet.FrameworkServlet [http-nio-8080-exec-1] Completed initialization in 32 ms
2022-05-31 12:47:25,245 INFO com.tfg.myGamesList.controller.ClientController [http-nio-8080-exec-1] start getClients
2022-05-31 12:47:49,098 INFO com.tfg.myGamesList.controller.ClientController [http-nio-8080-exec-1] fin GetClients
2022-05-31 12:48:20,029 INFO org.springframework.boot.StartupInfoLogger [main] Starting MyGamesListApplication using Java 17.0.2 on DESKTOP-AI0ENAG with PID 9416 (C:\Users\franm\OneDrive\Escritorio\PROYECTO FINAL\proyecto\myGamesListAPI\target\classes started by franm in C:\Users\franm\OneDrive\Escritorio\PROYECTO FINAL\proyecto\myGamesListAPI)
2022-05-31 12:48:20,034 INFO org.springframework.boot.SpringApplication [main] No active profile set, falling back to default profiles: default
2022-05-31 12:48:21,094 INFO org.springframework.data.repository.config.RepositoryConfigurationDelegate [main] Bootstrapping Spring Data JPA repositories in DEFAULT mode.
2022-05-31 12:48:21,282 INFO org.springframework.data.repository.config.RepositoryConfigurationDelegate [main] Finished Spring Data repository scanning in 176 ms. Found 3 JPA repository interfaces.
2022-05-31 12:48:22,086 INFO org.springframework.boot.web.embedded.tomcat.TomcatWebServer [main] Tomcat initialized with port(s): 8080 (http)
2022-05-31 12:48:22,097 INFO org.apache.juli.logging.DirectJDKLog [main] Initializing ProtocolHandler ["http-nio-8080"]
2022-05-31 12:48:22,097 INFO org.apache.juli.logging.DirectJDKLog [main] Starting service [Tomcat]
2022-05-31 12:48:22,098 INFO org.apache.juli.logging.DirectJDKLog [main] Starting Servlet engine: [Apache Tomcat/9.0.43]
2022-05-31 12:48:22,224 INFO org.apache.juli.logging.DirectJDKLog [main] Initializing Spring embedded WebApplicationContext
2022-05-31 12:48:22,224 INFO org.springframework.boot.web.servlet.context.ServletWebServerApplicationContext [main] Root WebApplicationContext: initialization completed in 2065 ms
2022-05-31 12:48:22,484 INFO org.hibernate.jpa.internal.util.LogHelper [main] HHH000204: Processing PersistenceUnitInfo [name: default]
2022-05-31 12:48:22,537 INFO org.hibernate.Version [main] HHH000412: Hibernate ORM core version 5.4.28.Final
2022-05-31 12:48:22,669 INFO org.hibernate.annotations.common.reflection.java.JavaReflectionManager [main] HCANN000001: Hibernate Commons Annotations {5.1.2.Final}
2022-05-31 12:48:22,797 INFO com.zaxxer.hikari.HikariDataSource [main] HikariPool-1 - Starting...
2022-05-31 12:48:23,166 INFO com.zaxxer.hikari.HikariDataSource [main] HikariPool-1 - Start completed.
2022-05-31 12:48:23,195 INFO org.hibernate.dialect.Dialect [main] HHH000400: Using dialect: org.hibernate.dialect.MySQL8Dialect
2022-05-31 12:48:24,085 INFO org.hibernate.engine.transaction.jta.platform.internal.JtaPlatformInitiator [main] HHH000490: Using JtaPlatform implementation: [org.hibernate.engine.transaction.jta.platform.internal.NoJtaPlatform]
2022-05-31 12:48:24,094 INFO org.springframework.orm.jpa.AbstractEntityManagerFactoryBean [main] Initialized JPA EntityManagerFactory for persistence unit 'default'
2022-05-31 12:48:24,586 WARN org.springframework.boot.autoconfigure.orm.jpa.JpaBaseConfiguration$JpaWebConfiguration [main] spring.jpa.open-in-view is enabled by default. Therefore, database queries may be performed during view rendering. Explicitly configure spring.jpa.open-in-view to disable this warning
2022-05-31 12:48:24,671 INFO org.springframework.scheduling.concurrent.ExecutorConfigurationSupport [main] Initializing ExecutorService 'applicationTaskExecutor'
2022-05-31 12:48:25,747 WARN org.springframework.boot.autoconfigure.thymeleaf.ThymeleafAutoConfiguration$DefaultTemplateResolverConfiguration [main] Cannot find template location: classpath:/templates/ (please add some templates or check your Thymeleaf configuration)
2022-05-31 12:48:26,014 INFO org.apache.juli.logging.DirectJDKLog [main] Starting ProtocolHandler ["http-nio-8080"]
2022-05-31 12:48:26,045 INFO org.springframework.boot.web.embedded.tomcat.TomcatWebServer [main] Tomcat started on port(s): 8080 (http) with context path ''
2022-05-31 12:48:26,055 INFO org.springframework.boot.StartupInfoLogger [main] Started MyGamesListApplication in 6.555 seconds (JVM running for 7.206)
2022-05-31 12:49:37,670 INFO org.apache.juli.logging.DirectJDKLog [http-nio-8080-exec-1] Initializing Spring DispatcherServlet 'dispatcherServlet'
2022-05-31 12:49:37,670 INFO org.springframework.web.servlet.FrameworkServlet [http-nio-8080-exec-1] Initializing Servlet 'dispatcherServlet'
2022-05-31 12:49:37,676 INFO org.springframework.web.servlet.FrameworkServlet [http-nio-8080-exec-1] Completed initialization in 5 ms
2022-05-31 12:49:37,745 INFO com.tfg.myGamesList.controller.ClientController [http-nio-8080-exec-1] start getClients
2022-05-31 12:49:37,937 INFO com.tfg.myGamesList.controller.ClientController [http-nio-8080-exec-1] fin GetClients
2022-05-31 12:49:40,668 INFO com.tfg.myGamesList.controller.ClientController [http-nio-8080-exec-2] start getClients
2022-05-31 12:49:40,673 INFO com.tfg.myGamesList.controller.ClientController [http-nio-8080-exec-2] fin GetClients
2022-05-31 12:49:42,521 INFO com.tfg.myGamesList.controller.ClientController [http-nio-8080-exec-3] start getClients
2022-05-31 12:49:42,525 INFO com.tfg.myGamesList.controller.ClientController [http-nio-8080-exec-3] fin GetClients
2022-05-31 12:49:43,174 INFO com.tfg.myGamesList.controller.ClientController [http-nio-8080-exec-4] start getClients
2022-05-31 12:49:43,179 INFO com.tfg.myGamesList.controller.ClientController [http-nio-8080-exec-4] fin GetClients
2022-05-31 12:49:43,930 INFO com.tfg.myGamesList.controller.ClientController [http-nio-8080-exec-5] start getClients
2022-05-31 12:49:43,934 INFO com.tfg.myGamesList.controller.ClientController [http-nio-8080-exec-5] fin GetClients
2022-05-31 12:49:45,871 INFO com.tfg.myGamesList.controller.ClientController [http-nio-8080-exec-6] start getClients
2022-05-31 12:49:45,876 INFO com.tfg.myGamesList.controller.ClientController [http-nio-8080-exec-6] fin GetClients
2022-05-31 12:53:07,943 INFO com.tfg.myGamesList.controller.ClientController [http-nio-8080-exec-8] start getClients
2022-05-31 12:53:07,948 INFO com.tfg.myGamesList.controller.ClientController [http-nio-8080-exec-8] fin GetClients
2022-05-31 12:53:11,303 INFO com.tfg.myGamesList.controller.ClientController [http-nio-8080-exec-9] start getClients
2022-05-31 12:53:11,307 INFO com.tfg.myGamesList.controller.ClientController [http-nio-8080-exec-9] fin GetClients
2022-05-31 12:57:24,470 INFO com.tfg.myGamesList.controller.ClientController [http-nio-8080-exec-1] start getClients
2022-05-31 12:57:24,475 INFO com.tfg.myGamesList.controller.ClientController [http-nio-8080-exec-1] fin GetClients
2022-05-31 12:58:17,882 INFO com.tfg.myGamesList.controller.ClientController [http-nio-8080-exec-2] start getClients
2022-05-31 12:58:17,887 INFO com.tfg.myGamesList.controller.ClientController [http-nio-8080-exec-2] fin GetClients
2022-05-31 12:58:25,073 INFO com.tfg.myGamesList.controller.ClientController [http-nio-8080-exec-3] start getClients
2022-05-31 12:58:25,077 INFO com.tfg.myGamesList.controller.ClientController [http-nio-8080-exec-3] fin GetClients
2022-05-31 12:58:26,290 INFO com.tfg.myGamesList.controller.ClientController [http-nio-8080-exec-4] start getClients
2022-05-31 12:58:26,293 INFO com.tfg.myGamesList.controller.ClientController [http-nio-8080-exec-4] fin GetClients
2022-05-31 12:58:41,372 INFO com.tfg.myGamesList.controller.ClientController [http-nio-8080-exec-5] start getClients
2022-05-31 12:58:41,377 INFO com.tfg.myGamesList.controller.ClientController [http-nio-8080-exec-5] fin GetClients
2022-05-31 12:58:41,783 INFO com.tfg.myGamesList.controller.ClientController [http-nio-8080-exec-6] start getClients
2022-05-31 12:58:41,787 INFO com.tfg.myGamesList.controller.ClientController [http-nio-8080-exec-6] fin GetClients
2022-05-31 12:58:42,061 INFO com.tfg.myGamesList.controller.ClientController [http-nio-8080-exec-7] start getClients
2022-05-31 12:58:42,064 INFO com.tfg.myGamesList.controller.ClientController [http-nio-8080-exec-7] fin GetClients
2022-05-31 12:58:42,362 INFO com.tfg.myGamesList.controller.ClientController [http-nio-8080-exec-8] start getClients
2022-05-31 12:58:42,366 INFO com.tfg.myGamesList.controller.ClientController [http-nio-8080-exec-8] fin GetClients
2022-05-31 12:58:42,489 INFO com.tfg.myGamesList.controller.ClientController [http-nio-8080-exec-9] start getClients
2022-05-31 12:58:42,493 INFO com.tfg.myGamesList.controller.ClientController [http-nio-8080-exec-9] fin GetClients
2022-05-31 12:58:42,608 INFO com.tfg.myGamesList.controller.ClientController [http-nio-8080-exec-10] start getClients
2022-05-31 12:58:42,612 INFO com.tfg.myGamesList.controller.ClientController [http-nio-8080-exec-10] fin GetClients
2022-05-31 12:58:42,727 INFO com.tfg.myGamesList.controller.ClientController [http-nio-8080-exec-1] start getClients
2022-05-31 12:58:42,730 INFO com.tfg.myGamesList.controller.ClientController [http-nio-8080-exec-1] fin GetClients
2022-05-31 12:58:42,840 INFO com.tfg.myGamesList.controller.ClientController [http-nio-8080-exec-2] start getClients
2022-05-31 12:58:42,844 INFO com.tfg.myGamesList.controller.ClientController [http-nio-8080-exec-2] fin GetClients
2022-05-31 12:58:42,994 INFO com.tfg.myGamesList.controller.ClientController [http-nio-8080-exec-3] start getClients
2022-05-31 12:58:42,998 INFO com.tfg.myGamesList.controller.ClientController [http-nio-8080-exec-3] fin GetClients
2022-05-31 12:58:43,148 INFO com.tfg.myGamesList.controller.ClientController [http-nio-8080-exec-4] start getClients
2022-05-31 12:58:43,153 INFO com.tfg.myGamesList.controller.ClientController [http-nio-8080-exec-4] fin GetClients
2022-05-31 12:58:43,246 INFO com.tfg.myGamesList.controller.ClientController [http-nio-8080-exec-5] start getClients
2022-05-31 12:58:43,250 INFO com.tfg.myGamesList.controller.ClientController [http-nio-8080-exec-5] fin GetClients
2022-05-31 12:58:43,365 INFO com.tfg.myGamesList.controller.ClientController [http-nio-8080-exec-6] start getClients
2022-05-31 12:58:43,368 INFO com.tfg.myGamesList.controller.ClientController [http-nio-8080-exec-6] fin GetClients
2022-05-31 12:58:43,471 INFO com.tfg.myGamesList.controller.ClientController [http-nio-8080-exec-7] start getClients
2022-05-31 12:58:43,476 INFO com.tfg.myGamesList.controller.ClientController [http-nio-8080-exec-7] fin GetClients
2022-05-31 12:58:43,576 INFO com.tfg.myGamesList.controller.ClientController [http-nio-8080-exec-8] start getClients
2022-05-31 12:58:43,579 INFO com.tfg.myGamesList.controller.ClientController [http-nio-8080-exec-8] fin GetClients
2022-05-31 12:58:43,702 INFO com.tfg.myGamesList.controller.ClientController [http-nio-8080-exec-9] start getClients
2022-05-31 12:58:43,707 INFO com.tfg.myGamesList.controller.ClientController [http-nio-8080-exec-9] fin GetClients
2022-05-31 12:58:43,863 INFO com.tfg.myGamesList.controller.ClientController [http-nio-8080-exec-10] start getClients
2022-05-31 12:58:43,866 INFO com.tfg.myGamesList.controller.ClientController [http-nio-8080-exec-10] fin GetClients
2022-05-31 12:58:43,967 INFO com.tfg.myGamesList.controller.ClientController [http-nio-8080-exec-1] start getClients
2022-05-31 12:58:43,971 INFO com.tfg.myGamesList.controller.ClientController [http-nio-8080-exec-1] fin GetClients
2022-05-31 12:58:44,135 INFO com.tfg.myGamesList.controller.ClientController [http-nio-8080-exec-2] start getClients
2022-05-31 12:58:44,139 INFO com.tfg.myGamesList.controller.ClientController [http-nio-8080-exec-2] fin GetClients
2022-05-31 12:58:44,232 INFO com.tfg.myGamesList.controller.ClientController [http-nio-8080-exec-3] start getClients
2022-05-31 12:58:44,235 INFO com.tfg.myGamesList.controller.ClientController [http-nio-8080-exec-3] fin GetClients
2022-05-31 12:58:44,313 INFO com.tfg.myGamesList.controller.ClientController [http-nio-8080-exec-4] start getClients
2022-05-31 12:58:44,315 INFO com.tfg.myGamesList.controller.ClientController [http-nio-8080-exec-4] fin GetClients
2022-05-31 12:58:44,479 INFO com.tfg.myGamesList.controller.ClientController [http-nio-8080-exec-5] start getClients
2022-05-31 12:58:44,482 INFO com.tfg.myGamesList.controller.ClientController [http-nio-8080-exec-5] fin GetClients
2022-05-31 12:58:44,592 INFO com.tfg.myGamesList.controller.ClientController [http-nio-8080-exec-6] start getClients
2022-05-31 12:58:44,595 INFO com.tfg.myGamesList.controller.ClientController [http-nio-8080-exec-6] fin GetClients
2022-05-31 12:58:44,691 INFO com.tfg.myGamesList.controller.ClientController [http-nio-8080-exec-7] start getClients
2022-05-31 12:58:44,694 INFO com.tfg.myGamesList.controller.ClientController [http-nio-8080-exec-7] fin GetClients
2022-05-31 12:58:44,768 INFO com.tfg.myGamesList.controller.ClientController [http-nio-8080-exec-8] start getClients
2022-05-31 12:58:44,772 INFO com.tfg.myGamesList.controller.ClientController [http-nio-8080-exec-8] fin GetClients
2022-05-31 12:58:44,844 INFO com.tfg.myGamesList.controller.ClientController [http-nio-8080-exec-9] start getClients
2022-05-31 12:58:44,847 INFO com.tfg.myGamesList.controller.ClientController [http-nio-8080-exec-9] fin GetClients
2022-05-31 12:58:45,016 INFO com.tfg.myGamesList.controller.ClientController [http-nio-8080-exec-10] start getClients
2022-05-31 12:58:45,019 INFO com.tfg.myGamesList.controller.ClientController [http-nio-8080-exec-10] fin GetClients
2022-05-31 12:58:45,143 INFO com.tfg.myGamesList.controller.ClientController [http-nio-8080-exec-1] start getClients
2022-05-31 12:58:45,147 INFO com.tfg.myGamesList.controller.ClientController [http-nio-8080-exec-1] fin GetClients
2022-05-31 12:58:45,244 INFO com.tfg.myGamesList.controller.ClientController [http-nio-8080-exec-2] start getClients
2022-05-31 12:58:45,247 INFO com.tfg.myGamesList.controller.ClientController [http-nio-8080-exec-2] fin GetClients
2022-05-31 13:00:28,846 INFO com.tfg.myGamesList.controller.ClientController [http-nio-8080-exec-4] start getClients
2022-05-31 13:00:28,849 INFO com.tfg.myGamesList.controller.ClientController [http-nio-8080-exec-4] fin GetClients
2022-05-31 13:01:46,819 INFO com.tfg.myGamesList.controller.ClientController [http-nio-8080-exec-6] start getClients
2022-05-31 13:01:46,824 INFO com.tfg.myGamesList.controller.ClientController [http-nio-8080-exec-6] fin GetClients
2022-05-31 13:01:50,216 INFO com.tfg.myGamesList.controller.ClientController [http-nio-8080-exec-7] start getClients
2022-05-31 13:01:50,220 INFO com.tfg.myGamesList.controller.ClientController [http-nio-8080-exec-7] fin GetClients
2022-05-31 13:04:06,497 INFO com.tfg.myGamesList.controller.ClientController [http-nio-8080-exec-9] start getClients
2022-05-31 13:04:06,501 INFO com.tfg.myGamesList.controller.ClientController [http-nio-8080-exec-9] fin GetClients
2022-05-31 13:04:10,544 INFO com.tfg.myGamesList.controller.ClientController [http-nio-8080-exec-10] start getClients
2022-05-31 13:04:10,548 INFO com.tfg.myGamesList.controller.ClientController [http-nio-8080-exec-10] fin GetClients
2022-05-31 13:04:12,057 INFO com.tfg.myGamesList.controller.ClientController [http-nio-8080-exec-1] start getClients
2022-05-31 13:04:12,062 INFO com.tfg.myGamesList.controller.ClientController [http-nio-8080-exec-1] fin GetClients
2022-05-31 13:04:16,353 INFO com.tfg.myGamesList.controller.ClientController [http-nio-8080-exec-2] start getClients
2022-05-31 13:04:16,357 INFO com.tfg.myGamesList.controller.ClientController [http-nio-8080-exec-2] fin GetClients
2022-05-31 13:04:17,933 INFO com.tfg.myGamesList.controller.ClientController [http-nio-8080-exec-3] start getClients
2022-05-31 13:04:17,937 INFO com.tfg.myGamesList.controller.ClientController [http-nio-8080-exec-3] fin GetClients
2022-05-31 13:06:11,080 INFO com.tfg.myGamesList.controller.ClientController [http-nio-8080-exec-5] start getClients
2022-05-31 13:06:11,086 INFO com.tfg.myGamesList.controller.ClientController [http-nio-8080-exec-5] fin GetClients
2022-05-31 13:06:13,104 INFO com.tfg.myGamesList.controller.ClientController [http-nio-8080-exec-6] start getClients
2022-05-31 13:06:13,109 INFO com.tfg.myGamesList.controller.ClientController [http-nio-8080-exec-6] fin GetClients
2022-05-31 13:06:14,797 INFO com.tfg.myGamesList.controller.ClientController [http-nio-8080-exec-7] start getClients
2022-05-31 13:06:14,802 INFO com.tfg.myGamesList.controller.ClientController [http-nio-8080-exec-7] fin GetClients
2022-05-31 13:06:15,220 INFO com.tfg.myGamesList.controller.ClientController [http-nio-8080-exec-8] start getClients
2022-05-31 13:06:15,223 INFO com.tfg.myGamesList.controller.ClientController [http-nio-8080-exec-8] fin GetClients
2022-05-31 13:06:15,534 INFO com.tfg.myGamesList.controller.ClientController [http-nio-8080-exec-9] start getClients
2022-05-31 13:06:15,538 INFO com.tfg.myGamesList.controller.ClientController [http-nio-8080-exec-9] fin GetClients
2022-05-31 13:20:41,576 INFO com.tfg.myGamesList.controller.ClientController [http-nio-8080-exec-1] start getClients
2022-05-31 13:20:41,581 INFO com.tfg.myGamesList.controller.ClientController [http-nio-8080-exec-1] fin GetClients
2022-05-31 13:20:46,269 INFO com.tfg.myGamesList.controller.ClientController [http-nio-8080-exec-2] start getClients
2022-05-31 13:20:46,272 INFO com.tfg.myGamesList.controller.ClientController [http-nio-8080-exec-2] fin GetClients
2022-05-31 13:20:49,929 INFO com.tfg.myGamesList.controller.ClientController [http-nio-8080-exec-3] start getClients
2022-05-31 13:20:49,932 INFO com.tfg.myGamesList.controller.ClientController [http-nio-8080-exec-3] fin GetClients
2022-05-31 13:20:54,779 INFO com.tfg.myGamesList.controller.ClientController [http-nio-8080-exec-4] start getClients
2022-05-31 13:20:54,782 INFO com.tfg.myGamesList.controller.ClientController [http-nio-8080-exec-4] fin GetClients
2022-05-31 13:20:54,938 INFO com.tfg.myGamesList.controller.ClientController [http-nio-8080-exec-5] start getClients
2022-05-31 13:20:54,940 INFO com.tfg.myGamesList.controller.ClientController [http-nio-8080-exec-5] fin GetClients
2022-05-31 13:20:55,084 INFO com.tfg.myGamesList.controller.ClientController [http-nio-8080-exec-6] start getClients
2022-05-31 13:20:55,087 INFO com.tfg.myGamesList.controller.ClientController [http-nio-8080-exec-6] fin GetClients
2022-05-31 13:20:55,240 INFO com.tfg.myGamesList.controller.ClientController [http-nio-8080-exec-7] start getClients
2022-05-31 13:20:55,243 INFO com.tfg.myGamesList.controller.ClientController [http-nio-8080-exec-7] fin GetClients
2022-05-31 13:20:55,383 INFO com.tfg.myGamesList.controller.ClientController [http-nio-8080-exec-8] start getClients
2022-05-31 13:20:55,386 INFO com.tfg.myGamesList.controller.ClientController [http-nio-8080-exec-8] fin GetClients
2022-05-31 13:20:58,166 INFO com.tfg.myGamesList.controller.ClientController [http-nio-8080-exec-9] start getClients
2022-05-31 13:20:58,169 INFO com.tfg.myGamesList.controller.ClientController [http-nio-8080-exec-9] fin GetClients
2022-05-31 13:20:58,338 INFO com.tfg.myGamesList.controller.ClientController [http-nio-8080-exec-10] start getClients
2022-05-31 13:20:58,340 INFO com.tfg.myGamesList.controller.ClientController [http-nio-8080-exec-10] fin GetClients
2022-05-31 13:20:58,506 INFO com.tfg.myGamesList.controller.ClientController [http-nio-8080-exec-1] start getClients
2022-05-31 13:20:58,509 INFO com.tfg.myGamesList.controller.ClientController [http-nio-8080-exec-1] fin GetClients
2022-05-31 13:20:58,663 INFO com.tfg.myGamesList.controller.ClientController [http-nio-8080-exec-2] start getClients
2022-05-31 13:20:58,667 INFO com.tfg.myGamesList.controller.ClientController [http-nio-8080-exec-2] fin GetClients
2022-05-31 13:20:58,818 INFO com.tfg.myGamesList.controller.ClientController [http-nio-8080-exec-3] start getClients
2022-05-31 13:20:58,822 INFO com.tfg.myGamesList.controller.ClientController [http-nio-8080-exec-3] fin GetClients
2022-05-31 13:20:58,966 INFO com.tfg.myGamesList.controller.ClientController [http-nio-8080-exec-4] start getClients
2022-05-31 13:20:58,969 INFO com.tfg.myGamesList.controller.ClientController [http-nio-8080-exec-4] fin GetClients
2022-05-31 13:20:59,143 INFO com.tfg.myGamesList.controller.ClientController [http-nio-8080-exec-5] start getClients
2022-05-31 13:20:59,146 INFO com.tfg.myGamesList.controller.ClientController [http-nio-8080-exec-5] fin GetClients
2022-05-31 13:20:59,339 INFO com.tfg.myGamesList.controller.ClientController [http-nio-8080-exec-6] start getClients
2022-05-31 13:20:59,343 INFO com.tfg.myGamesList.controller.ClientController [http-nio-8080-exec-6] fin GetClients
2022-05-31 13:21:11,433 INFO com.tfg.myGamesList.controller.ClientController [http-nio-8080-exec-7] start getClients
2022-05-31 13:21:11,436 INFO com.tfg.myGamesList.controller.ClientController [http-nio-8080-exec-7] fin GetClients
2022-05-31 13:35:28,363 INFO com.tfg.myGamesList.controller.ClientController [http-nio-8080-exec-9] start getClients
2022-05-31 13:35:28,370 INFO com.tfg.myGamesList.controller.ClientController [http-nio-8080-exec-9] fin GetClients
2022-05-31 13:35:38,139 INFO com.tfg.myGamesList.controller.ClientController [http-nio-8080-exec-10] start getClients
2022-05-31 13:35:38,144 INFO com.tfg.myGamesList.controller.ClientController [http-nio-8080-exec-10] fin GetClients
2022-05-31 13:35:38,980 INFO com.tfg.myGamesList.controller.ClientController [http-nio-8080-exec-1] start getClients
2022-05-31 13:35:38,984 INFO com.tfg.myGamesList.controller.ClientController [http-nio-8080-exec-1] fin GetClients
2022-05-31 13:35:39,295 INFO com.tfg.myGamesList.controller.ClientController [http-nio-8080-exec-2] start getClients
2022-05-31 13:35:39,298 INFO com.tfg.myGamesList.controller.ClientController [http-nio-8080-exec-2] fin GetClients
2022-05-31 13:35:39,459 INFO com.tfg.myGamesList.controller.ClientController [http-nio-8080-exec-3] start getClients
2022-05-31 13:35:39,462 INFO com.tfg.myGamesList.controller.ClientController [http-nio-8080-exec-3] fin GetClients
2022-05-31 13:35:40,053 INFO com.tfg.myGamesList.controller.ClientController [http-nio-8080-exec-4] start getClients
2022-05-31 13:35:40,057 INFO com.tfg.myGamesList.controller.ClientController [http-nio-8080-exec-4] fin GetClients
2022-05-31 13:35:40,195 INFO com.tfg.myGamesList.controller.ClientController [http-nio-8080-exec-5] start getClients
2022-05-31 13:35:40,197 INFO com.tfg.myGamesList.controller.ClientController [http-nio-8080-exec-5] fin GetClients
2022-05-31 13:35:40,306 INFO com.tfg.myGamesList.controller.ClientController [http-nio-8080-exec-6] start getClients
2022-05-31 13:35:40,308 INFO com.tfg.myGamesList.controller.ClientController [http-nio-8080-exec-6] fin GetClients
2022-05-31 13:35:40,426 INFO com.tfg.myGamesList.controller.ClientController [http-nio-8080-exec-7] start getClients
2022-05-31 13:35:40,429 INFO com.tfg.myGamesList.controller.ClientController [http-nio-8080-exec-7] fin GetClients
2022-05-31 13:35:40,526 INFO com.tfg.myGamesList.controller.ClientController [http-nio-8080-exec-8] start getClients
2022-05-31 13:35:40,530 INFO com.tfg.myGamesList.controller.ClientController [http-nio-8080-exec-8] fin GetClients
2022-05-31 13:35:40,648 INFO com.tfg.myGamesList.controller.ClientController [http-nio-8080-exec-9] start getClients
2022-05-31 13:35:40,652 INFO com.tfg.myGamesList.controller.ClientController [http-nio-8080-exec-9] fin GetClients
2022-05-31 13:36:03,061 INFO com.tfg.myGamesList.controller.ClientController [http-nio-8080-exec-10] start getClients
2022-05-31 13:36:03,065 INFO com.tfg.myGamesList.controller.ClientController [http-nio-8080-exec-10] fin GetClients
2022-05-31 13:37:13,838 INFO com.tfg.myGamesList.controller.ClientController [http-nio-8080-exec-2] start getClients
2022-05-31 13:37:13,854 INFO com.tfg.myGamesList.controller.ClientController [http-nio-8080-exec-2] fin GetClients
2022-05-31 13:38:11,486 INFO com.tfg.myGamesList.controller.ClientController [http-nio-8080-exec-3] start getClients
2022-05-31 13:38:11,492 INFO com.tfg.myGamesList.controller.ClientController [http-nio-8080-exec-3] fin GetClients
2022-05-31 13:54:54,234 INFO com.tfg.myGamesList.controller.ClientController [http-nio-8080-exec-5] start getClients
2022-05-31 13:54:54,240 INFO com.tfg.myGamesList.controller.ClientController [http-nio-8080-exec-5] fin GetClients
2022-05-31 13:54:56,376 INFO com.tfg.myGamesList.controller.ClientController [http-nio-8080-exec-6] start getClients
2022-05-31 13:54:56,381 INFO com.tfg.myGamesList.controller.ClientController [http-nio-8080-exec-6] fin GetClients
2022-05-31 13:54:56,562 INFO com.tfg.myGamesList.controller.ClientController [http-nio-8080-exec-7] start getClients
2022-05-31 13:54:56,566 INFO com.tfg.myGamesList.controller.ClientController [http-nio-8080-exec-7] fin GetClients
2022-05-31 13:54:56,717 INFO com.tfg.myGamesList.controller.ClientController [http-nio-8080-exec-8] start getClients
2022-05-31 13:54:56,720 INFO com.tfg.myGamesList.controller.ClientController [http-nio-8080-exec-8] fin GetClients
2022-05-31 13:57:18,142 WARN org.springframework.web.servlet.handler.AbstractHandlerExceptionResolver [http-nio-8080-exec-10] Resolved [org.springframework.web.method.annotation.MethodArgumentTypeMismatchException: Failed to convert value of type 'java.lang.String' to required type 'long'; nested exception is java.lang.NumberFormatException: For input string: "username"]
2022-05-31 13:57:26,138 INFO com.tfg.myGamesList.controller.ClientController [http-nio-8080-exec-1] start getClients
2022-05-31 13:57:26,141 INFO com.tfg.myGamesList.controller.ClientController [http-nio-8080-exec-1] fin GetClients
2022-05-31 13:57:28,135 INFO com.tfg.myGamesList.controller.ClientController [http-nio-8080-exec-2] start getClients
2022-05-31 13:57:28,138 INFO com.tfg.myGamesList.controller.ClientController [http-nio-8080-exec-2] fin GetClients
2022-05-31 13:57:28,520 INFO com.tfg.myGamesList.controller.ClientController [http-nio-8080-exec-3] start getClients
2022-05-31 13:57:28,523 INFO com.tfg.myGamesList.controller.ClientController [http-nio-8080-exec-3] fin GetClients
2022-05-31 13:57:28,649 INFO com.tfg.myGamesList.controller.ClientController [http-nio-8080-exec-4] start getClients
2022-05-31 13:57:28,652 INFO com.tfg.myGamesList.controller.ClientController [http-nio-8080-exec-4] fin GetClients
2022-05-31 13:57:36,006 WARN org.springframework.web.servlet.handler.AbstractHandlerExceptionResolver [http-nio-8080-exec-5] Resolved [org.springframework.web.method.annotation.MethodArgumentTypeMismatchException: Failed to convert value of type 'java.lang.String' to required type 'long'; nested exception is java.lang.NumberFormatException: For input string: "username"]
2022-05-31 13:57:37,072 WARN org.springframework.web.servlet.handler.AbstractHandlerExceptionResolver [http-nio-8080-exec-6] Resolved [org.springframework.web.method.annotation.MethodArgumentTypeMismatchException: Failed to convert value of type 'java.lang.String' to required type 'long'; nested exception is java.lang.NumberFormatException: For input string: "username"]
2022-05-31 13:57:37,282 WARN org.springframework.web.servlet.handler.AbstractHandlerExceptionResolver [http-nio-8080-exec-7] Resolved [org.springframework.web.method.annotation.MethodArgumentTypeMismatchException: Failed to convert value of type 'java.lang.String' to required type 'long'; nested exception is java.lang.NumberFormatException: For input string: "username"]
2022-05-31 13:57:37,448 WARN org.springframework.web.servlet.handler.AbstractHandlerExceptionResolver [http-nio-8080-exec-8] Resolved [org.springframework.web.method.annotation.MethodArgumentTypeMismatchException: Failed to convert value of type 'java.lang.String' to required type 'long'; nested exception is java.lang.NumberFormatException: For input string: "username"]
2022-05-31 15:36:09,981 INFO org.springframework.boot.StartupInfoLogger [main] Starting MyGamesListApplication using Java 17.0.2 on DESKTOP-AI0ENAG with PID 21468 (C:\Users\franm\OneDrive\Escritorio\PROYECTO FINAL\proyecto\myGamesListAPI\target\classes started by franm in C:\Users\franm\OneDrive\Escritorio\PROYECTO FINAL\proyecto\myGamesListAPI)
2022-05-31 15:36:09,986 INFO org.springframework.boot.SpringApplication [main] No active profile set, falling back to default profiles: default
2022-05-31 15:36:10,855 INFO org.springframework.data.repository.config.RepositoryConfigurationDelegate [main] Bootstrapping Spring Data JPA repositories in DEFAULT mode.
2022-05-31 15:36:11,045 INFO org.springframework.data.repository.config.RepositoryConfigurationDelegate [main] Finished Spring Data repository scanning in 178 ms. Found 3 JPA repository interfaces.
2022-05-31 15:36:11,752 INFO org.springframework.boot.web.embedded.tomcat.TomcatWebServer [main] Tomcat initialized with port(s): 8080 (http)
2022-05-31 15:36:11,767 INFO org.apache.juli.logging.DirectJDKLog [main] Initializing ProtocolHandler ["http-nio-8080"]
2022-05-31 15:36:11,768 INFO org.apache.juli.logging.DirectJDKLog [main] Starting service [Tomcat]
2022-05-31 15:36:11,768 INFO org.apache.juli.logging.DirectJDKLog [main] Starting Servlet engine: [Apache Tomcat/9.0.43]
2022-05-31 15:36:11,906 INFO org.apache.juli.logging.DirectJDKLog [main] Initializing Spring embedded WebApplicationContext
2022-05-31 15:36:11,907 INFO org.springframework.boot.web.servlet.context.ServletWebServerApplicationContext [main] Root WebApplicationContext: initialization completed in 1849 ms
2022-05-31 15:36:12,149 INFO org.hibernate.jpa.internal.util.LogHelper [main] HHH000204: Processing PersistenceUnitInfo [name: default]
2022-05-31 15:36:12,218 INFO org.hibernate.Version [main] HHH000412: Hibernate ORM core version 5.4.28.Final
2022-05-31 15:36:12,433 INFO org.hibernate.annotations.common.reflection.java.JavaReflectionManager [main] HCANN000001: Hibernate Commons Annotations {5.1.2.Final}
2022-05-31 15:36:12,557 INFO com.zaxxer.hikari.HikariDataSource [main] HikariPool-1 - Starting...
2022-05-31 15:36:12,955 INFO com.zaxxer.hikari.HikariDataSource [main] HikariPool-1 - Start completed.
2022-05-31 15:36:12,988 INFO org.hibernate.dialect.Dialect [main] HHH000400: Using dialect: org.hibernate.dialect.MySQL8Dialect
2022-05-31 15:36:13,889 INFO org.hibernate.engine.transaction.jta.platform.internal.JtaPlatformInitiator [main] HHH000490: Using JtaPlatform implementation: [org.hibernate.engine.transaction.jta.platform.internal.NoJtaPlatform]
2022-05-31 15:36:13,898 INFO org.springframework.orm.jpa.AbstractEntityManagerFactoryBean [main] Initialized JPA EntityManagerFactory for persistence unit 'default'
2022-05-31 15:36:14,326 WARN org.springframework.boot.autoconfigure.orm.jpa.JpaBaseConfiguration$JpaWebConfiguration [main] spring.jpa.open-in-view is enabled by default. Therefore, database queries may be performed during view rendering. Explicitly configure spring.jpa.open-in-view to disable this warning
2022-05-31 15:36:14,396 INFO org.springframework.scheduling.concurrent.ExecutorConfigurationSupport [main] Initializing ExecutorService 'applicationTaskExecutor'
2022-05-31 15:36:15,229 WARN org.springframework.boot.autoconfigure.thymeleaf.ThymeleafAutoConfiguration$DefaultTemplateResolverConfiguration [main] Cannot find template location: classpath:/templates/ (please add some templates or check your Thymeleaf configuration)
2022-05-31 15:36:15,417 INFO org.apache.juli.logging.DirectJDKLog [main] Starting ProtocolHandler ["http-nio-8080"]
2022-05-31 15:36:15,509 INFO org.springframework.boot.web.embedded.tomcat.TomcatWebServer [main] Tomcat started on port(s): 8080 (http) with context path ''
2022-05-31 15:36:15,522 INFO org.springframework.boot.StartupInfoLogger [main] Started MyGamesListApplication in 6.04 seconds (JVM running for 6.548)
