2022-05-30 18:29:29,789 INFO org.springframework.boot.StartupInfoLogger [main] Starting MyGamesListApplication using Java 17.0.2 on DESKTOP-AI0ENAG with PID 20964 (C:\Users\franm\OneDrive\Escritorio\PROYECTO FINAL\proyecto\myGamesListAPI\target\classes started by franm in C:\Users\franm\OneDrive\Escritorio\PROYECTO FINAL\proyecto\myGamesListAPI)
2022-05-30 18:29:29,797 INFO org.springframework.boot.SpringApplication [main] No active profile set, falling back to default profiles: default
2022-05-30 18:29:30,775 INFO org.springframework.data.repository.config.RepositoryConfigurationDelegate [main] Bootstrapping Spring Data JPA repositories in DEFAULT mode.
2022-05-30 18:29:30,976 INFO org.springframework.data.repository.config.RepositoryConfigurationDelegate [main] Finished Spring Data repository scanning in 189 ms. Found 3 JPA repository interfaces.
2022-05-30 18:29:31,920 INFO org.springframework.boot.web.embedded.tomcat.TomcatWebServer [main] Tomcat initialized with port(s): 8080 (http)
2022-05-30 18:29:31,933 INFO org.apache.juli.logging.DirectJDKLog [main] Initializing ProtocolHandler ["http-nio-8080"]
2022-05-30 18:29:31,933 INFO org.apache.juli.logging.DirectJDKLog [main] Starting service [Tomcat]
2022-05-30 18:29:31,933 INFO org.apache.juli.logging.DirectJDKLog [main] Starting Servlet engine: [Apache Tomcat/9.0.43]
2022-05-30 18:29:32,048 INFO org.apache.juli.logging.DirectJDKLog [main] Initializing Spring embedded WebApplicationContext
2022-05-30 18:29:32,048 INFO org.springframework.boot.web.servlet.context.ServletWebServerApplicationContext [main] Root WebApplicationContext: initialization completed in 2157 ms
2022-05-30 18:29:32,301 INFO org.hibernate.jpa.internal.util.LogHelper [main] HHH000204: Processing PersistenceUnitInfo [name: default]
2022-05-30 18:29:32,382 INFO org.hibernate.Version [main] HHH000412: Hibernate ORM core version 5.4.28.Final
2022-05-30 18:29:32,590 INFO org.hibernate.annotations.common.reflection.java.JavaReflectionManager [main] HCANN000001: Hibernate Commons Annotations {5.1.2.Final}
2022-05-30 18:29:32,712 INFO com.zaxxer.hikari.HikariDataSource [main] HikariPool-1 - Starting...
2022-05-30 18:29:33,202 INFO com.zaxxer.hikari.HikariDataSource [main] HikariPool-1 - Start completed.
2022-05-30 18:29:33,233 INFO org.hibernate.dialect.Dialect [main] HHH000400: Using dialect: org.hibernate.dialect.MySQL8Dialect
2022-05-30 18:29:34,178 INFO org.hibernate.engine.transaction.jta.platform.internal.JtaPlatformInitiator [main] HHH000490: Using JtaPlatform implementation: [org.hibernate.engine.transaction.jta.platform.internal.NoJtaPlatform]
2022-05-30 18:29:34,187 INFO org.springframework.orm.jpa.AbstractEntityManagerFactoryBean [main] Initialized JPA EntityManagerFactory for persistence unit 'default'
2022-05-30 18:29:34,643 WARN org.springframework.boot.autoconfigure.orm.jpa.JpaBaseConfiguration$JpaWebConfiguration [main] spring.jpa.open-in-view is enabled by default. Therefore, database queries may be performed during view rendering. Explicitly configure spring.jpa.open-in-view to disable this warning
2022-05-30 18:29:34,732 INFO org.springframework.scheduling.concurrent.ExecutorConfigurationSupport [main] Initializing ExecutorService 'applicationTaskExecutor'
2022-05-30 18:29:35,663 WARN org.springframework.boot.autoconfigure.thymeleaf.ThymeleafAutoConfiguration$DefaultTemplateResolverConfiguration [main] Cannot find template location: classpath:/templates/ (please add some templates or check your Thymeleaf configuration)
2022-05-30 18:29:35,896 INFO org.apache.juli.logging.DirectJDKLog [main] Starting ProtocolHandler ["http-nio-8080"]
2022-05-30 18:29:35,936 INFO org.springframework.boot.web.embedded.tomcat.TomcatWebServer [main] Tomcat started on port(s): 8080 (http) with context path ''
2022-05-30 18:29:35,944 INFO org.springframework.boot.StartupInfoLogger [main] Started MyGamesListApplication in 6.674 seconds (JVM running for 7.115)
2022-05-30 18:30:45,819 INFO org.apache.juli.logging.DirectJDKLog [http-nio-8080-exec-1] Initializing Spring DispatcherServlet 'dispatcherServlet'
2022-05-30 18:30:45,819 INFO org.springframework.web.servlet.FrameworkServlet [http-nio-8080-exec-1] Initializing Servlet 'dispatcherServlet'
2022-05-30 18:30:45,821 INFO org.springframework.web.servlet.FrameworkServlet [http-nio-8080-exec-1] Completed initialization in 1 ms
2022-05-30 18:30:46,597 INFO org.springdoc.api.AbstractOpenApiResource [http-nio-8080-exec-7] Init duration for springdoc-openapi is: 415 ms
2022-05-30 18:36:25,938 INFO org.springframework.boot.StartupInfoLogger [main] Starting MyGamesListApplication using Java 17.0.2 on DESKTOP-AI0ENAG with PID 18224 (C:\Users\franm\OneDrive\Escritorio\PROYECTO FINAL\proyecto\myGamesListAPI\target\classes started by franm in C:\Users\franm\OneDrive\Escritorio\PROYECTO FINAL\proyecto\myGamesListAPI)
2022-05-30 18:36:25,944 INFO org.springframework.boot.SpringApplication [main] No active profile set, falling back to default profiles: default
2022-05-30 18:36:26,793 INFO org.springframework.data.repository.config.RepositoryConfigurationDelegate [main] Bootstrapping Spring Data JPA repositories in DEFAULT mode.
2022-05-30 18:36:26,967 INFO org.springframework.data.repository.config.RepositoryConfigurationDelegate [main] Finished Spring Data repository scanning in 164 ms. Found 3 JPA repository interfaces.
2022-05-30 18:36:27,653 INFO org.springframework.boot.web.embedded.tomcat.TomcatWebServer [main] Tomcat initialized with port(s): 8080 (http)
2022-05-30 18:36:27,665 INFO org.apache.juli.logging.DirectJDKLog [main] Initializing ProtocolHandler ["http-nio-8080"]
2022-05-30 18:36:27,665 INFO org.apache.juli.logging.DirectJDKLog [main] Starting service [Tomcat]
2022-05-30 18:36:27,666 INFO org.apache.juli.logging.DirectJDKLog [main] Starting Servlet engine: [Apache Tomcat/9.0.43]
2022-05-30 18:36:27,793 INFO org.apache.juli.logging.DirectJDKLog [main] Initializing Spring embedded WebApplicationContext
2022-05-30 18:36:27,794 INFO org.springframework.boot.web.servlet.context.ServletWebServerApplicationContext [main] Root WebApplicationContext: initialization completed in 1789 ms
2022-05-30 18:36:28,030 INFO org.hibernate.jpa.internal.util.LogHelper [main] HHH000204: Processing PersistenceUnitInfo [name: default]
2022-05-30 18:36:28,082 INFO org.hibernate.Version [main] HHH000412: Hibernate ORM core version 5.4.28.Final
2022-05-30 18:36:28,219 INFO org.hibernate.annotations.common.reflection.java.JavaReflectionManager [main] HCANN000001: Hibernate Commons Annotations {5.1.2.Final}
2022-05-30 18:36:28,345 INFO com.zaxxer.hikari.HikariDataSource [main] HikariPool-1 - Starting...
2022-05-30 18:36:28,763 INFO com.zaxxer.hikari.HikariDataSource [main] HikariPool-1 - Start completed.
2022-05-30 18:36:28,799 INFO org.hibernate.dialect.Dialect [main] HHH000400: Using dialect: org.hibernate.dialect.MySQL8Dialect
2022-05-30 18:36:29,696 INFO org.hibernate.engine.transaction.jta.platform.internal.JtaPlatformInitiator [main] HHH000490: Using JtaPlatform implementation: [org.hibernate.engine.transaction.jta.platform.internal.NoJtaPlatform]
2022-05-30 18:36:29,704 INFO org.springframework.orm.jpa.AbstractEntityManagerFactoryBean [main] Initialized JPA EntityManagerFactory for persistence unit 'default'
2022-05-30 18:36:30,121 WARN org.springframework.boot.autoconfigure.orm.jpa.JpaBaseConfiguration$JpaWebConfiguration [main] spring.jpa.open-in-view is enabled by default. Therefore, database queries may be performed during view rendering. Explicitly configure spring.jpa.open-in-view to disable this warning
2022-05-30 18:36:30,191 INFO org.springframework.scheduling.concurrent.ExecutorConfigurationSupport [main] Initializing ExecutorService 'applicationTaskExecutor'
2022-05-30 18:36:31,201 WARN org.springframework.boot.autoconfigure.thymeleaf.ThymeleafAutoConfiguration$DefaultTemplateResolverConfiguration [main] Cannot find template location: classpath:/templates/ (please add some templates or check your Thymeleaf configuration)
2022-05-30 18:36:31,385 INFO org.apache.juli.logging.DirectJDKLog [main] Starting ProtocolHandler ["http-nio-8080"]
2022-05-30 18:36:31,432 INFO org.springframework.boot.web.embedded.tomcat.TomcatWebServer [main] Tomcat started on port(s): 8080 (http) with context path ''
2022-05-30 18:36:31,447 INFO org.springframework.boot.StartupInfoLogger [main] Started MyGamesListApplication in 5.98 seconds (JVM running for 6.369)
2022-05-30 18:38:26,977 INFO org.apache.juli.logging.DirectJDKLog [http-nio-8080-exec-1] Initializing Spring DispatcherServlet 'dispatcherServlet'
2022-05-30 18:38:26,978 INFO org.springframework.web.servlet.FrameworkServlet [http-nio-8080-exec-1] Initializing Servlet 'dispatcherServlet'
2022-05-30 18:38:26,979 INFO org.springframework.web.servlet.FrameworkServlet [http-nio-8080-exec-1] Completed initialization in 1 ms
2022-05-30 18:38:27,024 INFO com.tfg.myGamesList.controller.ClientController [http-nio-8080-exec-1] start getClients
2022-05-30 18:38:27,221 INFO com.tfg.myGamesList.controller.ClientController [http-nio-8080-exec-1] fin GetClients
2022-05-30 18:49:15,403 INFO com.tfg.myGamesList.controller.ClientController [http-nio-8080-exec-3] start getClients
2022-05-30 18:49:15,408 INFO com.tfg.myGamesList.controller.ClientController [http-nio-8080-exec-3] fin GetClients
2022-05-30 18:49:50,930 INFO com.tfg.myGamesList.controller.ClientController [http-nio-8080-exec-4] start getClients
2022-05-30 18:49:50,935 INFO com.tfg.myGamesList.controller.ClientController [http-nio-8080-exec-4] fin GetClients
2022-05-30 18:50:13,834 INFO com.tfg.myGamesList.controller.ClientController [http-nio-8080-exec-5] start getClients
2022-05-30 18:50:13,838 INFO com.tfg.myGamesList.controller.ClientController [http-nio-8080-exec-5] fin GetClients
2022-05-30 18:50:15,481 INFO com.tfg.myGamesList.controller.ClientController [http-nio-8080-exec-7] start getClients
2022-05-30 18:50:15,485 INFO com.tfg.myGamesList.controller.ClientController [http-nio-8080-exec-7] fin GetClients
2022-05-30 18:50:15,962 INFO com.tfg.myGamesList.controller.ClientController [http-nio-8080-exec-6] start getClients
2022-05-30 18:50:15,966 INFO com.tfg.myGamesList.controller.ClientController [http-nio-8080-exec-6] fin GetClients
2022-05-30 18:50:20,626 INFO com.tfg.myGamesList.controller.ClientController [http-nio-8080-exec-8] start getClients
2022-05-30 18:50:20,632 INFO com.tfg.myGamesList.controller.ClientController [http-nio-8080-exec-8] fin GetClients
2022-05-30 18:50:28,310 INFO com.tfg.myGamesList.controller.ClientController [http-nio-8080-exec-9] start getClients
2022-05-30 18:50:28,316 INFO com.tfg.myGamesList.controller.ClientController [http-nio-8080-exec-9] fin GetClients
2022-05-30 18:50:28,722 INFO com.tfg.myGamesList.controller.ClientController [http-nio-8080-exec-10] start getClients
2022-05-30 18:50:28,726 INFO com.tfg.myGamesList.controller.ClientController [http-nio-8080-exec-10] fin GetClients
2022-05-30 18:50:39,705 INFO com.tfg.myGamesList.controller.ClientController [http-nio-8080-exec-1] start getClients
2022-05-30 18:50:39,709 INFO com.tfg.myGamesList.controller.ClientController [http-nio-8080-exec-1] fin GetClients
2022-05-30 18:50:41,050 INFO com.tfg.myGamesList.controller.ClientController [http-nio-8080-exec-2] start getClients
2022-05-30 18:50:41,054 INFO com.tfg.myGamesList.controller.ClientController [http-nio-8080-exec-2] fin GetClients
