2022-06-07 18:22:42,525 INFO org.springframework.boot.StartupInfoLogger [main] Starting MyGamesListApplication using Java 17.0.2 on DESKTOP-AI0ENAG with PID 6532 (C:\Users\franm\OneDrive\Escritorio\PROYECTO FINAL\proyecto\myGamesListAPI\target\classes started by franm in C:\Users\franm\OneDrive\Escritorio\PROYECTO FINAL\proyecto\myGamesListAPI)
2022-06-07 18:22:42,531 INFO org.springframework.boot.SpringApplication [main] No active profile set, falling back to default profiles: default
2022-06-07 18:22:43,866 INFO org.springframework.data.repository.config.RepositoryConfigurationDelegate [main] Bootstrapping Spring Data JPA repositories in DEFAULT mode.
2022-06-07 18:22:44,068 INFO org.springframework.data.repository.config.RepositoryConfigurationDelegate [main] Finished Spring Data repository scanning in 188 ms. Found 3 JPA repository interfaces.
2022-06-07 18:22:44,939 INFO org.springframework.boot.web.embedded.tomcat.TomcatWebServer [main] Tomcat initialized with port(s): 8080 (http)
2022-06-07 18:22:44,954 INFO org.apache.juli.logging.DirectJDKLog [main] Initializing ProtocolHandler ["http-nio-8080"]
2022-06-07 18:22:44,956 INFO org.apache.juli.logging.DirectJDKLog [main] Starting service [Tomcat]
2022-06-07 18:22:44,956 INFO org.apache.juli.logging.DirectJDKLog [main] Starting Servlet engine: [Apache Tomcat/9.0.43]
2022-06-07 18:22:45,099 INFO org.apache.juli.logging.DirectJDKLog [main] Initializing Spring embedded WebApplicationContext
2022-06-07 18:22:45,100 INFO org.springframework.boot.web.servlet.context.ServletWebServerApplicationContext [main] Root WebApplicationContext: initialization completed in 2459 ms
2022-06-07 18:22:45,472 INFO org.hibernate.jpa.internal.util.LogHelper [main] HHH000204: Processing PersistenceUnitInfo [name: default]
2022-06-07 18:22:45,554 INFO org.hibernate.Version [main] HHH000412: Hibernate ORM core version 5.4.28.Final
2022-06-07 18:22:45,798 INFO org.hibernate.annotations.common.reflection.java.JavaReflectionManager [main] HCANN000001: Hibernate Commons Annotations {5.1.2.Final}
2022-06-07 18:22:45,931 INFO com.zaxxer.hikari.HikariDataSource [main] HikariPool-1 - Starting...
2022-06-07 18:22:46,510 INFO com.zaxxer.hikari.HikariDataSource [main] HikariPool-1 - Start completed.
2022-06-07 18:22:46,547 INFO org.hibernate.dialect.Dialect [main] HHH000400: Using dialect: org.hibernate.dialect.MySQL8Dialect
2022-06-07 18:22:47,583 INFO org.hibernate.engine.transaction.jta.platform.internal.JtaPlatformInitiator [main] HHH000490: Using JtaPlatform implementation: [org.hibernate.engine.transaction.jta.platform.internal.NoJtaPlatform]
2022-06-07 18:22:47,593 INFO org.springframework.orm.jpa.AbstractEntityManagerFactoryBean [main] Initialized JPA EntityManagerFactory for persistence unit 'default'
2022-06-07 18:22:48,108 WARN org.springframework.boot.autoconfigure.orm.jpa.JpaBaseConfiguration$JpaWebConfiguration [main] spring.jpa.open-in-view is enabled by default. Therefore, database queries may be performed during view rendering. Explicitly configure spring.jpa.open-in-view to disable this warning
2022-06-07 18:22:48,222 INFO org.springframework.scheduling.concurrent.ExecutorConfigurationSupport [main] Initializing ExecutorService 'applicationTaskExecutor'
2022-06-07 18:22:49,857 WARN org.springframework.boot.autoconfigure.thymeleaf.ThymeleafAutoConfiguration$DefaultTemplateResolverConfiguration [main] Cannot find template location: classpath:/templates/ (please add some templates or check your Thymeleaf configuration)
2022-06-07 18:22:50,181 INFO org.apache.juli.logging.DirectJDKLog [main] Starting ProtocolHandler ["http-nio-8080"]
2022-06-07 18:22:50,286 INFO org.springframework.boot.web.embedded.tomcat.TomcatWebServer [main] Tomcat started on port(s): 8080 (http) with context path ''
2022-06-07 18:22:50,299 INFO org.springframework.boot.StartupInfoLogger [main] Started MyGamesListApplication in 8.478 seconds (JVM running for 9.057)
2022-06-07 18:35:05,853 INFO org.apache.juli.logging.DirectJDKLog [http-nio-8080-exec-1] Initializing Spring DispatcherServlet 'dispatcherServlet'
2022-06-07 18:35:05,854 INFO org.springframework.web.servlet.FrameworkServlet [http-nio-8080-exec-1] Initializing Servlet 'dispatcherServlet'
2022-06-07 18:35:05,856 INFO org.springframework.web.servlet.FrameworkServlet [http-nio-8080-exec-1] Completed initialization in 2 ms
2022-06-07 18:35:06,556 INFO org.springdoc.api.AbstractOpenApiResource [http-nio-8080-exec-2] Init duration for springdoc-openapi is: 553 ms
2022-06-07 18:35:59,402 WARN org.springframework.web.servlet.handler.AbstractHandlerExceptionResolver [http-nio-8080-exec-4] Resolved [org.springframework.http.converter.HttpMessageNotReadableException: JSON parse error: Unrecognized character escape 'a' (code 97); nested exception is com.fasterxml.jackson.databind.JsonMappingException: Unrecognized character escape 'a' (code 97)
 at [Source: (PushbackInputStream); line: 6, column: 23] (through reference chain: com.tfg.myGamesList.model.domain.ClientResume["profilePic"])]
2022-06-07 18:36:20,684 WARN org.springframework.web.servlet.handler.AbstractHandlerExceptionResolver [http-nio-8080-exec-6] Resolved [org.springframework.http.converter.HttpMessageNotReadableException: JSON parse error: Unrecognized character escape 'a' (code 97); nested exception is com.fasterxml.jackson.databind.JsonMappingException: Unrecognized character escape 'a' (code 97)
 at [Source: (PushbackInputStream); line: 6, column: 23] (through reference chain: com.tfg.myGamesList.model.domain.ClientResume["profilePic"])]
2022-06-07 18:36:52,671 WARN org.springframework.web.servlet.handler.AbstractHandlerExceptionResolver [http-nio-8080-exec-7] Resolved [org.springframework.http.converter.HttpMessageNotReadableException: JSON parse error: Unrecognized character escape 'a' (code 97); nested exception is com.fasterxml.jackson.databind.JsonMappingException: Unrecognized character escape 'a' (code 97)
 at [Source: (PushbackInputStream); line: 6, column: 23] (through reference chain: com.tfg.myGamesList.model.domain.ClientResume["profilePic"])]
2022-06-07 18:37:10,225 INFO com.tfg.myGamesList.controller.ClientController [http-nio-8080-exec-8] start modifyClient
2022-06-07 18:37:10,279 INFO com.tfg.myGamesList.controller.ClientController [http-nio-8080-exec-8] end modifyClient
2022-06-07 18:38:48,501 INFO com.tfg.myGamesList.controller.ClientController [http-nio-8080-exec-10] start getClients
2022-06-07 18:38:48,628 INFO com.tfg.myGamesList.controller.ClientController [http-nio-8080-exec-10] fin GetClients
2022-06-07 18:38:48,643 INFO com.tfg.myGamesList.controller.ClientController [http-nio-8080-exec-2] start modifyClient
2022-06-07 18:38:48,654 INFO com.tfg.myGamesList.controller.ClientController [http-nio-8080-exec-2] end modifyClient
2022-06-07 18:38:48,836 INFO com.tfg.myGamesList.controller.ClientController [http-nio-8080-exec-3] start getClients
2022-06-07 18:38:48,841 INFO com.tfg.myGamesList.controller.ClientController [http-nio-8080-exec-3] fin GetClients
2022-06-07 18:39:58,534 INFO com.tfg.myGamesList.controller.ClientController [http-nio-8080-exec-5] start getClients
2022-06-07 18:39:58,544 INFO com.tfg.myGamesList.controller.ClientController [http-nio-8080-exec-5] fin GetClients
2022-06-07 18:40:16,740 INFO com.tfg.myGamesList.controller.ClientController [http-nio-8080-exec-6] start getClients
2022-06-07 18:40:16,745 INFO com.tfg.myGamesList.controller.ClientController [http-nio-8080-exec-6] fin GetClients
2022-06-07 18:40:40,697 INFO com.tfg.myGamesList.controller.ClientController [http-nio-8080-exec-7] start getClients
2022-06-07 18:40:40,702 INFO com.tfg.myGamesList.controller.ClientController [http-nio-8080-exec-7] fin GetClients
2022-06-07 18:40:56,670 INFO com.tfg.myGamesList.controller.ClientController [http-nio-8080-exec-8] start getClients
2022-06-07 18:40:56,677 INFO com.tfg.myGamesList.controller.ClientController [http-nio-8080-exec-8] fin GetClients
2022-06-07 18:41:11,010 INFO com.tfg.myGamesList.controller.ClientController [http-nio-8080-exec-9] start getClients
2022-06-07 18:41:11,016 INFO com.tfg.myGamesList.controller.ClientController [http-nio-8080-exec-9] fin GetClients
2022-06-07 18:42:50,132 INFO com.tfg.myGamesList.controller.ClientController [http-nio-8080-exec-1] start getClients
2022-06-07 18:42:50,137 INFO com.tfg.myGamesList.controller.ClientController [http-nio-8080-exec-1] fin GetClients
2022-06-07 18:53:18,466 INFO com.tfg.myGamesList.controller.ClientController [http-nio-8080-exec-5] start getClients
2022-06-07 18:53:18,471 INFO com.tfg.myGamesList.controller.ClientController [http-nio-8080-exec-5] fin GetClients
2022-06-07 18:53:39,742 INFO com.tfg.myGamesList.controller.ClientController [http-nio-8080-exec-6] start getClients
2022-06-07 18:53:39,747 INFO com.tfg.myGamesList.controller.ClientController [http-nio-8080-exec-6] fin GetClients
2022-06-07 18:56:21,410 INFO com.tfg.myGamesList.controller.ClientController [http-nio-8080-exec-8] start getClients
2022-06-07 18:56:21,414 INFO com.tfg.myGamesList.controller.ClientController [http-nio-8080-exec-8] fin GetClients
2022-06-07 18:56:24,723 INFO com.tfg.myGamesList.controller.ClientController [http-nio-8080-exec-9] start getClients
2022-06-07 18:56:24,729 INFO com.tfg.myGamesList.controller.ClientController [http-nio-8080-exec-9] fin GetClients
2022-06-07 18:56:50,282 INFO com.tfg.myGamesList.controller.ClientController [http-nio-8080-exec-10] start getClients
2022-06-07 18:56:50,288 INFO com.tfg.myGamesList.controller.ClientController [http-nio-8080-exec-10] fin GetClients
2022-06-07 18:57:06,429 INFO com.tfg.myGamesList.controller.ClientController [http-nio-8080-exec-1] start getClients
2022-06-07 18:57:06,433 INFO com.tfg.myGamesList.controller.ClientController [http-nio-8080-exec-1] fin GetClients
2022-06-07 18:57:13,707 INFO com.tfg.myGamesList.controller.ClientController [http-nio-8080-exec-2] start getClients
2022-06-07 18:57:13,710 INFO com.tfg.myGamesList.controller.ClientController [http-nio-8080-exec-2] fin GetClients
2022-06-07 18:57:18,479 INFO com.tfg.myGamesList.controller.ClientController [http-nio-8080-exec-3] start modifyClient
2022-06-07 18:57:18,485 INFO com.tfg.myGamesList.controller.ClientController [http-nio-8080-exec-3] end modifyClient
2022-06-07 18:57:35,427 INFO com.tfg.myGamesList.controller.ClientController [http-nio-8080-exec-4] start getClients
2022-06-07 18:57:35,431 INFO com.tfg.myGamesList.controller.ClientController [http-nio-8080-exec-4] fin GetClients
2022-06-07 18:57:37,986 INFO com.tfg.myGamesList.controller.ClientController [http-nio-8080-exec-5] start modifyClient
2022-06-07 18:57:37,993 INFO com.tfg.myGamesList.controller.ClientController [http-nio-8080-exec-5] end modifyClient
2022-06-07 19:03:31,921 INFO com.tfg.myGamesList.controller.ClientController [http-nio-8080-exec-7] start getClients
2022-06-07 19:03:31,926 INFO com.tfg.myGamesList.controller.ClientController [http-nio-8080-exec-7] fin GetClients
2022-06-07 19:03:31,935 INFO com.tfg.myGamesList.controller.ClientController [http-nio-8080-exec-8] start modifyClient
2022-06-07 19:03:31,940 INFO com.tfg.myGamesList.controller.ClientController [http-nio-8080-exec-8] end modifyClient
2022-06-07 19:03:33,509 INFO com.tfg.myGamesList.controller.ClientController [http-nio-8080-exec-9] start getClients
2022-06-07 19:03:33,513 INFO com.tfg.myGamesList.controller.ClientController [http-nio-8080-exec-9] fin GetClients
2022-06-07 19:03:33,521 INFO com.tfg.myGamesList.controller.ClientController [http-nio-8080-exec-10] start modifyClient
2022-06-07 19:03:33,525 INFO com.tfg.myGamesList.controller.ClientController [http-nio-8080-exec-10] end modifyClient
2022-06-07 19:03:33,838 INFO com.tfg.myGamesList.controller.ClientController [http-nio-8080-exec-1] start getClients
2022-06-07 19:03:33,842 INFO com.tfg.myGamesList.controller.ClientController [http-nio-8080-exec-1] fin GetClients
2022-06-07 19:03:33,852 INFO com.tfg.myGamesList.controller.ClientController [http-nio-8080-exec-2] start modifyClient
2022-06-07 19:03:33,857 INFO com.tfg.myGamesList.controller.ClientController [http-nio-8080-exec-2] end modifyClient
2022-06-07 19:03:34,045 INFO com.tfg.myGamesList.controller.ClientController [http-nio-8080-exec-3] start getClients
2022-06-07 19:03:34,048 INFO com.tfg.myGamesList.controller.ClientController [http-nio-8080-exec-3] fin GetClients
2022-06-07 19:03:34,060 INFO com.tfg.myGamesList.controller.ClientController [http-nio-8080-exec-4] start modifyClient
2022-06-07 19:03:34,071 INFO com.tfg.myGamesList.controller.ClientController [http-nio-8080-exec-4] end modifyClient
2022-06-07 19:03:34,230 INFO com.tfg.myGamesList.controller.ClientController [http-nio-8080-exec-5] start getClients
2022-06-07 19:03:34,233 INFO com.tfg.myGamesList.controller.ClientController [http-nio-8080-exec-5] fin GetClients
2022-06-07 19:03:34,239 INFO com.tfg.myGamesList.controller.ClientController [http-nio-8080-exec-6] start modifyClient
2022-06-07 19:03:34,244 INFO com.tfg.myGamesList.controller.ClientController [http-nio-8080-exec-6] end modifyClient
2022-06-07 19:03:35,733 INFO com.tfg.myGamesList.controller.ClientController [http-nio-8080-exec-7] start getClients
2022-06-07 19:03:35,742 INFO com.tfg.myGamesList.controller.ClientController [http-nio-8080-exec-7] fin GetClients
2022-06-07 19:03:35,749 INFO com.tfg.myGamesList.controller.ClientController [http-nio-8080-exec-8] start modifyClient
2022-06-07 19:03:35,753 INFO com.tfg.myGamesList.controller.ClientController [http-nio-8080-exec-8] end modifyClient
2022-06-07 19:03:35,887 INFO com.tfg.myGamesList.controller.ClientController [http-nio-8080-exec-9] start getClients
2022-06-07 19:03:35,891 INFO com.tfg.myGamesList.controller.ClientController [http-nio-8080-exec-9] fin GetClients
2022-06-07 19:03:35,898 INFO com.tfg.myGamesList.controller.ClientController [http-nio-8080-exec-10] start modifyClient
2022-06-07 19:03:35,903 INFO com.tfg.myGamesList.controller.ClientController [http-nio-8080-exec-10] end modifyClient
2022-06-07 19:04:40,792 INFO com.tfg.myGamesList.controller.ClientController [http-nio-8080-exec-2] start getClients
2022-06-07 19:04:40,795 INFO com.tfg.myGamesList.controller.ClientController [http-nio-8080-exec-2] fin GetClients
2022-06-07 19:04:40,802 INFO com.tfg.myGamesList.controller.ClientController [http-nio-8080-exec-3] start modifyClient
2022-06-07 19:04:40,806 INFO com.tfg.myGamesList.controller.ClientController [http-nio-8080-exec-3] end modifyClient
2022-06-07 19:05:07,162 INFO com.tfg.myGamesList.controller.ClientController [http-nio-8080-exec-4] start getClients
2022-06-07 19:05:07,166 INFO com.tfg.myGamesList.controller.ClientController [http-nio-8080-exec-4] fin GetClients
2022-06-07 19:05:07,176 INFO com.tfg.myGamesList.controller.ClientController [http-nio-8080-exec-5] start modifyClient
2022-06-07 19:05:07,180 INFO com.tfg.myGamesList.controller.ClientController [http-nio-8080-exec-5] end modifyClient
2022-06-07 19:07:35,295 INFO com.tfg.myGamesList.controller.ClientController [http-nio-8080-exec-1] start getClients
2022-06-07 19:07:35,299 INFO com.tfg.myGamesList.controller.ClientController [http-nio-8080-exec-1] fin GetClients
2022-06-07 19:07:35,308 INFO com.tfg.myGamesList.controller.ClientController [http-nio-8080-exec-2] start modifyClient
2022-06-07 19:07:35,312 INFO com.tfg.myGamesList.controller.ClientController [http-nio-8080-exec-2] end modifyClient
2022-06-07 19:07:39,296 INFO com.tfg.myGamesList.controller.ClientController [http-nio-8080-exec-3] start getClients
2022-06-07 19:07:39,300 INFO com.tfg.myGamesList.controller.ClientController [http-nio-8080-exec-3] fin GetClients
2022-06-07 19:07:39,306 INFO com.tfg.myGamesList.controller.ClientController [http-nio-8080-exec-4] start modifyClient
2022-06-07 19:07:39,310 INFO com.tfg.myGamesList.controller.ClientController [http-nio-8080-exec-4] end modifyClient
2022-06-07 19:07:39,607 INFO com.tfg.myGamesList.controller.ClientController [http-nio-8080-exec-5] start getClients
2022-06-07 19:07:39,610 INFO com.tfg.myGamesList.controller.ClientController [http-nio-8080-exec-5] fin GetClients
2022-06-07 19:07:39,617 INFO com.tfg.myGamesList.controller.ClientController [http-nio-8080-exec-6] start modifyClient
2022-06-07 19:07:39,622 INFO com.tfg.myGamesList.controller.ClientController [http-nio-8080-exec-6] end modifyClient
2022-06-07 19:07:39,794 INFO com.tfg.myGamesList.controller.ClientController [http-nio-8080-exec-7] start getClients
2022-06-07 19:07:39,797 INFO com.tfg.myGamesList.controller.ClientController [http-nio-8080-exec-7] fin GetClients
2022-06-07 19:07:39,804 INFO com.tfg.myGamesList.controller.ClientController [http-nio-8080-exec-8] start modifyClient
2022-06-07 19:07:39,808 INFO com.tfg.myGamesList.controller.ClientController [http-nio-8080-exec-8] end modifyClient
2022-06-07 19:07:46,940 INFO com.tfg.myGamesList.controller.ClientController [http-nio-8080-exec-9] start getClients
2022-06-07 19:07:46,943 INFO com.tfg.myGamesList.controller.ClientController [http-nio-8080-exec-9] fin GetClients
2022-06-07 19:07:46,950 INFO com.tfg.myGamesList.controller.ClientController [http-nio-8080-exec-10] start modifyClient
2022-06-07 19:07:46,954 INFO com.tfg.myGamesList.controller.ClientController [http-nio-8080-exec-10] end modifyClient
2022-06-07 19:08:45,705 INFO com.tfg.myGamesList.controller.ClientController [http-nio-8080-exec-1] start getClients
2022-06-07 19:08:45,709 INFO com.tfg.myGamesList.controller.ClientController [http-nio-8080-exec-1] fin GetClients
2022-06-07 19:08:45,717 INFO com.tfg.myGamesList.controller.ClientController [http-nio-8080-exec-2] start modifyClient
2022-06-07 19:08:45,721 INFO com.tfg.myGamesList.controller.ClientController [http-nio-8080-exec-2] end modifyClient
2022-06-07 19:08:53,790 INFO com.tfg.myGamesList.controller.ClientController [http-nio-8080-exec-3] start getClients
2022-06-07 19:08:53,793 INFO com.tfg.myGamesList.controller.ClientController [http-nio-8080-exec-3] fin GetClients
2022-06-07 19:08:53,803 INFO com.tfg.myGamesList.controller.ClientController [http-nio-8080-exec-5] start modifyClient
2022-06-07 19:08:53,807 INFO com.tfg.myGamesList.controller.ClientController [http-nio-8080-exec-5] end modifyClient
2022-06-07 19:08:53,935 INFO com.tfg.myGamesList.controller.ClientController [http-nio-8080-exec-6] start getClients
2022-06-07 19:08:53,937 INFO com.tfg.myGamesList.controller.ClientController [http-nio-8080-exec-6] fin GetClients
2022-06-07 19:08:53,943 INFO com.tfg.myGamesList.controller.ClientController [http-nio-8080-exec-7] start modifyClient
2022-06-07 19:08:53,946 INFO com.tfg.myGamesList.controller.ClientController [http-nio-8080-exec-7] end modifyClient
2022-06-07 19:08:54,068 INFO com.tfg.myGamesList.controller.ClientController [http-nio-8080-exec-8] start getClients
2022-06-07 19:08:54,072 INFO com.tfg.myGamesList.controller.ClientController [http-nio-8080-exec-8] fin GetClients
2022-06-07 19:08:54,078 INFO com.tfg.myGamesList.controller.ClientController [http-nio-8080-exec-9] start modifyClient
2022-06-07 19:08:54,082 INFO com.tfg.myGamesList.controller.ClientController [http-nio-8080-exec-9] end modifyClient
2022-06-07 19:08:54,221 INFO com.tfg.myGamesList.controller.ClientController [http-nio-8080-exec-10] start getClients
2022-06-07 19:08:54,224 INFO com.tfg.myGamesList.controller.ClientController [http-nio-8080-exec-10] fin GetClients
2022-06-07 19:08:54,233 INFO com.tfg.myGamesList.controller.ClientController [http-nio-8080-exec-1] start modifyClient
2022-06-07 19:08:54,236 INFO com.tfg.myGamesList.controller.ClientController [http-nio-8080-exec-1] end modifyClient
2022-06-07 19:08:54,376 INFO com.tfg.myGamesList.controller.ClientController [http-nio-8080-exec-2] start getClients
2022-06-07 19:08:54,379 INFO com.tfg.myGamesList.controller.ClientController [http-nio-8080-exec-2] fin GetClients
2022-06-07 19:08:54,386 INFO com.tfg.myGamesList.controller.ClientController [http-nio-8080-exec-3] start modifyClient
2022-06-07 19:08:54,390 INFO com.tfg.myGamesList.controller.ClientController [http-nio-8080-exec-3] end modifyClient
2022-06-07 19:08:54,523 INFO com.tfg.myGamesList.controller.ClientController [http-nio-8080-exec-4] start getClients
2022-06-07 19:08:54,525 INFO com.tfg.myGamesList.controller.ClientController [http-nio-8080-exec-4] fin GetClients
2022-06-07 19:08:54,531 INFO com.tfg.myGamesList.controller.ClientController [http-nio-8080-exec-5] start modifyClient
2022-06-07 19:08:54,535 INFO com.tfg.myGamesList.controller.ClientController [http-nio-8080-exec-5] end modifyClient
2022-06-07 19:08:54,664 INFO com.tfg.myGamesList.controller.ClientController [http-nio-8080-exec-6] start getClients
2022-06-07 19:08:54,667 INFO com.tfg.myGamesList.controller.ClientController [http-nio-8080-exec-6] fin GetClients
2022-06-07 19:08:54,676 INFO com.tfg.myGamesList.controller.ClientController [http-nio-8080-exec-7] start modifyClient
2022-06-07 19:08:54,680 INFO com.tfg.myGamesList.controller.ClientController [http-nio-8080-exec-7] end modifyClient
2022-06-07 19:08:54,802 INFO com.tfg.myGamesList.controller.ClientController [http-nio-8080-exec-8] start getClients
2022-06-07 19:08:54,805 INFO com.tfg.myGamesList.controller.ClientController [http-nio-8080-exec-8] fin GetClients
2022-06-07 19:08:54,812 INFO com.tfg.myGamesList.controller.ClientController [http-nio-8080-exec-9] start modifyClient
2022-06-07 19:08:54,816 INFO com.tfg.myGamesList.controller.ClientController [http-nio-8080-exec-9] end modifyClient
2022-06-07 19:08:54,948 INFO com.tfg.myGamesList.controller.ClientController [http-nio-8080-exec-10] start getClients
2022-06-07 19:08:54,951 INFO com.tfg.myGamesList.controller.ClientController [http-nio-8080-exec-10] fin GetClients
2022-06-07 19:08:54,957 INFO com.tfg.myGamesList.controller.ClientController [http-nio-8080-exec-1] start modifyClient
2022-06-07 19:08:54,961 INFO com.tfg.myGamesList.controller.ClientController [http-nio-8080-exec-1] end modifyClient
2022-06-07 19:08:55,096 INFO com.tfg.myGamesList.controller.ClientController [http-nio-8080-exec-2] start getClients
2022-06-07 19:08:55,099 INFO com.tfg.myGamesList.controller.ClientController [http-nio-8080-exec-2] fin GetClients
2022-06-07 19:08:55,106 INFO com.tfg.myGamesList.controller.ClientController [http-nio-8080-exec-3] start modifyClient
2022-06-07 19:08:55,111 INFO com.tfg.myGamesList.controller.ClientController [http-nio-8080-exec-3] end modifyClient
2022-06-07 19:09:17,899 INFO com.tfg.myGamesList.controller.ClientController [http-nio-8080-exec-4] start getClients
2022-06-07 19:09:17,902 INFO com.tfg.myGamesList.controller.ClientController [http-nio-8080-exec-4] fin GetClients
2022-06-07 19:09:17,909 INFO com.tfg.myGamesList.controller.ClientController [http-nio-8080-exec-5] start modifyClient
2022-06-07 19:09:17,921 INFO com.tfg.myGamesList.controller.ClientController [http-nio-8080-exec-5] end modifyClient
2022-06-07 19:09:19,280 INFO com.tfg.myGamesList.controller.ClientController [http-nio-8080-exec-6] start getClients
2022-06-07 19:09:19,284 INFO com.tfg.myGamesList.controller.ClientController [http-nio-8080-exec-6] fin GetClients
2022-06-07 19:09:19,293 INFO com.tfg.myGamesList.controller.ClientController [http-nio-8080-exec-7] start modifyClient
2022-06-07 19:09:19,297 INFO com.tfg.myGamesList.controller.ClientController [http-nio-8080-exec-7] end modifyClient
2022-06-07 19:09:19,428 INFO com.tfg.myGamesList.controller.ClientController [http-nio-8080-exec-8] start getClients
2022-06-07 19:09:19,431 INFO com.tfg.myGamesList.controller.ClientController [http-nio-8080-exec-8] fin GetClients
2022-06-07 19:09:19,439 INFO com.tfg.myGamesList.controller.ClientController [http-nio-8080-exec-9] start modifyClient
2022-06-07 19:09:19,443 INFO com.tfg.myGamesList.controller.ClientController [http-nio-8080-exec-9] end modifyClient
2022-06-07 19:09:31,922 INFO com.tfg.myGamesList.controller.ClientController [http-nio-8080-exec-10] start getClients
2022-06-07 19:09:31,925 INFO com.tfg.myGamesList.controller.ClientController [http-nio-8080-exec-10] fin GetClients
2022-06-07 19:09:31,933 INFO com.tfg.myGamesList.controller.ClientController [http-nio-8080-exec-1] start modifyClient
2022-06-07 19:09:31,944 INFO com.tfg.myGamesList.controller.ClientController [http-nio-8080-exec-1] end modifyClient
2022-06-07 19:09:53,359 INFO com.tfg.myGamesList.controller.ClientController [http-nio-8080-exec-2] start getClients
2022-06-07 19:09:53,363 INFO com.tfg.myGamesList.controller.ClientController [http-nio-8080-exec-2] fin GetClients
2022-06-07 19:09:58,592 INFO com.tfg.myGamesList.controller.ClientController [http-nio-8080-exec-3] start modifyClient
2022-06-07 19:09:58,604 INFO com.tfg.myGamesList.controller.ClientController [http-nio-8080-exec-3] end modifyClient
2022-06-07 19:11:50,150 INFO com.tfg.myGamesList.controller.ClientController [http-nio-8080-exec-5] start getClients
2022-06-07 19:11:50,155 INFO com.tfg.myGamesList.controller.ClientController [http-nio-8080-exec-5] fin GetClients
2022-06-07 19:11:52,038 INFO com.tfg.myGamesList.controller.ClientController [http-nio-8080-exec-6] start modifyClient
2022-06-07 19:11:52,042 INFO com.tfg.myGamesList.controller.ClientController [http-nio-8080-exec-6] end modifyClient
2022-06-07 19:12:03,377 INFO com.tfg.myGamesList.controller.ClientController [http-nio-8080-exec-7] start getClients
2022-06-07 19:12:03,380 INFO com.tfg.myGamesList.controller.ClientController [http-nio-8080-exec-7] fin GetClients
2022-06-07 19:12:34,233 INFO com.tfg.myGamesList.controller.ClientController [http-nio-8080-exec-8] start getClients
2022-06-07 19:12:34,239 INFO com.tfg.myGamesList.controller.ClientController [http-nio-8080-exec-8] fin GetClients
2022-06-07 19:13:02,774 INFO com.tfg.myGamesList.controller.ClientController [http-nio-8080-exec-9] start getClients
2022-06-07 19:13:02,777 INFO com.tfg.myGamesList.controller.ClientController [http-nio-8080-exec-9] fin GetClients
2022-06-07 19:13:58,214 INFO com.tfg.myGamesList.controller.ClientController [http-nio-8080-exec-10] start getClients
2022-06-07 19:13:58,217 INFO com.tfg.myGamesList.controller.ClientController [http-nio-8080-exec-10] fin GetClients
2022-06-07 19:14:07,509 INFO com.tfg.myGamesList.controller.ClientController [http-nio-8080-exec-1] start getClients
2022-06-07 19:14:07,512 INFO com.tfg.myGamesList.controller.ClientController [http-nio-8080-exec-1] fin GetClients
2022-06-07 19:15:58,864 INFO com.tfg.myGamesList.controller.ClientController [http-nio-8080-exec-3] start getClients
2022-06-07 19:15:58,867 INFO com.tfg.myGamesList.controller.ClientController [http-nio-8080-exec-3] fin GetClients
2022-06-07 19:16:01,518 INFO com.tfg.myGamesList.controller.ClientController [http-nio-8080-exec-4] start getClients
2022-06-07 19:16:01,522 INFO com.tfg.myGamesList.controller.ClientController [http-nio-8080-exec-4] fin GetClients
2022-06-07 19:16:11,693 INFO com.tfg.myGamesList.controller.ClientController [http-nio-8080-exec-5] start getClients
2022-06-07 19:16:11,696 INFO com.tfg.myGamesList.controller.ClientController [http-nio-8080-exec-5] fin GetClients
2022-06-07 19:16:12,726 INFO com.tfg.myGamesList.controller.ClientController [http-nio-8080-exec-6] start getClients
2022-06-07 19:16:12,729 INFO com.tfg.myGamesList.controller.ClientController [http-nio-8080-exec-6] fin GetClients
2022-06-07 19:16:13,475 INFO com.tfg.myGamesList.controller.ClientController [http-nio-8080-exec-7] start getClients
2022-06-07 19:16:13,478 INFO com.tfg.myGamesList.controller.ClientController [http-nio-8080-exec-7] fin GetClients
2022-06-07 19:16:13,933 INFO com.tfg.myGamesList.controller.ClientController [http-nio-8080-exec-8] start getClients
2022-06-07 19:16:13,937 INFO com.tfg.myGamesList.controller.ClientController [http-nio-8080-exec-8] fin GetClients
2022-06-07 19:16:14,874 INFO com.tfg.myGamesList.controller.ClientController [http-nio-8080-exec-9] start getClients
2022-06-07 19:16:14,878 INFO com.tfg.myGamesList.controller.ClientController [http-nio-8080-exec-9] fin GetClients
2022-06-07 19:16:15,724 INFO com.tfg.myGamesList.controller.ClientController [http-nio-8080-exec-10] start getClients
2022-06-07 19:16:15,730 INFO com.tfg.myGamesList.controller.ClientController [http-nio-8080-exec-10] fin GetClients
2022-06-07 19:16:16,350 INFO com.tfg.myGamesList.controller.ClientController [http-nio-8080-exec-1] start getClients
2022-06-07 19:16:16,354 INFO com.tfg.myGamesList.controller.ClientController [http-nio-8080-exec-1] fin GetClients
2022-06-07 19:16:17,040 INFO com.tfg.myGamesList.controller.ClientController [http-nio-8080-exec-2] start getClients
2022-06-07 19:16:17,045 INFO com.tfg.myGamesList.controller.ClientController [http-nio-8080-exec-2] fin GetClients
2022-06-07 19:16:19,025 INFO com.tfg.myGamesList.controller.ClientController [http-nio-8080-exec-3] start getClients
2022-06-07 19:16:19,029 INFO com.tfg.myGamesList.controller.ClientController [http-nio-8080-exec-3] fin GetClients
2022-06-07 19:16:29,023 INFO com.tfg.myGamesList.controller.ClientController [http-nio-8080-exec-4] start getClients
2022-06-07 19:16:29,027 INFO com.tfg.myGamesList.controller.ClientController [http-nio-8080-exec-4] fin GetClients
2022-06-07 19:16:34,209 INFO com.tfg.myGamesList.controller.ClientController [http-nio-8080-exec-5] start getClients
2022-06-07 19:16:34,213 INFO com.tfg.myGamesList.controller.ClientController [http-nio-8080-exec-5] fin GetClients
2022-06-07 19:16:44,031 INFO com.tfg.myGamesList.controller.ClientController [http-nio-8080-exec-6] start getClients
2022-06-07 19:16:44,035 INFO com.tfg.myGamesList.controller.ClientController [http-nio-8080-exec-6] fin GetClients
2022-06-07 19:17:57,977 INFO com.tfg.myGamesList.controller.ClientController [http-nio-8080-exec-8] start getClients
2022-06-07 19:17:57,982 INFO com.tfg.myGamesList.controller.ClientController [http-nio-8080-exec-8] fin GetClients
2022-06-07 19:18:24,008 INFO com.tfg.myGamesList.controller.ClientController [http-nio-8080-exec-9] start getClients
2022-06-07 19:18:24,013 INFO com.tfg.myGamesList.controller.ClientController [http-nio-8080-exec-9] fin GetClients
2022-06-07 19:18:56,181 INFO com.tfg.myGamesList.controller.ClientController [http-nio-8080-exec-10] start getClients
2022-06-07 19:18:56,186 INFO com.tfg.myGamesList.controller.ClientController [http-nio-8080-exec-10] fin GetClients
2022-06-07 19:19:07,282 INFO com.tfg.myGamesList.controller.ClientController [http-nio-8080-exec-1] start getClients
2022-06-07 19:19:07,285 INFO com.tfg.myGamesList.controller.ClientController [http-nio-8080-exec-1] fin GetClients
2022-06-07 19:19:24,486 INFO com.tfg.myGamesList.controller.ClientController [http-nio-8080-exec-2] start getClients
2022-06-07 19:19:24,489 INFO com.tfg.myGamesList.controller.ClientController [http-nio-8080-exec-2] fin GetClients
2022-06-07 19:20:10,630 INFO com.tfg.myGamesList.controller.ClientController [http-nio-8080-exec-3] start getClients
2022-06-07 19:20:10,634 INFO com.tfg.myGamesList.controller.ClientController [http-nio-8080-exec-3] fin GetClients
2022-06-07 19:22:13,211 INFO com.tfg.myGamesList.controller.ClientController [http-nio-8080-exec-5] start getClients
2022-06-07 19:22:13,215 INFO com.tfg.myGamesList.controller.ClientController [http-nio-8080-exec-5] fin GetClients
2022-06-07 19:22:55,582 INFO com.tfg.myGamesList.controller.ClientController [http-nio-8080-exec-6] start getClients
2022-06-07 19:22:55,586 INFO com.tfg.myGamesList.controller.ClientController [http-nio-8080-exec-6] fin GetClients
2022-06-07 19:29:50,485 INFO com.tfg.myGamesList.controller.ClientController [http-nio-8080-exec-8] start getClients
2022-06-07 19:29:50,489 INFO com.tfg.myGamesList.controller.ClientController [http-nio-8080-exec-8] fin GetClients
2022-06-07 19:29:57,786 INFO com.tfg.myGamesList.controller.ClientController [http-nio-8080-exec-9] start getClients
2022-06-07 19:29:57,789 INFO com.tfg.myGamesList.controller.ClientController [http-nio-8080-exec-9] fin GetClients
2022-06-07 19:30:15,004 INFO com.tfg.myGamesList.controller.ClientController [http-nio-8080-exec-10] start getClients
2022-06-07 19:30:15,010 INFO com.tfg.myGamesList.controller.ClientController [http-nio-8080-exec-10] fin GetClients
2022-06-07 19:31:12,957 INFO com.tfg.myGamesList.controller.ClientController [http-nio-8080-exec-1] start getClients
2022-06-07 19:31:12,962 INFO com.tfg.myGamesList.controller.ClientController [http-nio-8080-exec-1] fin GetClients
2022-06-07 19:31:20,211 INFO com.tfg.myGamesList.controller.ClientController [http-nio-8080-exec-2] start getClients
2022-06-07 19:31:20,214 INFO com.tfg.myGamesList.controller.ClientController [http-nio-8080-exec-2] fin GetClients
2022-06-07 19:32:09,399 INFO com.tfg.myGamesList.controller.ClientController [http-nio-8080-exec-3] start getClients
2022-06-07 19:32:09,402 INFO com.tfg.myGamesList.controller.ClientController [http-nio-8080-exec-3] fin GetClients
2022-06-07 19:32:21,908 INFO com.tfg.myGamesList.controller.ClientController [http-nio-8080-exec-4] start getClients
2022-06-07 19:32:21,911 INFO com.tfg.myGamesList.controller.ClientController [http-nio-8080-exec-4] fin GetClients
2022-06-07 19:32:29,708 INFO com.tfg.myGamesList.controller.ClientController [http-nio-8080-exec-5] start getClients
2022-06-07 19:32:29,711 INFO com.tfg.myGamesList.controller.ClientController [http-nio-8080-exec-5] fin GetClients
2022-06-07 19:32:32,304 INFO com.tfg.myGamesList.controller.ClientController [http-nio-8080-exec-6] start getClients
2022-06-07 19:32:32,308 INFO com.tfg.myGamesList.controller.ClientController [http-nio-8080-exec-6] fin GetClients
2022-06-07 19:33:20,756 INFO com.tfg.myGamesList.controller.ClientController [http-nio-8080-exec-7] start modifyClient
2022-06-07 19:33:20,768 INFO com.tfg.myGamesList.controller.ClientController [http-nio-8080-exec-7] end modifyClient
2022-06-07 19:33:48,711 INFO com.tfg.myGamesList.controller.ClientController [http-nio-8080-exec-9] start getClients
2022-06-07 19:33:48,716 INFO com.tfg.myGamesList.controller.ClientController [http-nio-8080-exec-9] fin GetClients
2022-06-07 19:34:15,139 INFO com.tfg.myGamesList.controller.ClientController [http-nio-8080-exec-10] start getClients
2022-06-07 19:34:15,143 INFO com.tfg.myGamesList.controller.ClientController [http-nio-8080-exec-10] fin GetClients
2022-06-07 19:34:38,825 INFO com.tfg.myGamesList.controller.ClientController [http-nio-8080-exec-2] start getClients
2022-06-07 19:34:38,828 INFO com.tfg.myGamesList.controller.ClientController [http-nio-8080-exec-2] fin GetClients
2022-06-07 19:36:48,414 WARN org.springframework.web.servlet.handler.AbstractHandlerExceptionResolver [http-nio-8080-exec-4] Resolved [org.springframework.http.converter.HttpMessageNotReadableException: JSON parse error: Unrecognized character escape 'c' (code 99); nested exception is com.fasterxml.jackson.databind.JsonMappingException: Unrecognized character escape 'c' (code 99)
 at [Source: (PushbackInputStream); line: 6, column: 26] (through reference chain: com.tfg.myGamesList.model.domain.ClientResume["profilePic"])]
2022-06-07 19:37:46,337 WARN org.springframework.web.servlet.handler.AbstractHandlerExceptionResolver [http-nio-8080-exec-5] Resolved [org.springframework.http.converter.HttpMessageNotReadableException: JSON parse error: Unexpected character ('"' (code 34)): was expecting comma to separate Object entries; nested exception is com.fasterxml.jackson.core.JsonParseException: Unexpected character ('"' (code 34)): was expecting comma to separate Object entries
 at [Source: (PushbackInputStream); line: 6, column: 26]]
2022-06-07 19:37:53,632 INFO com.tfg.myGamesList.controller.ClientController [http-nio-8080-exec-6] start modifyClient
2022-06-07 19:37:53,636 INFO com.tfg.myGamesList.controller.ClientController [http-nio-8080-exec-6] end modifyClient
2022-06-07 19:38:16,684 INFO com.tfg.myGamesList.controller.ClientController [http-nio-8080-exec-7] start getClients
2022-06-07 19:38:16,691 INFO com.tfg.myGamesList.controller.ClientController [http-nio-8080-exec-7] fin GetClients
2022-06-07 19:39:44,645 INFO com.tfg.myGamesList.controller.ClientController [http-nio-8080-exec-10] start getClients
2022-06-07 19:39:44,648 INFO com.tfg.myGamesList.controller.ClientController [http-nio-8080-exec-10] fin GetClients
2022-06-07 19:43:31,039 INFO com.tfg.myGamesList.controller.ClientController [http-nio-8080-exec-2] start getClients
2022-06-07 19:43:31,046 INFO com.tfg.myGamesList.controller.ClientController [http-nio-8080-exec-2] fin GetClients
2022-06-07 19:45:09,633 INFO com.tfg.myGamesList.controller.ClientController [http-nio-8080-exec-4] start getClients
2022-06-07 19:45:09,637 INFO com.tfg.myGamesList.controller.ClientController [http-nio-8080-exec-4] fin GetClients
2022-06-07 19:45:57,054 INFO com.tfg.myGamesList.controller.ClientController [http-nio-8080-exec-5] start getClients
2022-06-07 19:45:57,057 INFO com.tfg.myGamesList.controller.ClientController [http-nio-8080-exec-5] fin GetClients
2022-06-07 19:46:33,813 INFO com.tfg.myGamesList.controller.ClientController [http-nio-8080-exec-6] start getClients
2022-06-07 19:46:33,816 INFO com.tfg.myGamesList.controller.ClientController [http-nio-8080-exec-6] fin GetClients
2022-06-07 19:48:01,447 INFO com.tfg.myGamesList.controller.ClientController [http-nio-8080-exec-8] start getClients
2022-06-07 19:48:01,452 INFO com.tfg.myGamesList.controller.ClientController [http-nio-8080-exec-8] fin GetClients
2022-06-07 19:48:06,959 INFO com.tfg.myGamesList.controller.ClientController [http-nio-8080-exec-9] start getClients
2022-06-07 19:48:06,962 INFO com.tfg.myGamesList.controller.ClientController [http-nio-8080-exec-9] fin GetClients
2022-06-07 19:48:08,425 INFO com.tfg.myGamesList.controller.ClientController [http-nio-8080-exec-10] start getClients
2022-06-07 19:48:08,427 INFO com.tfg.myGamesList.controller.ClientController [http-nio-8080-exec-10] fin GetClients
2022-06-07 19:48:09,950 INFO com.tfg.myGamesList.controller.ClientController [http-nio-8080-exec-1] start getClients
2022-06-07 19:48:09,954 INFO com.tfg.myGamesList.controller.ClientController [http-nio-8080-exec-1] fin GetClients
2022-06-07 19:48:10,572 INFO com.tfg.myGamesList.controller.ClientController [http-nio-8080-exec-2] start getClients
2022-06-07 19:48:10,575 INFO com.tfg.myGamesList.controller.ClientController [http-nio-8080-exec-2] fin GetClients
2022-06-07 19:48:22,670 INFO com.tfg.myGamesList.controller.ClientController [http-nio-8080-exec-3] start getClients
2022-06-07 19:48:22,673 INFO com.tfg.myGamesList.controller.ClientController [http-nio-8080-exec-3] fin GetClients
2022-06-07 19:48:43,847 INFO com.tfg.myGamesList.controller.ClientController [http-nio-8080-exec-4] start getClients
2022-06-07 19:48:43,852 INFO com.tfg.myGamesList.controller.ClientController [http-nio-8080-exec-4] fin GetClients
2022-06-07 19:48:53,841 INFO com.tfg.myGamesList.controller.ClientController [http-nio-8080-exec-5] start getClients
2022-06-07 19:48:53,844 INFO com.tfg.myGamesList.controller.ClientController [http-nio-8080-exec-5] fin GetClients
2022-06-07 19:50:43,760 INFO com.tfg.myGamesList.controller.ClientController [http-nio-8080-exec-7] start getClients
2022-06-07 19:50:43,763 INFO com.tfg.myGamesList.controller.ClientController [http-nio-8080-exec-7] fin GetClients
2022-06-07 19:51:36,309 INFO com.tfg.myGamesList.controller.ClientController [http-nio-8080-exec-8] start getClients
2022-06-07 19:51:36,313 INFO com.tfg.myGamesList.controller.ClientController [http-nio-8080-exec-8] fin GetClients
2022-06-07 19:52:53,594 INFO com.tfg.myGamesList.controller.ClientController [http-nio-8080-exec-10] start getClients
2022-06-07 19:52:53,597 INFO com.tfg.myGamesList.controller.ClientController [http-nio-8080-exec-10] fin GetClients
2022-06-07 19:53:07,373 INFO org.springframework.boot.StartupInfoLogger [main] Starting MyGamesListApplication using Java 17.0.2 on DESKTOP-AI0ENAG with PID 4128 (C:\Users\franm\OneDrive\Escritorio\PROYECTO FINAL\proyecto\myGamesListAPI\target\classes started by franm in C:\Users\franm\OneDrive\Escritorio\PROYECTO FINAL\proyecto\myGamesListAPI)
2022-06-07 19:53:07,377 INFO org.springframework.boot.SpringApplication [main] No active profile set, falling back to default profiles: default
2022-06-07 19:53:08,963 INFO org.springframework.data.repository.config.RepositoryConfigurationDelegate [main] Bootstrapping Spring Data JPA repositories in DEFAULT mode.
2022-06-07 19:53:09,312 INFO org.springframework.data.repository.config.RepositoryConfigurationDelegate [main] Finished Spring Data repository scanning in 331 ms. Found 3 JPA repository interfaces.
2022-06-07 19:53:10,048 INFO org.springframework.boot.web.embedded.tomcat.TomcatWebServer [main] Tomcat initialized with port(s): 8080 (http)
2022-06-07 19:53:10,062 INFO org.apache.juli.logging.DirectJDKLog [main] Initializing ProtocolHandler ["http-nio-8080"]
2022-06-07 19:53:10,063 INFO org.apache.juli.logging.DirectJDKLog [main] Starting service [Tomcat]
2022-06-07 19:53:10,064 INFO org.apache.juli.logging.DirectJDKLog [main] Starting Servlet engine: [Apache Tomcat/9.0.43]
2022-06-07 19:53:10,182 INFO org.apache.juli.logging.DirectJDKLog [main] Initializing Spring embedded WebApplicationContext
2022-06-07 19:53:10,182 INFO org.springframework.boot.web.servlet.context.ServletWebServerApplicationContext [main] Root WebApplicationContext: initialization completed in 2730 ms
2022-06-07 19:53:10,439 INFO org.hibernate.jpa.internal.util.LogHelper [main] HHH000204: Processing PersistenceUnitInfo [name: default]
2022-06-07 19:53:10,502 INFO org.hibernate.Version [main] HHH000412: Hibernate ORM core version 5.4.28.Final
2022-06-07 19:53:10,661 INFO org.hibernate.annotations.common.reflection.java.JavaReflectionManager [main] HCANN000001: Hibernate Commons Annotations {5.1.2.Final}
2022-06-07 19:53:10,788 INFO com.zaxxer.hikari.HikariDataSource [main] HikariPool-1 - Starting...
2022-06-07 19:53:11,220 INFO com.zaxxer.hikari.HikariDataSource [main] HikariPool-1 - Start completed.
2022-06-07 19:53:11,263 INFO org.hibernate.dialect.Dialect [main] HHH000400: Using dialect: org.hibernate.dialect.MySQL8Dialect
2022-06-07 19:53:12,386 INFO org.hibernate.engine.transaction.jta.platform.internal.JtaPlatformInitiator [main] HHH000490: Using JtaPlatform implementation: [org.hibernate.engine.transaction.jta.platform.internal.NoJtaPlatform]
2022-06-07 19:53:12,395 INFO org.springframework.orm.jpa.AbstractEntityManagerFactoryBean [main] Initialized JPA EntityManagerFactory for persistence unit 'default'
2022-06-07 19:53:13,163 WARN org.springframework.boot.autoconfigure.orm.jpa.JpaBaseConfiguration$JpaWebConfiguration [main] spring.jpa.open-in-view is enabled by default. Therefore, database queries may be performed during view rendering. Explicitly configure spring.jpa.open-in-view to disable this warning
2022-06-07 19:53:13,242 INFO org.springframework.scheduling.concurrent.ExecutorConfigurationSupport [main] Initializing ExecutorService 'applicationTaskExecutor'
2022-06-07 19:53:14,296 WARN org.springframework.boot.autoconfigure.thymeleaf.ThymeleafAutoConfiguration$DefaultTemplateResolverConfiguration [main] Cannot find template location: classpath:/templates/ (please add some templates or check your Thymeleaf configuration)
2022-06-07 19:53:14,536 INFO org.apache.juli.logging.DirectJDKLog [main] Starting ProtocolHandler ["http-nio-8080"]
2022-06-07 19:53:14,579 INFO org.springframework.boot.web.embedded.tomcat.TomcatWebServer [main] Tomcat started on port(s): 8080 (http) with context path ''
2022-06-07 19:53:14,587 INFO org.springframework.boot.StartupInfoLogger [main] Started MyGamesListApplication in 7.751 seconds (JVM running for 8.242)
2022-06-07 19:53:18,445 INFO org.apache.juli.logging.DirectJDKLog [http-nio-8080-exec-1] Initializing Spring DispatcherServlet 'dispatcherServlet'
2022-06-07 19:53:18,445 INFO org.springframework.web.servlet.FrameworkServlet [http-nio-8080-exec-1] Initializing Servlet 'dispatcherServlet'
2022-06-07 19:53:18,446 INFO org.springframework.web.servlet.FrameworkServlet [http-nio-8080-exec-1] Completed initialization in 0 ms
2022-06-07 19:53:18,501 INFO com.tfg.myGamesList.controller.ClientController [http-nio-8080-exec-1] start getClients
2022-06-07 19:53:18,705 INFO com.tfg.myGamesList.controller.ClientController [http-nio-8080-exec-1] fin GetClients
2022-06-07 19:54:13,654 INFO com.tfg.myGamesList.controller.ClientController [http-nio-8080-exec-3] start getClients
2022-06-07 19:54:13,660 INFO com.tfg.myGamesList.controller.ClientController [http-nio-8080-exec-3] fin GetClients
2022-06-07 19:55:07,446 INFO com.tfg.myGamesList.controller.ClientController [http-nio-8080-exec-4] start getClients
2022-06-07 19:55:07,452 INFO com.tfg.myGamesList.controller.ClientController [http-nio-8080-exec-4] fin GetClients
2022-06-07 19:55:28,114 INFO com.tfg.myGamesList.controller.ClientController [http-nio-8080-exec-2] start getClients
2022-06-07 19:55:28,121 INFO com.tfg.myGamesList.controller.ClientController [http-nio-8080-exec-2] fin GetClients
2022-06-07 19:57:07,621 INFO com.tfg.myGamesList.controller.ClientController [http-nio-8080-exec-7] start getClients
2022-06-07 19:57:07,628 INFO com.tfg.myGamesList.controller.ClientController [http-nio-8080-exec-7] fin GetClients
2022-06-07 20:02:41,507 INFO com.tfg.myGamesList.controller.ClientController [http-nio-8080-exec-8] start getClients
2022-06-07 20:02:41,512 INFO com.tfg.myGamesList.controller.ClientController [http-nio-8080-exec-8] fin GetClients
2022-06-07 20:04:49,658 INFO com.tfg.myGamesList.controller.ClientController [http-nio-8080-exec-10] start getClients
2022-06-07 20:04:49,663 INFO com.tfg.myGamesList.controller.ClientController [http-nio-8080-exec-10] fin GetClients
2022-06-07 20:05:37,069 INFO com.tfg.myGamesList.controller.ClientController [http-nio-8080-exec-1] start getClients
2022-06-07 20:05:37,075 INFO com.tfg.myGamesList.controller.ClientController [http-nio-8080-exec-1] fin GetClients
2022-06-07 20:10:11,088 INFO com.tfg.myGamesList.controller.ClientController [http-nio-8080-exec-4] start getClients
2022-06-07 20:10:11,093 INFO com.tfg.myGamesList.controller.ClientController [http-nio-8080-exec-4] fin GetClients
2022-06-07 20:10:31,285 INFO com.tfg.myGamesList.controller.ClientController [http-nio-8080-exec-2] start getClients
2022-06-07 20:10:31,291 INFO com.tfg.myGamesList.controller.ClientController [http-nio-8080-exec-2] fin GetClients
2022-06-07 20:10:37,568 INFO com.tfg.myGamesList.controller.ClientController [http-nio-8080-exec-5] start getClients
2022-06-07 20:10:37,572 INFO com.tfg.myGamesList.controller.ClientController [http-nio-8080-exec-5] fin GetClients
2022-06-07 20:10:49,236 INFO com.tfg.myGamesList.controller.ClientController [http-nio-8080-exec-7] start getClients
2022-06-07 20:10:49,241 INFO com.tfg.myGamesList.controller.ClientController [http-nio-8080-exec-7] fin GetClients
2022-06-07 20:11:30,947 INFO com.tfg.myGamesList.controller.ClientController [http-nio-8080-exec-6] start getClients
2022-06-07 20:11:30,952 INFO com.tfg.myGamesList.controller.ClientController [http-nio-8080-exec-6] fin GetClients
2022-06-07 20:16:20,508 INFO com.tfg.myGamesList.controller.ClientController [http-nio-8080-exec-9] start getClients
2022-06-07 20:16:20,513 INFO com.tfg.myGamesList.controller.ClientController [http-nio-8080-exec-9] fin GetClients
2022-06-07 20:18:47,539 INFO com.tfg.myGamesList.controller.ClientController [http-nio-8080-exec-1] start getClients
2022-06-07 20:18:47,545 INFO com.tfg.myGamesList.controller.ClientController [http-nio-8080-exec-1] fin GetClients
2022-06-07 20:20:36,071 INFO com.tfg.myGamesList.controller.ClientController [http-nio-8080-exec-4] start getClients
2022-06-07 20:20:36,078 INFO com.tfg.myGamesList.controller.ClientController [http-nio-8080-exec-4] fin GetClients
2022-06-07 20:20:44,313 INFO com.tfg.myGamesList.controller.ClientController [http-nio-8080-exec-2] start getClients
2022-06-07 20:20:44,318 INFO com.tfg.myGamesList.controller.ClientController [http-nio-8080-exec-2] fin GetClients
2022-06-07 20:30:45,325 INFO com.tfg.myGamesList.controller.ClientController [http-nio-8080-exec-7] start getClients
2022-06-07 20:30:45,330 INFO com.tfg.myGamesList.controller.ClientController [http-nio-8080-exec-7] fin GetClients
2022-06-07 20:33:20,944 INFO com.tfg.myGamesList.controller.ClientController [http-nio-8080-exec-8] start getClients
2022-06-07 20:33:20,951 INFO com.tfg.myGamesList.controller.ClientController [http-nio-8080-exec-8] fin GetClients
2022-06-07 20:38:25,920 INFO com.tfg.myGamesList.controller.ClientController [http-nio-8080-exec-10] start getClients
2022-06-07 20:38:25,926 INFO com.tfg.myGamesList.controller.ClientController [http-nio-8080-exec-10] fin GetClients
2022-06-07 20:46:59,089 INFO com.tfg.myGamesList.controller.ClientController [http-nio-8080-exec-3] start getClients
2022-06-07 20:46:59,095 INFO com.tfg.myGamesList.controller.ClientController [http-nio-8080-exec-3] fin GetClients
2022-06-07 20:47:21,191 INFO com.tfg.myGamesList.controller.ClientController [http-nio-8080-exec-4] start getClients
2022-06-07 20:47:21,198 INFO com.tfg.myGamesList.controller.ClientController [http-nio-8080-exec-4] fin GetClients
2022-06-07 20:47:28,479 INFO com.tfg.myGamesList.controller.ClientController [http-nio-8080-exec-2] start getClients
2022-06-07 20:47:28,483 INFO com.tfg.myGamesList.controller.ClientController [http-nio-8080-exec-2] fin GetClients
2022-06-07 20:47:50,200 INFO com.tfg.myGamesList.controller.ClientController [http-nio-8080-exec-5] start getClients
2022-06-07 20:47:50,205 INFO com.tfg.myGamesList.controller.ClientController [http-nio-8080-exec-5] fin GetClients
2022-06-07 20:48:26,554 INFO com.tfg.myGamesList.controller.ClientController [http-nio-8080-exec-7] start getClients
2022-06-07 20:48:26,561 INFO com.tfg.myGamesList.controller.ClientController [http-nio-8080-exec-7] fin GetClients
2022-06-07 20:48:41,165 INFO com.tfg.myGamesList.controller.ClientController [http-nio-8080-exec-6] start getClients
2022-06-07 20:48:41,168 INFO com.tfg.myGamesList.controller.ClientController [http-nio-8080-exec-6] fin GetClients
2022-06-07 20:49:39,687 INFO com.tfg.myGamesList.controller.ClientController [http-nio-8080-exec-8] start getClients
2022-06-07 20:49:39,691 INFO com.tfg.myGamesList.controller.ClientController [http-nio-8080-exec-8] fin GetClients
